[ 2014-09-03T15:52:54+08:00 ] 127.0.0.1 /1/index.php
INFO: [ app_begin ] --START--
INFO: ReadHtmlCache Behavior ::run [ RunTime:0.001400s ]
INFO: [ app_begin ] --END-- [ RunTime:0.001519s ]
SQL: SHOW COLUMNS FROM `pp_cate` [ RunTime:0.003500s ]
SQL: SELECT * FROM `pp_cate`  [ RunTime:0.001167s ]
SQL: SHOW COLUMNS FROM `pp_blog` [ RunTime:0.003815s ]
SQL: SELECT * FROM `pp_blog` WHERE ( `click` > 100 ) ORDER BY click desc  [ RunTime:0.001621s ]
SQL: SELECT * FROM `pp_blog` WHERE ( `time` > 1409644374 ) ORDER BY time desc  [ RunTime:0.000510s ]
SQL: SHOW COLUMNS FROM `pp_blog` [ RunTime:0.003961s ]
SQL: SELECT * FROM `pp_blog` LIMIT 4   [ RunTime:0.001777s ]
SQL: SHOW COLUMNS FROM `pp_attr` [ RunTime:0.003345s ]
NOTIC: [8] Undefined index:  mapping_order F:\www\1\ThinkPHP\Extend\Model\RelationModel.class.php 第 188 行.
NOTIC: [8] Undefined index:  mapping_limit F:\www\1\ThinkPHP\Extend\Model\RelationModel.class.php 第 189 行.
SQL: SELECT b.* FROM pp_blog_attr AS a, pp_attr AS b WHERE a.aid = b.id AND a. bid='79' [ RunTime:0.001537s ]
SQL: SHOW COLUMNS FROM `pp_cate` [ RunTime:0.003318s ]
SQL: SELECT `name` FROM `pp_cate` WHERE ( 1=1 AND id='7' ) LIMIT 1   [ RunTime:0.001452s ]
NOTIC: [8] Undefined index:  mapping_order F:\www\1\ThinkPHP\Extend\Model\RelationModel.class.php 第 188 行.
NOTIC: [8] Undefined index:  mapping_limit F:\www\1\ThinkPHP\Extend\Model\RelationModel.class.php 第 189 行.
SQL: SELECT b.* FROM pp_blog_attr AS a, pp_attr AS b WHERE a.aid = b.id AND a. bid='80' [ RunTime:0.000381s ]
SQL: SELECT `name` FROM `pp_cate` WHERE ( 1=1 AND id='7' ) LIMIT 1   [ RunTime:0.000257s ]
NOTIC: [8] Undefined index:  mapping_order F:\www\1\ThinkPHP\Extend\Model\RelationModel.class.php 第 188 行.
NOTIC: [8] Undefined index:  mapping_limit F:\www\1\ThinkPHP\Extend\Model\RelationModel.class.php 第 189 行.
SQL: SELECT b.* FROM pp_blog_attr AS a, pp_attr AS b WHERE a.aid = b.id AND a. bid='81' [ RunTime:0.000346s ]
SQL: SELECT `name` FROM `pp_cate` WHERE ( 1=1 AND id='9' ) LIMIT 1   [ RunTime:0.000425s ]
NOTIC: [8] Undefined index:  mapping_order F:\www\1\ThinkPHP\Extend\Model\RelationModel.class.php 第 188 行.
NOTIC: [8] Undefined index:  mapping_limit F:\www\1\ThinkPHP\Extend\Model\RelationModel.class.php 第 189 行.
SQL: SELECT b.* FROM pp_blog_attr AS a, pp_attr AS b WHERE a.aid = b.id AND a. bid='82' [ RunTime:0.000461s ]
SQL: SELECT `name` FROM `pp_cate` WHERE ( 1=1 AND id='9' ) LIMIT 1   [ RunTime:0.000417s ]
INFO: [ view_parse ] --START--
INFO: ParseTemplate Behavior ::run [ RunTime:0.031812s ]
INFO: [ view_parse ] --END-- [ RunTime:0.031931s ]
INFO: [ view_filter ] --START--
INFO: ContentReplace Behavior ::run [ RunTime:0.001106s ]
INFO: TokenBuild Behavior ::run [ RunTime:0.001057s ]
INFO: WriteHtmlCache Behavior ::run [ RunTime:0.000896s ]
INFO: ShowRuntime Behavior ::run [ RunTime:0.001146s ]
INFO: [ view_filter ] --END-- [ RunTime:0.004423s ]
INFO: [ view_end ] --START--
INFO: ShowPageTrace Behavior ::run [ RunTime:0.001330s ]
INFO: [ view_end ] --END-- [ RunTime:0.001412s ]

[ 2014-09-03T15:52:54+08:00 ] 127.0.0.1 /1/index.php
INFO: [ app_begin ] --START--
INFO: ReadHtmlCache Behavior ::run [ RunTime:0.296043s ]
INFO: [ app_begin ] --END-- [ RunTime:0.296235s ]
SQL: SHOW COLUMNS FROM `pp_cate` [ RunTime:0.548355s ]
SQL: SELECT * FROM `pp_cate`  [ RunTime:0.008849s ]
SQL: SHOW COLUMNS FROM `pp_blog` [ RunTime:0.165676s ]
SQL: SELECT * FROM `pp_blog` WHERE ( `click` > 100 ) ORDER BY click desc  [ RunTime:0.255445s ]
SQL: SELECT * FROM `pp_blog` WHERE ( `time` > 1409644373 ) ORDER BY time desc  [ RunTime:0.000737s ]
SQL: SHOW COLUMNS FROM `pp_blog` [ RunTime:0.004053s ]
SQL: SELECT * FROM `pp_blog` LIMIT 4   [ RunTime:0.001996s ]
SQL: SHOW COLUMNS FROM `pp_attr` [ RunTime:0.130716s ]
NOTIC: [8] Undefined index:  mapping_order F:\www\1\ThinkPHP\Extend\Model\RelationModel.class.php 第 188 行.
NOTIC: [8] Undefined index:  mapping_limit F:\www\1\ThinkPHP\Extend\Model\RelationModel.class.php 第 189 行.
SQL: SELECT b.* FROM pp_blog_attr AS a, pp_attr AS b WHERE a.aid = b.id AND a. bid='79' [ RunTime:0.165093s ]
SQL: SHOW COLUMNS FROM `pp_cate` [ RunTime:0.004083s ]
SQL: SELECT `name` FROM `pp_cate` WHERE ( 1=1 AND id='7' ) LIMIT 1   [ RunTime:0.002167s ]
NOTIC: [8] Undefined index:  mapping_order F:\www\1\ThinkPHP\Extend\Model\RelationModel.class.php 第 188 行.
NOTIC: [8] Undefined index:  mapping_limit F:\www\1\ThinkPHP\Extend\Model\RelationModel.class.php 第 189 行.
SQL: SELECT b.* FROM pp_blog_attr AS a, pp_attr AS b WHERE a.aid = b.id AND a. bid='80' [ RunTime:0.000510s ]
SQL: SELECT `name` FROM `pp_cate` WHERE ( 1=1 AND id='7' ) LIMIT 1   [ RunTime:0.000335s ]
NOTIC: [8] Undefined index:  mapping_order F:\www\1\ThinkPHP\Extend\Model\RelationModel.class.php 第 188 行.
NOTIC: [8] Undefined index:  mapping_limit F:\www\1\ThinkPHP\Extend\Model\RelationModel.class.php 第 189 行.
SQL: SELECT b.* FROM pp_blog_attr AS a, pp_attr AS b WHERE a.aid = b.id AND a. bid='81' [ RunTime:0.000483s ]
SQL: SELECT `name` FROM `pp_cate` WHERE ( 1=1 AND id='9' ) LIMIT 1   [ RunTime:0.000420s ]
NOTIC: [8] Undefined index:  mapping_order F:\www\1\ThinkPHP\Extend\Model\RelationModel.class.php 第 188 行.
NOTIC: [8] Undefined index:  mapping_limit F:\www\1\ThinkPHP\Extend\Model\RelationModel.class.php 第 189 行.
SQL: SELECT b.* FROM pp_blog_attr AS a, pp_attr AS b WHERE a.aid = b.id AND a. bid='82' [ RunTime:0.000436s ]
SQL: SELECT `name` FROM `pp_cate` WHERE ( 1=1 AND id='9' ) LIMIT 1   [ RunTime:0.000710s ]
INFO: [ view_parse ] --START--
INFO: ParseTemplate Behavior ::run [ RunTime:0.652737s ]
INFO: [ view_parse ] --END-- [ RunTime:0.652863s ]
INFO: [ view_filter ] --START--
INFO: ContentReplace Behavior ::run [ RunTime:0.031161s ]
INFO: TokenBuild Behavior ::run [ RunTime:0.050920s ]
INFO: WriteHtmlCache Behavior ::run [ RunTime:0.021407s ]
INFO: ShowRuntime Behavior ::run [ RunTime:0.001453s ]
INFO: [ view_filter ] --END-- [ RunTime:0.105251s ]
INFO: [ view_end ] --START--
INFO: ShowPageTrace Behavior ::run [ RunTime:0.001625s ]
INFO: [ view_end ] --END-- [ RunTime:0.001708s ]

[ 2014-09-03T15:53:35+08:00 ] 127.0.0.1 /1/index.php
INFO: [ app_begin ] --START--
INFO: ReadHtmlCache Behavior ::run [ RunTime:0.002293s ]
INFO: [ app_begin ] --END-- [ RunTime:0.002790s ]
SQL: SHOW COLUMNS FROM `pp_cate` [ RunTime:0.005828s ]
SQL: SELECT * FROM `pp_cate`  [ RunTime:0.001835s ]
SQL: SHOW COLUMNS FROM `pp_blog` [ RunTime:0.005708s ]
SQL: SELECT * FROM `pp_blog` WHERE ( `click` > 100 ) ORDER BY click desc  [ RunTime:0.002175s ]
SQL: SELECT * FROM `pp_blog` WHERE ( `time` > 1409644415 ) ORDER BY time desc  [ RunTime:0.000685s ]
SQL: SHOW COLUMNS FROM `pp_blog` [ RunTime:0.005551s ]
SQL: SELECT * FROM `pp_blog` LIMIT 4   [ RunTime:0.004189s ]
SQL: SHOW COLUMNS FROM `pp_attr` [ RunTime:0.008447s ]
NOTIC: [8] Undefined index:  mapping_order F:\www\1\ThinkPHP\Extend\Model\RelationModel.class.php 第 188 行.
NOTIC: [8] Undefined index:  mapping_limit F:\www\1\ThinkPHP\Extend\Model\RelationModel.class.php 第 189 行.
SQL: SELECT b.* FROM pp_blog_attr AS a, pp_attr AS b WHERE a.aid = b.id AND a. bid='79' [ RunTime:0.000713s ]
SQL: SHOW COLUMNS FROM `pp_cate` [ RunTime:0.006828s ]
SQL: SELECT `name` FROM `pp_cate` WHERE ( 1=1 AND id='7' ) LIMIT 1   [ RunTime:0.002033s ]
NOTIC: [8] Undefined index:  mapping_order F:\www\1\ThinkPHP\Extend\Model\RelationModel.class.php 第 188 行.
NOTIC: [8] Undefined index:  mapping_limit F:\www\1\ThinkPHP\Extend\Model\RelationModel.class.php 第 189 行.
SQL: SELECT b.* FROM pp_blog_attr AS a, pp_attr AS b WHERE a.aid = b.id AND a. bid='80' [ RunTime:0.000677s ]
SQL: SELECT `name` FROM `pp_cate` WHERE ( 1=1 AND id='7' ) LIMIT 1   [ RunTime:0.000468s ]
NOTIC: [8] Undefined index:  mapping_order F:\www\1\ThinkPHP\Extend\Model\RelationModel.class.php 第 188 行.
NOTIC: [8] Undefined index:  mapping_limit F:\www\1\ThinkPHP\Extend\Model\RelationModel.class.php 第 189 行.
SQL: SELECT b.* FROM pp_blog_attr AS a, pp_attr AS b WHERE a.aid = b.id AND a. bid='81' [ RunTime:0.000395s ]
SQL: SELECT `name` FROM `pp_cate` WHERE ( 1=1 AND id='9' ) LIMIT 1   [ RunTime:0.000474s ]
NOTIC: [8] Undefined index:  mapping_order F:\www\1\ThinkPHP\Extend\Model\RelationModel.class.php 第 188 行.
NOTIC: [8] Undefined index:  mapping_limit F:\www\1\ThinkPHP\Extend\Model\RelationModel.class.php 第 189 行.
SQL: SELECT b.* FROM pp_blog_attr AS a, pp_attr AS b WHERE a.aid = b.id AND a. bid='82' [ RunTime:0.000467s ]
SQL: SELECT `name` FROM `pp_cate` WHERE ( 1=1 AND id='9' ) LIMIT 1   [ RunTime:0.000321s ]
INFO: [ view_parse ] --START--
INFO: ParseTemplate Behavior ::run [ RunTime:0.034527s ]
INFO: [ view_parse ] --END-- [ RunTime:0.034652s ]
INFO: [ view_filter ] --START--
INFO: ContentReplace Behavior ::run [ RunTime:0.001134s ]
INFO: TokenBuild Behavior ::run [ RunTime:0.001047s ]
INFO: WriteHtmlCache Behavior ::run [ RunTime:0.000891s ]
INFO: ShowRuntime Behavior ::run [ RunTime:0.001144s ]
INFO: [ view_filter ] --END-- [ RunTime:0.004435s ]
INFO: [ view_end ] --START--
INFO: ShowPageTrace Behavior ::run [ RunTime:0.001333s ]
INFO: [ view_end ] --END-- [ RunTime:0.001412s ]

[ 2014-09-03T15:53:41+08:00 ] 127.0.0.1 /1/index.php/Admin/
INFO: [ route_check ] --START--
INFO: CheckRoute Behavior ::run [ RunTime:0.028718s ]
INFO: [ route_check ] --END-- [ RunTime:0.028900s ]
INFO: [ app_begin ] --START--
INFO: ReadHtmlCache Behavior ::run [ RunTime:0.001108s ]
INFO: [ app_begin ] --END-- [ RunTime:0.001255s ]

[ 2014-09-03T15:53:41+08:00 ] 127.0.0.1 /1/index.php/Admin/Login/Index
INFO: [ route_check ] --START--
INFO: CheckRoute Behavior ::run [ RunTime:0.001109s ]
INFO: [ route_check ] --END-- [ RunTime:0.001223s ]
INFO: [ app_begin ] --START--
INFO: ReadHtmlCache Behavior ::run [ RunTime:0.000839s ]
INFO: [ app_begin ] --END-- [ RunTime:0.000938s ]
INFO: [ view_parse ] --START--
INFO: ParseTemplate Behavior ::run [ RunTime:0.039278s ]
INFO: [ view_parse ] --END-- [ RunTime:0.039498s ]
INFO: [ view_filter ] --START--
INFO: ContentReplace Behavior ::run [ RunTime:0.001169s ]
INFO: TokenBuild Behavior ::run [ RunTime:0.001179s ]
INFO: WriteHtmlCache Behavior ::run [ RunTime:0.000865s ]
INFO: ShowRuntime Behavior ::run [ RunTime:0.001619s ]
INFO: [ view_filter ] --END-- [ RunTime:0.005331s ]
INFO: [ view_end ] --START--
INFO: ShowPageTrace Behavior ::run [ RunTime:0.002298s ]
INFO: [ view_end ] --END-- [ RunTime:0.002532s ]

[ 2014-09-03T15:53:41+08:00 ] 127.0.0.1 /1/index.php/Admin/Login/verify
INFO: [ route_check ] --START--
INFO: CheckRoute Behavior ::run [ RunTime:0.001585s ]
INFO: [ route_check ] --END-- [ RunTime:0.001746s ]
INFO: [ app_begin ] --START--
INFO: ReadHtmlCache Behavior ::run [ RunTime:0.001044s ]
INFO: [ app_begin ] --END-- [ RunTime:0.001180s ]
NOTIC: [8] ob_end_clean() [<a href='ref.outcontrol'>ref.outcontrol</a>]: failed to delete buffer. No buffer to delete. F:\www\1\Blog\Applications\Admin\action\LoginAction.class.php 第 18 行.
NOTIC: [8] Undefined index:  admin F:\www\1\ThinkPHP\Common\functions.php 第 617 行.

[ 2014-09-03T15:54:18+08:00 ] 127.0.0.1 /1/index.php/Admin/Login/checkAccount
INFO: [ route_check ] --START--
INFO: CheckRoute Behavior ::run [ RunTime:0.003444s ]
INFO: [ route_check ] --END-- [ RunTime:0.003647s ]
INFO: [ app_begin ] --START--
INFO: ReadHtmlCache Behavior ::run [ RunTime:0.001458s ]
INFO: [ app_begin ] --END-- [ RunTime:0.001611s ]
SQL: SHOW COLUMNS FROM `pp_user` [ RunTime:0.038408s ]
SQL: SELECT * FROM `pp_user`  [ RunTime:0.005820s ]

[ 2014-09-03T15:54:21+08:00 ] 127.0.0.1 /1/index.php/Admin/Login/checkAccount
INFO: [ route_check ] --START--
INFO: CheckRoute Behavior ::run [ RunTime:0.001352s ]
INFO: [ route_check ] --END-- [ RunTime:0.001486s ]
INFO: [ app_begin ] --START--
INFO: ReadHtmlCache Behavior ::run [ RunTime:0.000946s ]
INFO: [ app_begin ] --END-- [ RunTime:0.001041s ]
SQL: SHOW COLUMNS FROM `pp_user` [ RunTime:0.003465s ]
SQL: SELECT * FROM `pp_user`  [ RunTime:0.001192s ]

[ 2014-09-03T15:54:21+08:00 ] 127.0.0.1 /1/index.php/Admin/Login/checkpassword
INFO: [ route_check ] --START--
INFO: CheckRoute Behavior ::run [ RunTime:0.001308s ]
INFO: [ route_check ] --END-- [ RunTime:0.001429s ]
INFO: [ app_begin ] --START--
INFO: ReadHtmlCache Behavior ::run [ RunTime:0.002046s ]
INFO: [ app_begin ] --END-- [ RunTime:0.002171s ]
SQL: SHOW COLUMNS FROM `pp_user` [ RunTime:0.003796s ]
SQL: SELECT `password` FROM `pp_user` LIMIT 1   [ RunTime:0.001576s ]

[ 2014-09-03T15:54:21+08:00 ] 127.0.0.1 /1/index.php/Admin/Login/checkcode
INFO: [ route_check ] --START--
INFO: CheckRoute Behavior ::run [ RunTime:0.001664s ]
INFO: [ route_check ] --END-- [ RunTime:0.001783s ]
INFO: [ app_begin ] --START--
INFO: ReadHtmlCache Behavior ::run [ RunTime:0.001286s ]
INFO: [ app_begin ] --END-- [ RunTime:0.001368s ]

[ 2014-09-03T15:54:23+08:00 ] 127.0.0.1 /1/index.php/Admin/Login/login
INFO: [ route_check ] --START--
INFO: CheckRoute Behavior ::run [ RunTime:0.001135s ]
INFO: [ route_check ] --END-- [ RunTime:0.001252s ]
INFO: [ app_begin ] --START--
INFO: ReadHtmlCache Behavior ::run [ RunTime:0.000784s ]
INFO: [ app_begin ] --END-- [ RunTime:0.000910s ]
SQL: SHOW COLUMNS FROM `pp_user` [ RunTime:0.003617s ]
SQL: SELECT * FROM `pp_user` WHERE ( `username` = 'admin' ) LIMIT 1   [ RunTime:0.001286s ]
SQL: UPDATE `pp_user` SET `logintime`=1409730863,`loginip`='127.0.0.1' WHERE ( `id` = 1 ) [ RunTime:0.036851s ]
INFO: [ view_parse ] --START--
INFO: ParseTemplate Behavior ::run [ RunTime:0.029100s ]
INFO: [ view_parse ] --END-- [ RunTime:0.029317s ]
INFO: [ view_filter ] --START--
INFO: ContentReplace Behavior ::run [ RunTime:0.000740s ]
INFO: TokenBuild Behavior ::run [ RunTime:0.000740s ]
INFO: WriteHtmlCache Behavior ::run [ RunTime:0.000560s ]
INFO: ShowRuntime Behavior ::run [ RunTime:0.000903s ]
INFO: [ view_filter ] --END-- [ RunTime:0.003267s ]
INFO: [ view_end ] --START--
INFO: ShowPageTrace Behavior ::run [ RunTime:0.001203s ]
INFO: [ view_end ] --END-- [ RunTime:0.001387s ]

[ 2014-09-03T15:54:24+08:00 ] 127.0.0.1 /1/index.php/Admin/Index/index
INFO: [ route_check ] --START--
INFO: CheckRoute Behavior ::run [ RunTime:0.001572s ]
INFO: [ route_check ] --END-- [ RunTime:0.001720s ]
INFO: [ app_begin ] --START--
INFO: ReadHtmlCache Behavior ::run [ RunTime:0.001012s ]
INFO: [ app_begin ] --END-- [ RunTime:0.001129s ]
INFO: [ view_parse ] --START--
INFO: ParseTemplate Behavior ::run [ RunTime:0.037748s ]
INFO: [ view_parse ] --END-- [ RunTime:0.037916s ]
INFO: [ view_filter ] --START--
INFO: ContentReplace Behavior ::run [ RunTime:0.000666s ]
INFO: TokenBuild Behavior ::run [ RunTime:0.000671s ]
INFO: WriteHtmlCache Behavior ::run [ RunTime:0.000465s ]
INFO: ShowRuntime Behavior ::run [ RunTime:0.000813s ]
INFO: [ view_filter ] --END-- [ RunTime:0.002917s ]
NOTIC: [2] Cannot modify header information - headers already sent by (output started at F:\www\1\Blog\Applications\Admin\action\IndexAction.class.php:37) F:\www\1\ThinkPHP\Lib\Core\View.class.php 第 95 行.
NOTIC: [2] Cannot modify header information - headers already sent by (output started at F:\www\1\Blog\Applications\Admin\action\IndexAction.class.php:37) F:\www\1\ThinkPHP\Lib\Core\View.class.php 第 96 行.
NOTIC: [2] Cannot modify header information - headers already sent by (output started at F:\www\1\Blog\Applications\Admin\action\IndexAction.class.php:37) F:\www\1\ThinkPHP\Lib\Core\View.class.php 第 97 行.
INFO: [ view_end ] --START--
INFO: ShowPageTrace Behavior ::run [ RunTime:0.001098s ]
INFO: [ view_end ] --END-- [ RunTime:0.001198s ]

[ 2014-09-03T15:54:24+08:00 ] 127.0.0.1 /1/index.php/Admin/Index/copy
INFO: [ route_check ] --START--
INFO: CheckRoute Behavior ::run [ RunTime:0.001159s ]
INFO: [ route_check ] --END-- [ RunTime:0.001278s ]
INFO: [ app_begin ] --START--
INFO: ReadHtmlCache Behavior ::run [ RunTime:0.000718s ]
INFO: [ app_begin ] --END-- [ RunTime:0.000809s ]
NOTIC: [8] Undefined index:  Admin F:\www\1\Blog\Applications\Admin\action\IndexAction.class.php 第 15 行.

[ 2014-09-03T15:54:28+08:00 ] 127.0.0.1 /1/index.php/Admin/Blog/index
INFO: [ route_check ] --START--
INFO: CheckRoute Behavior ::run [ RunTime:0.001526s ]
INFO: [ route_check ] --END-- [ RunTime:0.001657s ]
INFO: [ app_begin ] --START--
INFO: ReadHtmlCache Behavior ::run [ RunTime:0.000963s ]
INFO: [ app_begin ] --END-- [ RunTime:0.001063s ]
SQL: SHOW COLUMNS FROM `pp_blog` [ RunTime:0.004257s ]
SQL: SELECT * FROM `pp_blog` WHERE ( `del` = 0 )  [ RunTime:0.002311s ]
SQL: SHOW COLUMNS FROM `pp_attr` [ RunTime:0.003849s ]
NOTIC: [8] Undefined index:  mapping_order F:\www\1\ThinkPHP\Extend\Model\RelationModel.class.php 第 188 行.
NOTIC: [8] Undefined index:  mapping_limit F:\www\1\ThinkPHP\Extend\Model\RelationModel.class.php 第 189 行.
SQL: SELECT b.* FROM pp_blog_attr AS a, pp_attr AS b WHERE a.aid = b.id AND a. bid='79' [ RunTime:0.002011s ]
SQL: SHOW COLUMNS FROM `pp_cate` [ RunTime:0.003640s ]
SQL: SELECT `name` FROM `pp_cate` WHERE ( 1=1 AND id='7' ) LIMIT 1   [ RunTime:0.000580s ]
NOTIC: [8] Undefined index:  mapping_order F:\www\1\ThinkPHP\Extend\Model\RelationModel.class.php 第 188 行.
NOTIC: [8] Undefined index:  mapping_limit F:\www\1\ThinkPHP\Extend\Model\RelationModel.class.php 第 189 行.
SQL: SELECT b.* FROM pp_blog_attr AS a, pp_attr AS b WHERE a.aid = b.id AND a. bid='80' [ RunTime:0.000436s ]
SQL: SELECT `name` FROM `pp_cate` WHERE ( 1=1 AND id='7' ) LIMIT 1   [ RunTime:0.000397s ]
NOTIC: [8] Undefined index:  mapping_order F:\www\1\ThinkPHP\Extend\Model\RelationModel.class.php 第 188 行.
NOTIC: [8] Undefined index:  mapping_limit F:\www\1\ThinkPHP\Extend\Model\RelationModel.class.php 第 189 行.
SQL: SELECT b.* FROM pp_blog_attr AS a, pp_attr AS b WHERE a.aid = b.id AND a. bid='81' [ RunTime:0.000475s ]
SQL: SELECT `name` FROM `pp_cate` WHERE ( 1=1 AND id='9' ) LIMIT 1   [ RunTime:0.000332s ]
NOTIC: [8] Undefined index:  mapping_order F:\www\1\ThinkPHP\Extend\Model\RelationModel.class.php 第 188 行.
NOTIC: [8] Undefined index:  mapping_limit F:\www\1\ThinkPHP\Extend\Model\RelationModel.class.php 第 189 行.
SQL: SELECT b.* FROM pp_blog_attr AS a, pp_attr AS b WHERE a.aid = b.id AND a. bid='82' [ RunTime:0.000369s ]
SQL: SELECT `name` FROM `pp_cate` WHERE ( 1=1 AND id='9' ) LIMIT 1   [ RunTime:0.000351s ]
NOTIC: [8] Undefined index:  mapping_order F:\www\1\ThinkPHP\Extend\Model\RelationModel.class.php 第 188 行.
NOTIC: [8] Undefined index:  mapping_limit F:\www\1\ThinkPHP\Extend\Model\RelationModel.class.php 第 189 行.
SQL: SELECT b.* FROM pp_blog_attr AS a, pp_attr AS b WHERE a.aid = b.id AND a. bid='83' [ RunTime:0.000383s ]
SQL: SELECT `name` FROM `pp_cate` WHERE ( 1=1 AND id='0' ) LIMIT 1   [ RunTime:0.000335s ]
NOTIC: [8] Undefined index:  mapping_order F:\www\1\ThinkPHP\Extend\Model\RelationModel.class.php 第 188 行.
NOTIC: [8] Undefined index:  mapping_limit F:\www\1\ThinkPHP\Extend\Model\RelationModel.class.php 第 189 行.
SQL: SELECT b.* FROM pp_blog_attr AS a, pp_attr AS b WHERE a.aid = b.id AND a. bid='84' [ RunTime:0.000420s ]
SQL: SELECT `name` FROM `pp_cate` WHERE ( 1=1 AND id='7' ) LIMIT 1   [ RunTime:0.000345s ]
NOTIC: [8] Undefined index:  mapping_order F:\www\1\ThinkPHP\Extend\Model\RelationModel.class.php 第 188 行.
NOTIC: [8] Undefined index:  mapping_limit F:\www\1\ThinkPHP\Extend\Model\RelationModel.class.php 第 189 行.
SQL: SELECT b.* FROM pp_blog_attr AS a, pp_attr AS b WHERE a.aid = b.id AND a. bid='85' [ RunTime:0.000381s ]
SQL: SELECT `name` FROM `pp_cate` WHERE ( 1=1 AND id='9' ) LIMIT 1   [ RunTime:0.000324s ]
NOTIC: [8] Undefined index:  mapping_order F:\www\1\ThinkPHP\Extend\Model\RelationModel.class.php 第 188 行.
NOTIC: [8] Undefined index:  mapping_limit F:\www\1\ThinkPHP\Extend\Model\RelationModel.class.php 第 189 行.
SQL: SELECT b.* FROM pp_blog_attr AS a, pp_attr AS b WHERE a.aid = b.id AND a. bid='86' [ RunTime:0.000370s ]
SQL: SELECT `name` FROM `pp_cate` WHERE ( 1=1 AND id='9' ) LIMIT 1   [ RunTime:0.000325s ]
INFO: [ view_parse ] --START--
INFO: ParseTemplate Behavior ::run [ RunTime:0.028123s ]
INFO: [ view_parse ] --END-- [ RunTime:0.028252s ]
INFO: [ view_filter ] --START--
INFO: ContentReplace Behavior ::run [ RunTime:0.000593s ]
INFO: TokenBuild Behavior ::run [ RunTime:0.000548s ]
INFO: WriteHtmlCache Behavior ::run [ RunTime:0.000424s ]
INFO: ShowRuntime Behavior ::run [ RunTime:0.000676s ]
INFO: [ view_filter ] --END-- [ RunTime:0.002499s ]
INFO: [ view_end ] --START--
INFO: ShowPageTrace Behavior ::run [ RunTime:0.001084s ]
INFO: [ view_end ] --END-- [ RunTime:0.001175s ]

[ 2014-09-03T15:54:38+08:00 ] 127.0.0.1 /1/index.php/Admin/Blog/update/id/79
INFO: [ route_check ] --START--
INFO: CheckRoute Behavior ::run [ RunTime:0.001657s ]
INFO: [ route_check ] --END-- [ RunTime:0.001804s ]
INFO: [ app_begin ] --START--
INFO: ReadHtmlCache Behavior ::run [ RunTime:0.000991s ]
INFO: [ app_begin ] --END-- [ RunTime:0.001108s ]
SQL: SHOW COLUMNS FROM `pp_cate` [ RunTime:0.005215s ]
SQL: SELECT * FROM `pp_cate` ORDER BY sort  [ RunTime:0.001868s ]
SQL: SHOW COLUMNS FROM `pp_attr` [ RunTime:0.003616s ]
SQL: SELECT * FROM `pp_attr`  [ RunTime:0.001723s ]
SQL: SHOW COLUMNS FROM `pp_blog` [ RunTime:0.003833s ]
SQL: SELECT * FROM `pp_blog` WHERE ( `id` = 79 ) LIMIT 1   [ RunTime:0.001475s ]
SQL: SHOW COLUMNS FROM `pp_attr` [ RunTime:0.004325s ]
NOTIC: [8] Undefined index:  mapping_order F:\www\1\ThinkPHP\Extend\Model\RelationModel.class.php 第 188 行.
NOTIC: [8] Undefined index:  mapping_limit F:\www\1\ThinkPHP\Extend\Model\RelationModel.class.php 第 189 行.
SQL: SELECT b.* FROM pp_blog_attr AS a, pp_attr AS b WHERE a.aid = b.id AND a. bid='79' [ RunTime:0.001506s ]
SQL: SHOW COLUMNS FROM `pp_cate` [ RunTime:0.003460s ]
SQL: SELECT `name` FROM `pp_cate` WHERE ( 1=1 AND id='7' ) LIMIT 1   [ RunTime:0.001251s ]
INFO: [ view_parse ] --START--
INFO: ParseTemplate Behavior ::run [ RunTime:0.033155s ]
INFO: [ view_parse ] --END-- [ RunTime:0.033335s ]
INFO: [ view_filter ] --START--
INFO: ContentReplace Behavior ::run [ RunTime:0.000621s ]
INFO: TokenBuild Behavior ::run [ RunTime:0.000563s ]
INFO: WriteHtmlCache Behavior ::run [ RunTime:0.000349s ]
INFO: ShowRuntime Behavior ::run [ RunTime:0.000741s ]
INFO: [ view_filter ] --END-- [ RunTime:0.002491s ]
INFO: [ view_end ] --START--
INFO: ShowPageTrace Behavior ::run [ RunTime:0.001145s ]
INFO: [ view_end ] --END-- [ RunTime:0.001257s ]

[ 2014-09-03T15:55:01+08:00 ] 127.0.0.1 /1/index.php/Admin/Blog/updateHandel
INFO: [ route_check ] --START--
INFO: CheckRoute Behavior ::run [ RunTime:0.002666s ]
INFO: [ route_check ] --END-- [ RunTime:0.002789s ]
INFO: [ app_begin ] --START--
INFO: ReadHtmlCache Behavior ::run [ RunTime:0.001407s ]
INFO: [ app_begin ] --END-- [ RunTime:0.001557s ]
SQL: SHOW COLUMNS FROM `pp_blog` [ RunTime:0.003895s ]
SQL: UPDATE `pp_blog` SET `title`='程序员生存定律-打造属于自己的稀缺性',`content`='&lt;p&gt;						&lt;/p&gt;&lt;p&gt;假设说你想在江湖里谋求一定的地位，那么你可以练习独孤九剑成为超一流高手，也可以练习医术，成为绝世神医。这两者在江湖里都是有地位的，也都是稀缺的，一者是因为杀伤力，二者是因为人都有山高水长。&lt;/p&gt;&lt;p&gt;　　程序员也一样，增值也好，改善表达力也好，最终都要在某种环境下达成一定的稀缺性，这样一个人才有价值。稀缺性同时受两个维度上的力量影响：一个是自身的努力，比如前文所提到的增值和表达力；一个是大环境的变化以及对这种变化的适应。在这一章里主要关注的是后者。&lt;/p&gt;&lt;p&gt;&lt;strong&gt;　　稀缺性可带给你什么&lt;/strong&gt;&lt;/p&gt;&lt;p&gt;　　既然稀缺性对个人有如此大的影响，那稀缺性到底可以带给一个人什么样的影响，我们来看一个简单的例子：&lt;/p&gt;&lt;p&gt;　　在日本曾经有这样一个故事。一个人在某电信公司负责一个大型系统的维护，收入虽然不菲，但时间一长，这个人就对薪资发展不太满意，因此最终选择\r\n了离开。结果他一离开，这大型系统立时跑的磕磕绊绊，无奈之下，这家电信公司只得以高职厚薪把这个人请了回来。可以想见为了达到这一目的，这家电信公司，\r\n无论在收入还是职位上必然都开出了让这个人无法拒绝的条件。&lt;/p&gt;&lt;p&gt;　　这是稀缺性起作用的一个典型例子。大型系统因为关联到庞大的用户群体而必须要用，同时这一系统的维护没有这个人又不行，这就使这个人的稀缺性变得非常突出。&lt;/p&gt;&lt;p&gt;　　这事其实很有意思，因为在这里事实上是不好的软件成就了一个人的价值和稀缺性。这虽然不是很好，但其实这类情形并不罕见。从市场的角度来看，它\r\n并不关注一个程序的内部逻辑是否清晰，是否有足够的注释，它只关注这东西能不能运作好。所以使用中的垃圾代码一样有巨大的价值，也就是说商业上的考量对稀\r\n缺性的影响更大。&lt;/p&gt;&lt;p&gt;　　为防止上述文字被曲解，这里补充一点说明。上述道路并非是一条非常值得模仿的道路。因为对上述那个人而言，事实上他的价值绑定于特定的一套系统，这会导致可流动性几乎没有，这就会限制住一个人的成就，并使未来存在很大风险。&lt;/p&gt;&lt;p&gt;&lt;strong&gt;　　改善稀缺性的途径&lt;/strong&gt;&lt;/p&gt;&lt;p&gt;　　为了改善自己的稀缺性，通常需要同时做两个方面的工作：一是提升自己；一是顺应时势。提升自己可以让自己稀缺这点很好理解，但如果没有顺应时势\r\n相配合，就很容易让这种稀缺性无法很好的实现。在 2013 年精通 DOS \r\n编程的人无疑是稀缺的，可这不一定能产生价值。下面我们将从上述两个方面对稀缺性做一点说明。&lt;/p&gt;&lt;p&gt;&lt;strong&gt;　　1、奔向程序世界里的价值高地&lt;/strong&gt;&lt;/p&gt;&lt;p&gt;　　投资大师巴菲特先生说过一句流传很广的话：有的企业有高耸的护城河，河里头还有凶猛的鳄鱼、海盗与鲨鱼守护着，这才是你应该投资的企业。这句话非常传神的描述了价值高地的外在形象。&lt;/p&gt;&lt;p&gt;　　对于企业而言，护城河可以是很多东西：高难的技术（波音飞机）、难以攻破的用户粘度（QQ）、独占的资源（中石油）、独特的企业文化（苹果）等等。&lt;/p&gt;&lt;p&gt;　　护城河使企业拥有一种无可取代的价值，从供给上看这就是营造企业自身价值的稀缺性：缺了它不行，你又没有更多选择。这就是价值高地，当企业在这上面时，他相对安全。也正因此，大公司最终都会试图主导一种秩序与生态系统，只有如此大公司才能掌控稀缺性。&lt;/p&gt;&lt;p&gt;　　这道理同样适用于个人。稀缺本身可以有很多来源，可以来源于时机，也可以来源于高度。来源于时机的稀缺性更像一种偶然，很容易被打破，往往并不\r\n具备长久的价值，相对于人的一生而言，这并非是一种有力支撑。比如：Erlang \r\n可能比较稀少，但单纯的语言壁垒并没有想的那么高，如果真的有巨大需求，这个世界上可以在一个月间多出几百万 Erlang 程序员。&lt;/p&gt;&lt;p&gt;　　当一个人经营自己的稀缺性时，确实要找到一个有鳄鱼、海盗和鲨鱼守护的地方，这才是价值高地。当然鳄鱼之类很难是你放的，这与企业不同。在这点上管理方向上和技术方向上的程序员所面临的选择和所需要采取的措施不同。&lt;/p&gt;&lt;p&gt;&lt;strong&gt;　　对于技术方向上的程序员而言，走向上述这类价值高地本身可以有两种方法：&lt;/strong&gt;&lt;/p&gt;&lt;p&gt;&lt;strong&gt;　　一是达到一定高度横向展开。&lt;/strong&gt;比如：编程语言，（金融）业务逻辑，外语，网络知识等组合在一起就可以成为一个高地，这里面编程语言上一个人可能不如天才程序员，业务逻辑上可能不如银行员工，外语可能不如专职翻译，但每多一重过滤，就会导致高地的海拔拔高一分，最终转换为稀缺性。&lt;/p&gt;&lt;p&gt;&lt;strong&gt;　　一是彻底的专家型道路。&lt;/strong&gt;有的岗位可能不需要把面扩的很宽，比如做 TTS，OCR \r\n的算法，有些人甚至编程语言都可能不是了解的很熟，但确实可以是某一方面的专家。这同样是一种价值高地。在这个方向上，一旦真的达到一定高度，那就不是单\r\n纯的累积数量可以超越的。比如：认为 100 个或多少个平庸的科学家等价于一个爱因斯坦无疑的是愚蠢的。&lt;/p&gt;&lt;p&gt;　　不管是那种方向，最终都要达成这样一种效果：你可以完整的搞定一件很有商业价值的事情，而这件事情大多数人搞不定。比如说：&lt;/p&gt;&lt;ul class=\\&quot;\\\\&amp;quot; list-paddingleft-2\\&quot;&gt;&lt;li&gt;&lt;p&gt;我可以主导开发一款手机，因为我即懂软件又懂硬件，也还知道如果开发一款良好的产品。现在来看，如果真牛，可以去搞定锤子的问题。&lt;/p&gt;&lt;/li&gt;&lt;li&gt;&lt;p&gt;我可以把 OCR 的识别率提高1%。&lt;/p&gt;&lt;/li&gt;&lt;li&gt;&lt;p&gt;我可以主导架起百万级并发的网站。&lt;/p&gt;&lt;/li&gt;&lt;li&gt;&lt;p&gt;我可以带领队伍搞定这个银行的整个系统。&lt;/p&gt;&lt;/li&gt;&lt;li&gt;&lt;p&gt;... ...&lt;/p&gt;&lt;/li&gt;&lt;/ul&gt;&lt;p&gt;　　这个时候最好不要用单纯的技术观点来衡量自己，比如我擅长 Java，我会用 PHP，我知道 TCP/IP 协议等等。不是说这没有价值，而是说这种视角有点低端。只有能完整搞定一件事情才会与商业利益直接挂钩，才可能有真正的稀缺性。&lt;/p&gt;&lt;p&gt;&lt;strong&gt;　　对于管理方向上的程序员，走向上述这类价值高地似乎只有一种途径：&lt;/strong&gt;&lt;/p&gt;&lt;p&gt;　　要努力做出让人记得住的成绩，这个成绩可以是一个产品，也可以是某种业绩。今时今日，提到微信相信大家都会想到张小龙。这是因为微信本身在不到两年的时间里吸引了 2 亿用户，并且口碑很好，实在是个奇迹。&lt;/p&gt;&lt;p&gt;　　关于价值高地，有一个典型的陷阱：不含复杂度的，特属于某个公司的经验，往往让人误以为是价值高地，但其实不是，因为只要环境相对的公开，这类\r\n东西往往可以在短时间内被攻破。比如：一个公司可能定义了自己的流程，其中很多东西较为模糊，新人一做就处处碰壁。这很容易让然误解为掌握流程本身有较高\r\n的价值，但其实这是由于流程不完善所造成的，是特定场景下的一种偶然。这确实导致稀缺性，但基本不具备可流动性，大多时候未必是好的选择。&lt;/p&gt;&lt;p&gt;&lt;strong&gt;　　需求开发算价值高地么？&lt;/strong&gt;&lt;/p&gt;&lt;p&gt;　　在偏敏捷的组织里程序员往往离需求很近，但在比较传统的开发方法中，做需求的和程序员往往是有段距离的。做需求开发的可能不太会写程序，写程序的不太会写需求。&lt;/p&gt;&lt;p&gt;　　那需求开发算价值高地么？&lt;/p&gt;&lt;p&gt;　　很多纯粹的程序员可能觉得单纯的文档工作没什么技术含量，似乎谁都能写，因此可能认为这算不上什么价值高地。但从商业价值来看，当一个人摸透某个行业的业务（懂技术更好），那么这还真是价值高地。&lt;/p&gt;&lt;p&gt;　　这可以来做个类比，天猫只做平台，各个商家卖东西，那么天猫有价值么？当然有价值，天猫 11/11 的销售额 100 多亿比美国的黑色星期五还高，怎么可能没有价值。&lt;/p&gt;&lt;p&gt;　　那为什么天猫有价值？因为终端客户的眼里是先有天猫，再有各个商家，天猫垄断了入口，所以天猫更有价值。&lt;/p&gt;&lt;p&gt;　　需求与开发的关系与此类似。当一个人做某个产品的需求时，在外人的眼里，这个人做的需求才表征着这个产品，透过产品才能看到程序员的贡献。外部人员思考的思路是先需求开发人员再程序员。&lt;/p&gt;&lt;p&gt;　　其中比较极端的一种实践是需求开发人员主导整个项目，所有其他人员在需求开发人员的领导下工作。&lt;/p&gt;&lt;p&gt;　　这个时候钻牛角尖是没意义的，比如：有的人可能认为没程序员那有产品，这就和争论没店家那来天猫一样，毫无意义。在现实中当然两者都有存在价值，这里讨论的只是说这是否算是一块价值高地。&lt;/p&gt;&lt;p&gt;&lt;strong&gt;　　2、走在技术大潮的前面或里面&lt;/strong&gt;&lt;/p&gt;&lt;p&gt;　　IT 世界里，城头变幻大王旗来的特别的快，而每一次变幻时事实上都将导致某种技术的兴起或者某种技术的衰落。&lt;/p&gt;&lt;p&gt;　　当年 WPS97 的开发时间非常长，对此百度百科上对此的描述是：Windows \r\n有很多新东西，我们还没有熟悉过来，微软又升级了。很多技术资料，也很难找到。微软掌握着 Windows，而我们什么都要靠自己从头做起，这导致了 \r\nWPS97 难产。如果 WPS97 能在 1995 年推出，直接和 Word6．0 竞争，Word6．0 肯定没戏。&lt;/p&gt;&lt;p&gt;　　这很生动的记述了一门新技术兴起时所造成的稀缺性，从侧面也可看出来，在 95 年的时候企业对高端 Windows \r\n开发人员是何等的渴望。这种稀缺性是行业周期背后的技术更迭所造成的。而在今天，借助搜索引擎，初入行的程序员也可以解决大部分 Windows \r\n编程的问题。&lt;/p&gt;&lt;p&gt;　　面对这种技术潮流，比较合适的办法是基于现实勇敢拥抱新技术。&lt;/p&gt;&lt;p&gt;　　基于现实是指考虑技能的可流动性，考虑实践和学习的不可以分离特质，选择自己认为前景好的新技术，并投入时间。但这里面有个陷阱，一提到新技术\r\n很多人可能会联想到新编程语言，但编程语言太基础了，壁垒太低，并不是一个足够大的考量区域。视角如果限在这个尺度上，看到的东西就会太多，而不容易聚\r\n焦，这时候需要把自己考量的单位适当放大一点，英文中常用 Tech Stack 这个词来描述这一组技术。&lt;/p&gt;&lt;p&gt;　　比如说：LAMP (Linux+Apache+MySQL+Perl/PHP/Python)可以是一种考量单位，Windows 编程 +ASP.NET 也可以是一种考量单位，大数据处理相关种种也可以是一种考量单位。&lt;/p&gt;&lt;p&gt;　　如果回望十年，我们就会发现，先有 PC \r\n客户端程序的鼎盛，接下来是互联网的兴起，再接下来则是移动客户端的兴旺。以当下而论，无疑的移动客户端和互联网要比传统的 PC \r\n客户端来的更有吸引力。而在云的时代里，壁垒比较分明的两套 Tech Stack \r\n则是基于闭源的一系列技术（主要是由微软提供）和基于开源的一系列技术。在这里面如果那个 Tech Stack \r\n的技术逐渐取得优势，那么无疑的在相应的 Tech Stack 中有积累的人会有比较好的稀缺性。&lt;/p&gt;&lt;p&gt;　　虽然眼下看来，两者似乎没有明显差别，但在这点上，我个人认为未来开源 Tech Stack 会逐渐取得优势。在 Quora \r\n(quora.com)和 High Scalability \r\n(highscalability.com)上，我们可以查找到国外大部分新兴的、市值超过 10 亿美元 Web2.0 \r\n网站的技术架构，如：Flickr，Pinterest，Instagram \r\n等。如果用心来读这些技术架构，就会发现他们一个根本的共同点：他们都是基于开源技术构建的。&lt;/p&gt;&lt;p&gt;　　这种不约而同的选择背后有一定的必然性。当希望一定的定制性并且不愿意支付高额成本时开源 Tech Stack 几乎是一种唯一的选择，尤其是当开源的技术有越来越多成功实例的时候，这种优势就越来越明显。&lt;/p&gt;&lt;p&gt;　　如果非要在客户端（iOS，Android，WinRT)和互联网中选择，我个人认为互联网比客户端更有优势。ijk&lt;/p&gt;&lt;p&gt;&lt;strong&gt;　　技术落潮所伴随的风险&lt;/strong&gt;&lt;/p&gt;&lt;p&gt;　　很多人会讲微软在 2002 到 2012 这 10 年里几乎无所作为，也会谈论从股票上来看如果 10 \r\n年前买入的是微软股票那么现在只能赚 30~40%，而如果是买的苹果股票那就要赚 3 \r\n倍多。我个人偶尔思维发散，想到的却不只是这个，而是如果微软再失去 10 \r\n年，那挂掉的不只是微软，还有同微软绑在一起的各种公司和个人，包括很多资深的 Windows 程序员。&lt;/p&gt;&lt;p&gt;　　在 PC 的世界里微软是无疑的霸主，但如果 PC 的时代过去了，那么这个霸主如果无法转型成功，那么无疑也要随之殉葬。而那个时候无数在微软平台上花了半生心血的人却还都在，他们又该何去何从？&lt;/p&gt;&lt;p&gt;　　技术大潮的兴起会使潮头的很多人称为耀眼的明星，而某波潮水的退去，同样会带走与之相伴的一些人的光环。所不同的是前者轰轰烈烈，而后者寂寂无声。&lt;/p&gt;&lt;p&gt;　　在这种情境下，还真就只能与时俱进。&lt;/p&gt;&lt;p&gt;&lt;strong&gt;　　检查自己的稀缺性&lt;/strong&gt;&lt;/p&gt;&lt;p&gt;　　从社会需要的角度检查自己的稀缺性非常困难，因为相关的各种数据总是非常缺乏。但有个简单的方法可以很快的让一个人认清自己的稀缺性：假设一个\r\n毕业生很努力的学，那么多久他可以取代你的工作？比如一个毕业生只要努力，那么可以在一两年取代你，而你的年纪已经接近 30 \r\n岁，那么稀缺性必然非常不好。&lt;/p&gt;&lt;p&gt;　　而与这个相反，如果一个毕业生即使很努力，也要五年才有你的技术水平，同时如果没有特定的机缘，怎么也无法取代你，那么即使你已经 30 岁，你的稀缺性也会非常好。这里的机缘可以是指某些特别的实践机会。&lt;/p&gt;&lt;p&gt;　　如果想比较系统的评估自己的稀缺性，那么需要依次考虑如下问题：&lt;/p&gt;&lt;p&gt;　　&lt;strong&gt;自己所掌握的技术是即将过时的技术么？&lt;/strong&gt;&lt;/p&gt;&lt;p&gt;　　技术大潮总是会定时的淘汰各种技术，不同的时间点淘汰的对象也不太相同。有的虽然不是完全淘汰，但至少他们不再像当年那么辉煌了，如果以 2013 为界限而回看 10 年，那这样的技术有：Flash，MFC，Delphi 等。&lt;/p&gt;&lt;p&gt;　　为保持对技术动向的敏感度，定期阅读别人的架构非常关键。&lt;/p&gt;&lt;p&gt;　　当然可能过时的技术不单指通用的技术，还指老旧的可能会为新解决方案所替代的系统。比如说：曾经很多公司使用 Lotus Notes 来做知识管理的，但很少人使用这样的系统了。&lt;/p&gt;&lt;p&gt;　　&lt;strong&gt;自己所掌握的技能究竟有多少人会？&lt;/strong&gt;&lt;/p&gt;&lt;p&gt;　　考察这点时要像前文所描述的，更多的从公司的视角去考虑，而不是个人的视角。单纯的会使用某个语言或者框架这种程度，稀缺性一定没有。比如：单\r\n纯的会用 ASP.net \r\n开发网页几乎没有较高的技术壁垒，但对数据库的设计有相当程度的掌握、能够较好的通过负载均衡、缓存等手段保证系统的性能就可以使自己的稀缺性上个台阶。&lt;/p&gt;&lt;p&gt;&lt;br/&gt;&lt;/p&gt;&lt;p&gt;					&lt;/p&gt;',`click`='10000',`cid`='7',`summary`='' WHERE ( `id` = '79' ) [ RunTime:0.003798s ]
SQL: SHOW COLUMNS FROM `pp_attr` [ RunTime:0.003714s ]
SQL: SHOW COLUMNS FROM `pp_blog_attr` [ RunTime:0.003406s ]
SQL: DELETE FROM `pp_blog_attr` WHERE ( `bid` = 79 ) [ RunTime:0.001742s ]
SQL: INSERT INTO pp_blog_attr (bid,aid) SELECT a.id,b.id FROM pp_blog AS a ,pp_attr AS b where a.id =79 AND  b.id IN (1)  [ RunTime:0.011978s ]
NOTIC: [8] Undefined index:  mapping_name F:\www\1\ThinkPHP\Extend\Model\RelationModel.class.php 第 260 行.
SQL: SHOW COLUMNS FROM `pp_cate` [ RunTime:0.004200s ]
INFO: [ view_parse ] --START--
INFO: ParseTemplate Behavior ::run [ RunTime:0.021967s ]
INFO: [ view_parse ] --END-- [ RunTime:0.022120s ]
INFO: [ view_filter ] --START--
INFO: ContentReplace Behavior ::run [ RunTime:0.001045s ]
INFO: TokenBuild Behavior ::run [ RunTime:0.001024s ]
INFO: WriteHtmlCache Behavior ::run [ RunTime:0.000882s ]
INFO: ShowRuntime Behavior ::run [ RunTime:0.001130s ]
INFO: [ view_filter ] --END-- [ RunTime:0.004297s ]
INFO: [ view_end ] --START--
INFO: ShowPageTrace Behavior ::run [ RunTime:0.001468s ]
INFO: [ view_end ] --END-- [ RunTime:0.001554s ]

[ 2014-09-03T15:55:02+08:00 ] 127.0.0.1 /1/index.php/Admin/Blog/index
INFO: [ route_check ] --START--
INFO: CheckRoute Behavior ::run [ RunTime:0.002951s ]
INFO: [ route_check ] --END-- [ RunTime:0.003140s ]
INFO: [ app_begin ] --START--
INFO: ReadHtmlCache Behavior ::run [ RunTime:0.000883s ]
INFO: [ app_begin ] --END-- [ RunTime:0.000994s ]
SQL: SHOW COLUMNS FROM `pp_blog` [ RunTime:0.005186s ]
SQL: SELECT * FROM `pp_blog` WHERE ( `del` = 0 )  [ RunTime:0.001316s ]
SQL: SHOW COLUMNS FROM `pp_attr` [ RunTime:0.004134s ]
NOTIC: [8] Undefined index:  mapping_order F:\www\1\ThinkPHP\Extend\Model\RelationModel.class.php 第 188 行.
NOTIC: [8] Undefined index:  mapping_limit F:\www\1\ThinkPHP\Extend\Model\RelationModel.class.php 第 189 行.
SQL: SELECT b.* FROM pp_blog_attr AS a, pp_attr AS b WHERE a.aid = b.id AND a. bid='79' [ RunTime:0.001908s ]
SQL: SHOW COLUMNS FROM `pp_cate` [ RunTime:0.003927s ]
SQL: SELECT `name` FROM `pp_cate` WHERE ( 1=1 AND id='7' ) LIMIT 1   [ RunTime:0.001828s ]
NOTIC: [8] Undefined index:  mapping_order F:\www\1\ThinkPHP\Extend\Model\RelationModel.class.php 第 188 行.
NOTIC: [8] Undefined index:  mapping_limit F:\www\1\ThinkPHP\Extend\Model\RelationModel.class.php 第 189 行.
SQL: SELECT b.* FROM pp_blog_attr AS a, pp_attr AS b WHERE a.aid = b.id AND a. bid='80' [ RunTime:0.000378s ]
SQL: SELECT `name` FROM `pp_cate` WHERE ( 1=1 AND id='7' ) LIMIT 1   [ RunTime:0.000271s ]
NOTIC: [8] Undefined index:  mapping_order F:\www\1\ThinkPHP\Extend\Model\RelationModel.class.php 第 188 行.
NOTIC: [8] Undefined index:  mapping_limit F:\www\1\ThinkPHP\Extend\Model\RelationModel.class.php 第 189 行.
SQL: SELECT b.* FROM pp_blog_attr AS a, pp_attr AS b WHERE a.aid = b.id AND a. bid='81' [ RunTime:0.000292s ]
SQL: SELECT `name` FROM `pp_cate` WHERE ( 1=1 AND id='9' ) LIMIT 1   [ RunTime:0.000266s ]
NOTIC: [8] Undefined index:  mapping_order F:\www\1\ThinkPHP\Extend\Model\RelationModel.class.php 第 188 行.
NOTIC: [8] Undefined index:  mapping_limit F:\www\1\ThinkPHP\Extend\Model\RelationModel.class.php 第 189 行.
SQL: SELECT b.* FROM pp_blog_attr AS a, pp_attr AS b WHERE a.aid = b.id AND a. bid='82' [ RunTime:0.000306s ]
SQL: SELECT `name` FROM `pp_cate` WHERE ( 1=1 AND id='9' ) LIMIT 1   [ RunTime:0.000265s ]
NOTIC: [8] Undefined index:  mapping_order F:\www\1\ThinkPHP\Extend\Model\RelationModel.class.php 第 188 行.
NOTIC: [8] Undefined index:  mapping_limit F:\www\1\ThinkPHP\Extend\Model\RelationModel.class.php 第 189 行.
SQL: SELECT b.* FROM pp_blog_attr AS a, pp_attr AS b WHERE a.aid = b.id AND a. bid='83' [ RunTime:0.000296s ]
SQL: SELECT `name` FROM `pp_cate` WHERE ( 1=1 AND id='0' ) LIMIT 1   [ RunTime:0.000399s ]
NOTIC: [8] Undefined index:  mapping_order F:\www\1\ThinkPHP\Extend\Model\RelationModel.class.php 第 188 行.
NOTIC: [8] Undefined index:  mapping_limit F:\www\1\ThinkPHP\Extend\Model\RelationModel.class.php 第 189 行.
SQL: SELECT b.* FROM pp_blog_attr AS a, pp_attr AS b WHERE a.aid = b.id AND a. bid='84' [ RunTime:0.000317s ]
SQL: SELECT `name` FROM `pp_cate` WHERE ( 1=1 AND id='7' ) LIMIT 1   [ RunTime:0.000264s ]
NOTIC: [8] Undefined index:  mapping_order F:\www\1\ThinkPHP\Extend\Model\RelationModel.class.php 第 188 行.
NOTIC: [8] Undefined index:  mapping_limit F:\www\1\ThinkPHP\Extend\Model\RelationModel.class.php 第 189 行.
SQL: SELECT b.* FROM pp_blog_attr AS a, pp_attr AS b WHERE a.aid = b.id AND a. bid='85' [ RunTime:0.000306s ]
SQL: SELECT `name` FROM `pp_cate` WHERE ( 1=1 AND id='9' ) LIMIT 1   [ RunTime:0.000264s ]
NOTIC: [8] Undefined index:  mapping_order F:\www\1\ThinkPHP\Extend\Model\RelationModel.class.php 第 188 行.
NOTIC: [8] Undefined index:  mapping_limit F:\www\1\ThinkPHP\Extend\Model\RelationModel.class.php 第 189 行.
SQL: SELECT b.* FROM pp_blog_attr AS a, pp_attr AS b WHERE a.aid = b.id AND a. bid='86' [ RunTime:0.000304s ]
SQL: SELECT `name` FROM `pp_cate` WHERE ( 1=1 AND id='9' ) LIMIT 1   [ RunTime:0.000267s ]
INFO: [ view_parse ] --START--
INFO: ParseTemplate Behavior ::run [ RunTime:0.014655s ]
INFO: [ view_parse ] --END-- [ RunTime:0.014777s ]
INFO: [ view_filter ] --START--
INFO: ContentReplace Behavior ::run [ RunTime:0.000505s ]
INFO: TokenBuild Behavior ::run [ RunTime:0.000495s ]
INFO: WriteHtmlCache Behavior ::run [ RunTime:0.000546s ]
INFO: ShowRuntime Behavior ::run [ RunTime:0.000829s ]
INFO: [ view_filter ] --END-- [ RunTime:0.002641s ]
INFO: [ view_end ] --START--
INFO: ShowPageTrace Behavior ::run [ RunTime:0.001016s ]
INFO: [ view_end ] --END-- [ RunTime:0.001115s ]

[ 2014-09-03T15:55:06+08:00 ] 127.0.0.1 /1/index.php/Admin/Blog/blog
INFO: [ route_check ] --START--
INFO: CheckRoute Behavior ::run [ RunTime:0.001294s ]
INFO: [ route_check ] --END-- [ RunTime:0.001418s ]
INFO: [ app_begin ] --START--
INFO: ReadHtmlCache Behavior ::run [ RunTime:0.000883s ]
INFO: [ app_begin ] --END-- [ RunTime:0.000982s ]
SQL: SHOW COLUMNS FROM `pp_cate` [ RunTime:0.003745s ]
SQL: SELECT * FROM `pp_cate` ORDER BY sort  [ RunTime:0.001546s ]
SQL: SHOW COLUMNS FROM `pp_attr` [ RunTime:0.003420s ]
SQL: SELECT * FROM `pp_attr`  [ RunTime:0.001462s ]
INFO: [ view_parse ] --START--
INFO: ParseTemplate Behavior ::run [ RunTime:0.033254s ]
INFO: [ view_parse ] --END-- [ RunTime:0.033375s ]
INFO: [ view_filter ] --START--
INFO: ContentReplace Behavior ::run [ RunTime:0.000504s ]
INFO: TokenBuild Behavior ::run [ RunTime:0.000491s ]
INFO: WriteHtmlCache Behavior ::run [ RunTime:0.000349s ]
INFO: ShowRuntime Behavior ::run [ RunTime:0.000802s ]
INFO: [ view_filter ] --END-- [ RunTime:0.002360s ]
INFO: [ view_end ] --START--
INFO: ShowPageTrace Behavior ::run [ RunTime:0.000834s ]
INFO: [ view_end ] --END-- [ RunTime:0.000911s ]

