[ 2014-08-30T11:56:28+08:00 ] 127.0.0.1 /1/index.php
INFO: [ app_begin ] --START--
INFO: ReadHtmlCache Behavior ::run [ RunTime:0.060105s ]
INFO: [ app_begin ] --END-- [ RunTime:0.164307s ]
SQL: SHOW COLUMNS FROM `pp_cate` [ RunTime:0.705935s ]
SQL: SELECT * FROM `pp_cate`  [ RunTime:0.061189s ]
SQL: SHOW COLUMNS FROM `pp_blog` [ RunTime:0.075587s ]
SQL: SELECT * FROM `pp_blog` WHERE ( `click` > 100 ) ORDER BY click desc  [ RunTime:0.121926s ]
SQL: SELECT * FROM `pp_blog` WHERE ( `time` > 1409284587 ) ORDER BY time desc  [ RunTime:0.000823s ]
SQL: SHOW COLUMNS FROM `pp_blog` [ RunTime:0.009171s ]
SQL: SELECT * FROM `pp_blog` LIMIT 4   [ RunTime:0.005011s ]
SQL: SHOW COLUMNS FROM `pp_attr` [ RunTime:0.097125s ]
NOTIC: [8] Undefined index:  mapping_order F:\www\1\ThinkPHP\Extend\Model\RelationModel.class.php 第 188 行.
NOTIC: [8] Undefined index:  mapping_limit F:\www\1\ThinkPHP\Extend\Model\RelationModel.class.php 第 189 行.
SQL: SELECT b.* FROM pp_blog_attr AS a, pp_attr AS b WHERE a.aid = b.id AND a. bid='79' [ RunTime:0.048175s ]
SQL: SHOW COLUMNS FROM `pp_cate` [ RunTime:0.028307s ]
SQL: SELECT `name` FROM `pp_cate` WHERE ( 1=1 AND id='7' ) LIMIT 1   [ RunTime:0.004432s ]
NOTIC: [8] Undefined index:  mapping_order F:\www\1\ThinkPHP\Extend\Model\RelationModel.class.php 第 188 行.
NOTIC: [8] Undefined index:  mapping_limit F:\www\1\ThinkPHP\Extend\Model\RelationModel.class.php 第 189 行.
SQL: SELECT b.* FROM pp_blog_attr AS a, pp_attr AS b WHERE a.aid = b.id AND a. bid='80' [ RunTime:0.000786s ]
SQL: SELECT `name` FROM `pp_cate` WHERE ( 1=1 AND id='7' ) LIMIT 1   [ RunTime:0.000651s ]
NOTIC: [8] Undefined index:  mapping_order F:\www\1\ThinkPHP\Extend\Model\RelationModel.class.php 第 188 行.
NOTIC: [8] Undefined index:  mapping_limit F:\www\1\ThinkPHP\Extend\Model\RelationModel.class.php 第 189 行.
SQL: SELECT b.* FROM pp_blog_attr AS a, pp_attr AS b WHERE a.aid = b.id AND a. bid='81' [ RunTime:0.000708s ]
SQL: SELECT `name` FROM `pp_cate` WHERE ( 1=1 AND id='9' ) LIMIT 1   [ RunTime:0.001695s ]
NOTIC: [8] Undefined index:  mapping_order F:\www\1\ThinkPHP\Extend\Model\RelationModel.class.php 第 188 行.
NOTIC: [8] Undefined index:  mapping_limit F:\www\1\ThinkPHP\Extend\Model\RelationModel.class.php 第 189 行.
SQL: SELECT b.* FROM pp_blog_attr AS a, pp_attr AS b WHERE a.aid = b.id AND a. bid='82' [ RunTime:0.000843s ]
SQL: SELECT `name` FROM `pp_cate` WHERE ( 1=1 AND id='9' ) LIMIT 1   [ RunTime:0.000805s ]
INFO: [ view_parse ] --START--
INFO: ParseTemplate Behavior ::run [ RunTime:0.527562s ]
INFO: [ view_parse ] --END-- [ RunTime:0.527785s ]
INFO: [ view_filter ] --START--
INFO: ContentReplace Behavior ::run [ RunTime:0.009292s ]
INFO: TokenBuild Behavior ::run [ RunTime:0.005538s ]
INFO: WriteHtmlCache Behavior ::run [ RunTime:0.001897s ]
INFO: ShowRuntime Behavior ::run [ RunTime:0.003650s ]
INFO: [ view_filter ] --END-- [ RunTime:0.020816s ]
INFO: [ view_end ] --START--
INFO: ShowPageTrace Behavior ::run [ RunTime:0.003511s ]
INFO: [ view_end ] --END-- [ RunTime:0.003657s ]

[ 2014-08-30T11:56:56+08:00 ] 127.0.0.1 /1/index.php
INFO: [ app_begin ] --START--
INFO: ReadHtmlCache Behavior ::run [ RunTime:0.002734s ]
INFO: [ app_begin ] --END-- [ RunTime:0.002947s ]
SQL: SHOW COLUMNS FROM `pp_cate` [ RunTime:0.018893s ]
SQL: SELECT * FROM `pp_cate`  [ RunTime:0.005598s ]
SQL: SHOW COLUMNS FROM `pp_blog` [ RunTime:0.008559s ]
SQL: SELECT * FROM `pp_blog` WHERE ( `click` > 100 ) ORDER BY click desc  [ RunTime:0.003653s ]
SQL: SELECT * FROM `pp_blog` WHERE ( `time` > 1409284616 ) ORDER BY time desc  [ RunTime:0.000703s ]
SQL: SHOW COLUMNS FROM `pp_blog` [ RunTime:0.012856s ]
SQL: SELECT * FROM `pp_blog` LIMIT 4   [ RunTime:0.001892s ]
SQL: SHOW COLUMNS FROM `pp_attr` [ RunTime:0.011411s ]
NOTIC: [8] Undefined index:  mapping_order F:\www\1\ThinkPHP\Extend\Model\RelationModel.class.php 第 188 行.
NOTIC: [8] Undefined index:  mapping_limit F:\www\1\ThinkPHP\Extend\Model\RelationModel.class.php 第 189 行.
SQL: SELECT b.* FROM pp_blog_attr AS a, pp_attr AS b WHERE a.aid = b.id AND a. bid='79' [ RunTime:0.001106s ]
SQL: SHOW COLUMNS FROM `pp_cate` [ RunTime:0.009753s ]
SQL: SELECT `name` FROM `pp_cate` WHERE ( 1=1 AND id='7' ) LIMIT 1   [ RunTime:0.002209s ]
NOTIC: [8] Undefined index:  mapping_order F:\www\1\ThinkPHP\Extend\Model\RelationModel.class.php 第 188 行.
NOTIC: [8] Undefined index:  mapping_limit F:\www\1\ThinkPHP\Extend\Model\RelationModel.class.php 第 189 行.
SQL: SELECT b.* FROM pp_blog_attr AS a, pp_attr AS b WHERE a.aid = b.id AND a. bid='80' [ RunTime:0.000724s ]
SQL: SELECT `name` FROM `pp_cate` WHERE ( 1=1 AND id='7' ) LIMIT 1   [ RunTime:0.000598s ]
NOTIC: [8] Undefined index:  mapping_order F:\www\1\ThinkPHP\Extend\Model\RelationModel.class.php 第 188 行.
NOTIC: [8] Undefined index:  mapping_limit F:\www\1\ThinkPHP\Extend\Model\RelationModel.class.php 第 189 行.
SQL: SELECT b.* FROM pp_blog_attr AS a, pp_attr AS b WHERE a.aid = b.id AND a. bid='81' [ RunTime:0.000657s ]
SQL: SELECT `name` FROM `pp_cate` WHERE ( 1=1 AND id='9' ) LIMIT 1   [ RunTime:0.000760s ]
NOTIC: [8] Undefined index:  mapping_order F:\www\1\ThinkPHP\Extend\Model\RelationModel.class.php 第 188 行.
NOTIC: [8] Undefined index:  mapping_limit F:\www\1\ThinkPHP\Extend\Model\RelationModel.class.php 第 189 行.
SQL: SELECT b.* FROM pp_blog_attr AS a, pp_attr AS b WHERE a.aid = b.id AND a. bid='82' [ RunTime:0.000747s ]
SQL: SELECT `name` FROM `pp_cate` WHERE ( 1=1 AND id='9' ) LIMIT 1   [ RunTime:0.000618s ]
INFO: [ view_parse ] --START--
INFO: ParseTemplate Behavior ::run [ RunTime:0.066977s ]
INFO: [ view_parse ] --END-- [ RunTime:0.067182s ]
INFO: [ view_filter ] --START--
INFO: ContentReplace Behavior ::run [ RunTime:0.002557s ]
INFO: TokenBuild Behavior ::run [ RunTime:0.002366s ]
INFO: WriteHtmlCache Behavior ::run [ RunTime:0.001904s ]
INFO: ShowRuntime Behavior ::run [ RunTime:0.002532s ]
INFO: [ view_filter ] --END-- [ RunTime:0.009922s ]
INFO: [ view_end ] --START--
INFO: ShowPageTrace Behavior ::run [ RunTime:0.002675s ]
INFO: [ view_end ] --END-- [ RunTime:0.002831s ]

[ 2014-08-30T11:56:59+08:00 ] 127.0.0.1 /1/index.php/Index/List/index.html
INFO: [ route_check ] --START--
INFO: CheckRoute Behavior ::run [ RunTime:0.013363s ]
INFO: [ route_check ] --END-- [ RunTime:0.013540s ]
INFO: [ app_begin ] --START--
INFO: ReadHtmlCache Behavior ::run [ RunTime:0.001914s ]
INFO: [ app_begin ] --END-- [ RunTime:0.002128s ]
NOTIC: [2048] Declaration of ListAction::show() should be compatible with that of Action::show() F:\www\1\Blog\Applications\Index\action\ListAction.class.php 第 3 行.
SQL: SHOW COLUMNS FROM `pp_cate` [ RunTime:0.009357s ]
SQL: SELECT * FROM `pp_cate`  [ RunTime:0.005677s ]
SQL: SHOW COLUMNS FROM `pp_blog` [ RunTime:0.009610s ]
SQL: SELECT * FROM `pp_blog` WHERE ( `click` > 100 ) ORDER BY click desc  [ RunTime:0.005671s ]
SQL: SELECT * FROM `pp_blog` WHERE ( `time` > 1409284619 ) ORDER BY time desc  [ RunTime:0.000873s ]
SQL: SHOW COLUMNS FROM `pp_blog` [ RunTime:0.014257s ]
SQL: SELECT COUNT(*) AS tp_count FROM `pp_blog` LIMIT 1   [ RunTime:0.016412s ]
SQL: SELECT * FROM `pp_blog` ORDER BY time desc LIMIT 0,6   [ RunTime:0.001313s ]
SQL: SHOW COLUMNS FROM `pp_attr` [ RunTime:0.009351s ]
NOTIC: [8] Undefined index:  mapping_order F:\www\1\ThinkPHP\Extend\Model\RelationModel.class.php 第 188 行.
NOTIC: [8] Undefined index:  mapping_limit F:\www\1\ThinkPHP\Extend\Model\RelationModel.class.php 第 189 行.
SQL: SELECT b.* FROM pp_blog_attr AS a, pp_attr AS b WHERE a.aid = b.id AND a. bid='86' [ RunTime:0.004985s ]
SQL: SHOW COLUMNS FROM `pp_cate` [ RunTime:0.009387s ]
SQL: SELECT `name` FROM `pp_cate` WHERE ( 1=1 AND id='9' ) LIMIT 1   [ RunTime:0.005195s ]
NOTIC: [8] Undefined index:  mapping_order F:\www\1\ThinkPHP\Extend\Model\RelationModel.class.php 第 188 行.
NOTIC: [8] Undefined index:  mapping_limit F:\www\1\ThinkPHP\Extend\Model\RelationModel.class.php 第 189 行.
SQL: SELECT b.* FROM pp_blog_attr AS a, pp_attr AS b WHERE a.aid = b.id AND a. bid='85' [ RunTime:0.000834s ]
SQL: SELECT `name` FROM `pp_cate` WHERE ( 1=1 AND id='9' ) LIMIT 1   [ RunTime:0.000668s ]
NOTIC: [8] Undefined index:  mapping_order F:\www\1\ThinkPHP\Extend\Model\RelationModel.class.php 第 188 行.
NOTIC: [8] Undefined index:  mapping_limit F:\www\1\ThinkPHP\Extend\Model\RelationModel.class.php 第 189 行.
SQL: SELECT b.* FROM pp_blog_attr AS a, pp_attr AS b WHERE a.aid = b.id AND a. bid='84' [ RunTime:0.000980s ]
SQL: SELECT `name` FROM `pp_cate` WHERE ( 1=1 AND id='7' ) LIMIT 1   [ RunTime:0.000769s ]
NOTIC: [8] Undefined index:  mapping_order F:\www\1\ThinkPHP\Extend\Model\RelationModel.class.php 第 188 行.
NOTIC: [8] Undefined index:  mapping_limit F:\www\1\ThinkPHP\Extend\Model\RelationModel.class.php 第 189 行.
SQL: SELECT b.* FROM pp_blog_attr AS a, pp_attr AS b WHERE a.aid = b.id AND a. bid='83' [ RunTime:0.000768s ]
SQL: SELECT `name` FROM `pp_cate` WHERE ( 1=1 AND id='0' ) LIMIT 1   [ RunTime:0.000845s ]
NOTIC: [8] Undefined index:  mapping_order F:\www\1\ThinkPHP\Extend\Model\RelationModel.class.php 第 188 行.
NOTIC: [8] Undefined index:  mapping_limit F:\www\1\ThinkPHP\Extend\Model\RelationModel.class.php 第 189 行.
SQL: SELECT b.* FROM pp_blog_attr AS a, pp_attr AS b WHERE a.aid = b.id AND a. bid='82' [ RunTime:0.000732s ]
SQL: SELECT `name` FROM `pp_cate` WHERE ( 1=1 AND id='9' ) LIMIT 1   [ RunTime:0.000641s ]
NOTIC: [8] Undefined index:  mapping_order F:\www\1\ThinkPHP\Extend\Model\RelationModel.class.php 第 188 行.
NOTIC: [8] Undefined index:  mapping_limit F:\www\1\ThinkPHP\Extend\Model\RelationModel.class.php 第 189 行.
SQL: SELECT b.* FROM pp_blog_attr AS a, pp_attr AS b WHERE a.aid = b.id AND a. bid='81' [ RunTime:0.000713s ]
SQL: SELECT `name` FROM `pp_cate` WHERE ( 1=1 AND id='9' ) LIMIT 1   [ RunTime:0.000728s ]
INFO: [ view_parse ] --START--
INFO: ParseTemplate Behavior ::run [ RunTime:0.046295s ]
INFO: [ view_parse ] --END-- [ RunTime:0.046524s ]
INFO: [ view_filter ] --START--
INFO: ContentReplace Behavior ::run [ RunTime:0.001606s ]
INFO: TokenBuild Behavior ::run [ RunTime:0.001356s ]
INFO: WriteHtmlCache Behavior ::run [ RunTime:0.000811s ]
INFO: ShowRuntime Behavior ::run [ RunTime:0.001587s ]
INFO: [ view_filter ] --END-- [ RunTime:0.005878s ]
INFO: [ view_end ] --START--
INFO: ShowPageTrace Behavior ::run [ RunTime:0.002074s ]
INFO: [ view_end ] --END-- [ RunTime:0.002260s ]

[ 2014-08-30T11:57:00+08:00 ] 127.0.0.1 /1/index.php/Index/List/js/silder.js
INFO: [ route_check ] --START--
INFO: CheckRoute Behavior ::run [ RunTime:0.002318s ]
INFO: [ route_check ] --END-- [ RunTime:0.002522s ]
INFO: [ app_begin ] --START--
INFO: ReadHtmlCache Behavior ::run [ RunTime:0.001457s ]
INFO: [ app_begin ] --END-- [ RunTime:0.001631s ]
NOTIC: [2048] Declaration of ListAction::show() should be compatible with that of Action::show() F:\www\1\Blog\Applications\Index\action\ListAction.class.php 第 3 行.
SQL: SHOW COLUMNS FROM `pp_cate` [ RunTime:0.010157s ]
SQL: SELECT * FROM `pp_cate`  [ RunTime:0.001105s ]
SQL: SHOW COLUMNS FROM `pp_blog` [ RunTime:0.012100s ]
SQL: SELECT * FROM `pp_blog` WHERE ( `click` > 100 ) ORDER BY click desc  [ RunTime:0.002023s ]
SQL: SELECT * FROM `pp_blog` WHERE ( `time` > 1409284620 ) ORDER BY time desc  [ RunTime:0.000911s ]
ERR: 非法操作:js

[ 2014-08-30T11:57:12+08:00 ] 127.0.0.1 /1/index.php/Index/Image/index.html
INFO: [ route_check ] --START--
INFO: CheckRoute Behavior ::run [ RunTime:0.002894s ]
INFO: [ route_check ] --END-- [ RunTime:0.003142s ]
INFO: [ app_begin ] --START--
INFO: ReadHtmlCache Behavior ::run [ RunTime:0.001662s ]
INFO: [ app_begin ] --END-- [ RunTime:0.001855s ]
SQL: SHOW COLUMNS FROM `pp_cate` [ RunTime:0.015215s ]
SQL: SELECT * FROM `pp_cate`  [ RunTime:0.002676s ]
SQL: SHOW COLUMNS FROM `pp_blog` [ RunTime:0.013771s ]
SQL: SELECT * FROM `pp_blog` WHERE ( `click` > 100 ) ORDER BY click desc  [ RunTime:0.001747s ]
SQL: SELECT * FROM `pp_blog` WHERE ( `time` > 1409284631 ) ORDER BY time desc  [ RunTime:0.000765s ]
SQL: SHOW COLUMNS FROM `pp_image` [ RunTime:0.031917s ]
SQL: SELECT * FROM `pp_image`  [ RunTime:0.001701s ]
INFO: [ view_parse ] --START--
INFO: ParseTemplate Behavior ::run [ RunTime:0.053912s ]
INFO: [ view_parse ] --END-- [ RunTime:0.054163s ]
INFO: [ view_filter ] --START--
INFO: ContentReplace Behavior ::run [ RunTime:0.001266s ]
INFO: TokenBuild Behavior ::run [ RunTime:0.001122s ]
INFO: WriteHtmlCache Behavior ::run [ RunTime:0.000796s ]
INFO: ShowRuntime Behavior ::run [ RunTime:0.001405s ]
INFO: [ view_filter ] --END-- [ RunTime:0.005076s ]
INFO: [ view_end ] --START--
INFO: ShowPageTrace Behavior ::run [ RunTime:0.002273s ]
INFO: [ view_end ] --END-- [ RunTime:0.002466s ]

[ 2014-08-30T11:57:12+08:00 ] 127.0.0.1 /1/index.php/Index/Image/js/silder.js
INFO: [ route_check ] --START--
INFO: CheckRoute Behavior ::run [ RunTime:0.003649s ]
INFO: [ route_check ] --END-- [ RunTime:0.003858s ]
INFO: [ app_begin ] --START--
INFO: ReadHtmlCache Behavior ::run [ RunTime:0.002976s ]
INFO: [ app_begin ] --END-- [ RunTime:0.003156s ]
SQL: SHOW COLUMNS FROM `pp_cate` [ RunTime:0.007314s ]
SQL: SELECT * FROM `pp_cate`  [ RunTime:0.003560s ]
SQL: SHOW COLUMNS FROM `pp_blog` [ RunTime:0.007831s ]
SQL: SELECT * FROM `pp_blog` WHERE ( `click` > 100 ) ORDER BY click desc  [ RunTime:0.003896s ]
SQL: SELECT * FROM `pp_blog` WHERE ( `time` > 1409284632 ) ORDER BY time desc  [ RunTime:0.000715s ]
ERR: 非法操作:js

[ 2014-08-30T11:57:15+08:00 ] 127.0.0.1 /1/index.php/Index/About/index.html
INFO: [ route_check ] --START--
INFO: CheckRoute Behavior ::run [ RunTime:0.002651s ]
INFO: [ route_check ] --END-- [ RunTime:0.002875s ]
INFO: [ app_begin ] --START--
INFO: ReadHtmlCache Behavior ::run [ RunTime:0.001644s ]
INFO: [ app_begin ] --END-- [ RunTime:0.001835s ]
SQL: SHOW COLUMNS FROM `pp_cate` [ RunTime:0.010780s ]
SQL: SELECT * FROM `pp_cate`  [ RunTime:0.004821s ]
SQL: SHOW COLUMNS FROM `pp_blog` [ RunTime:0.009125s ]
SQL: SELECT * FROM `pp_blog` WHERE ( `click` > 100 ) ORDER BY click desc  [ RunTime:0.005428s ]
SQL: SELECT * FROM `pp_blog` WHERE ( `time` > 1409284635 ) ORDER BY time desc  [ RunTime:0.000776s ]
INFO: [ view_parse ] --START--
INFO: ParseTemplate Behavior ::run [ RunTime:0.042531s ]
INFO: [ view_parse ] --END-- [ RunTime:0.042860s ]
INFO: [ view_filter ] --START--
INFO: ContentReplace Behavior ::run [ RunTime:0.001179s ]
INFO: TokenBuild Behavior ::run [ RunTime:0.001471s ]
INFO: WriteHtmlCache Behavior ::run [ RunTime:0.001012s ]
INFO: ShowRuntime Behavior ::run [ RunTime:0.001588s ]
INFO: [ view_filter ] --END-- [ RunTime:0.005796s ]
INFO: [ view_end ] --START--
INFO: ShowPageTrace Behavior ::run [ RunTime:0.001855s ]
INFO: [ view_end ] --END-- [ RunTime:0.002034s ]

[ 2014-08-30T11:57:16+08:00 ] 127.0.0.1 /1/index.php/Index/About/js/silder.js
INFO: [ route_check ] --START--
INFO: CheckRoute Behavior ::run [ RunTime:0.003798s ]
INFO: [ route_check ] --END-- [ RunTime:0.004032s ]
INFO: [ app_begin ] --START--
INFO: ReadHtmlCache Behavior ::run [ RunTime:0.004287s ]
INFO: [ app_begin ] --END-- [ RunTime:0.004527s ]
SQL: SHOW COLUMNS FROM `pp_cate` [ RunTime:0.008886s ]
SQL: SELECT * FROM `pp_cate`  [ RunTime:0.006489s ]
SQL: SHOW COLUMNS FROM `pp_blog` [ RunTime:0.009991s ]
SQL: SELECT * FROM `pp_blog` WHERE ( `click` > 100 ) ORDER BY click desc  [ RunTime:0.007466s ]
SQL: SELECT * FROM `pp_blog` WHERE ( `time` > 1409284636 ) ORDER BY time desc  [ RunTime:0.001015s ]
ERR: 非法操作:js

[ 2014-08-30T11:57:17+08:00 ] 127.0.0.1 /1/index.php/Index/Image/index.html
INFO: [ route_check ] --START--
INFO: CheckRoute Behavior ::run [ RunTime:0.002611s ]
INFO: [ route_check ] --END-- [ RunTime:0.002846s ]
INFO: [ app_begin ] --START--
INFO: ReadHtmlCache Behavior ::run [ RunTime:0.002053s ]
INFO: [ app_begin ] --END-- [ RunTime:0.002273s ]
SQL: SHOW COLUMNS FROM `pp_cate` [ RunTime:0.009006s ]
SQL: SELECT * FROM `pp_cate`  [ RunTime:0.004232s ]
SQL: SHOW COLUMNS FROM `pp_blog` [ RunTime:0.009420s ]
SQL: SELECT * FROM `pp_blog` WHERE ( `click` > 100 ) ORDER BY click desc  [ RunTime:0.004838s ]
SQL: SELECT * FROM `pp_blog` WHERE ( `time` > 1409284637 ) ORDER BY time desc  [ RunTime:0.000946s ]
SQL: SHOW COLUMNS FROM `pp_image` [ RunTime:0.009299s ]
SQL: SELECT * FROM `pp_image`  [ RunTime:0.004134s ]
INFO: [ view_parse ] --START--
INFO: ParseTemplate Behavior ::run [ RunTime:0.043984s ]
INFO: [ view_parse ] --END-- [ RunTime:0.044229s ]
INFO: [ view_filter ] --START--
INFO: ContentReplace Behavior ::run [ RunTime:0.001271s ]
INFO: TokenBuild Behavior ::run [ RunTime:0.001694s ]
INFO: WriteHtmlCache Behavior ::run [ RunTime:0.000874s ]
INFO: ShowRuntime Behavior ::run [ RunTime:0.001887s ]
INFO: [ view_filter ] --END-- [ RunTime:0.006256s ]
INFO: [ view_end ] --START--
INFO: ShowPageTrace Behavior ::run [ RunTime:0.001953s ]
INFO: [ view_end ] --END-- [ RunTime:0.002127s ]

[ 2014-08-30T11:57:17+08:00 ] 127.0.0.1 /1/index.php/Index/Image/js/silder.js
INFO: [ route_check ] --START--
INFO: CheckRoute Behavior ::run [ RunTime:0.002894s ]
INFO: [ route_check ] --END-- [ RunTime:0.003142s ]
INFO: [ app_begin ] --START--
INFO: ReadHtmlCache Behavior ::run [ RunTime:0.001876s ]
INFO: [ app_begin ] --END-- [ RunTime:0.002092s ]
SQL: SHOW COLUMNS FROM `pp_cate` [ RunTime:0.013757s ]
SQL: SELECT * FROM `pp_cate`  [ RunTime:0.000772s ]
SQL: SHOW COLUMNS FROM `pp_blog` [ RunTime:0.009374s ]
SQL: SELECT * FROM `pp_blog` WHERE ( `click` > 100 ) ORDER BY click desc  [ RunTime:0.004906s ]
SQL: SELECT * FROM `pp_blog` WHERE ( `time` > 1409284637 ) ORDER BY time desc  [ RunTime:0.001041s ]
ERR: 非法操作:js

[ 2014-08-30T11:57:21+08:00 ] 127.0.0.1 /1/index.php/Index/Image/img/id/2.html
INFO: [ route_check ] --START--
INFO: CheckRoute Behavior ::run [ RunTime:0.002619s ]
INFO: [ route_check ] --END-- [ RunTime:0.002854s ]
INFO: [ app_begin ] --START--
INFO: ReadHtmlCache Behavior ::run [ RunTime:0.001745s ]
INFO: [ app_begin ] --END-- [ RunTime:0.001968s ]
SQL: SHOW COLUMNS FROM `pp_cate` [ RunTime:0.014023s ]
SQL: SELECT * FROM `pp_cate`  [ RunTime:0.002538s ]
SQL: SHOW COLUMNS FROM `pp_blog` [ RunTime:0.010399s ]
SQL: SELECT * FROM `pp_blog` WHERE ( `click` > 100 ) ORDER BY click desc  [ RunTime:0.005129s ]
SQL: SELECT * FROM `pp_blog` WHERE ( `time` > 1409284641 ) ORDER BY time desc  [ RunTime:0.000924s ]
SQL: SHOW COLUMNS FROM `pp_image` [ RunTime:0.007832s ]
SQL: SELECT * FROM `pp_image` WHERE ( `id` = 2 ) LIMIT 1   [ RunTime:0.004617s ]
INFO: [ view_parse ] --START--
INFO: ParseTemplate Behavior ::run [ RunTime:0.046496s ]
INFO: [ view_parse ] --END-- [ RunTime:0.046749s ]
INFO: [ view_filter ] --START--
INFO: ContentReplace Behavior ::run [ RunTime:0.001404s ]
INFO: TokenBuild Behavior ::run [ RunTime:0.001218s ]
INFO: WriteHtmlCache Behavior ::run [ RunTime:0.000825s ]
INFO: ShowRuntime Behavior ::run [ RunTime:0.001462s ]
INFO: [ view_filter ] --END-- [ RunTime:0.005408s ]
NOTIC: [2] Cannot modify header information - headers already sent by (output started at F:\www\1\Blog\Common\common.php:11) F:\www\1\ThinkPHP\Lib\Core\View.class.php 第 95 行.
NOTIC: [2] Cannot modify header information - headers already sent by (output started at F:\www\1\Blog\Common\common.php:11) F:\www\1\ThinkPHP\Lib\Core\View.class.php 第 96 行.
NOTIC: [2] Cannot modify header information - headers already sent by (output started at F:\www\1\Blog\Common\common.php:11) F:\www\1\ThinkPHP\Lib\Core\View.class.php 第 97 行.
INFO: [ view_end ] --START--
INFO: ShowPageTrace Behavior ::run [ RunTime:0.001857s ]
INFO: [ view_end ] --END-- [ RunTime:0.002040s ]

[ 2014-08-30T11:57:21+08:00 ] 127.0.0.1 /1/index.php/Index/Image/img/id/js/silder.js
INFO: [ route_check ] --START--
INFO: CheckRoute Behavior ::run [ RunTime:0.002331s ]
INFO: [ route_check ] --END-- [ RunTime:0.002544s ]
INFO: [ app_begin ] --START--
INFO: ReadHtmlCache Behavior ::run [ RunTime:0.001462s ]
INFO: [ app_begin ] --END-- [ RunTime:0.001636s ]
SQL: SHOW COLUMNS FROM `pp_cate` [ RunTime:0.007654s ]
SQL: SELECT * FROM `pp_cate`  [ RunTime:0.003878s ]
SQL: SHOW COLUMNS FROM `pp_blog` [ RunTime:0.007629s ]
SQL: SELECT * FROM `pp_blog` WHERE ( `click` > 100 ) ORDER BY click desc  [ RunTime:0.004924s ]
SQL: SELECT * FROM `pp_blog` WHERE ( `time` > 1409284641 ) ORDER BY time desc  [ RunTime:0.001772s ]
SQL: SHOW COLUMNS FROM `pp_image` [ RunTime:0.013662s ]
SQL: SELECT * FROM `pp_image` WHERE ( `id` = 0 ) LIMIT 1   [ RunTime:0.000835s ]
INFO: [ view_parse ] --START--
INFO: ParseTemplate Behavior ::run [ RunTime:0.033974s ]
INFO: [ view_parse ] --END-- [ RunTime:0.034183s ]
INFO: [ view_filter ] --START--
INFO: ContentReplace Behavior ::run [ RunTime:0.001036s ]
INFO: TokenBuild Behavior ::run [ RunTime:0.001110s ]
INFO: WriteHtmlCache Behavior ::run [ RunTime:0.000685s ]
INFO: ShowRuntime Behavior ::run [ RunTime:0.001208s ]
INFO: [ view_filter ] --END-- [ RunTime:0.004469s ]
NOTIC: [2] Cannot modify header information - headers already sent by (output started at F:\www\1\Blog\Common\common.php:11) F:\www\1\ThinkPHP\Lib\Core\View.class.php 第 95 行.
NOTIC: [2] Cannot modify header information - headers already sent by (output started at F:\www\1\Blog\Common\common.php:11) F:\www\1\ThinkPHP\Lib\Core\View.class.php 第 96 行.
NOTIC: [2] Cannot modify header information - headers already sent by (output started at F:\www\1\Blog\Common\common.php:11) F:\www\1\ThinkPHP\Lib\Core\View.class.php 第 97 行.
INFO: [ view_end ] --START--
INFO: ShowPageTrace Behavior ::run [ RunTime:0.001572s ]
INFO: [ view_end ] --END-- [ RunTime:0.001725s ]

[ 2014-08-30T11:57:26+08:00 ] 127.0.0.1 /1/index.php/Index/List/index.html
INFO: [ route_check ] --START--
INFO: CheckRoute Behavior ::run [ RunTime:0.002889s ]
INFO: [ route_check ] --END-- [ RunTime:0.003131s ]
INFO: [ app_begin ] --START--
INFO: ReadHtmlCache Behavior ::run [ RunTime:0.001664s ]
INFO: [ app_begin ] --END-- [ RunTime:0.001856s ]
NOTIC: [2048] Declaration of ListAction::show() should be compatible with that of Action::show() F:\www\1\Blog\Applications\Index\action\ListAction.class.php 第 3 行.
SQL: SHOW COLUMNS FROM `pp_cate` [ RunTime:0.009071s ]
SQL: SELECT * FROM `pp_cate`  [ RunTime:0.005875s ]
SQL: SHOW COLUMNS FROM `pp_blog` [ RunTime:0.009840s ]
SQL: SELECT * FROM `pp_blog` WHERE ( `click` > 100 ) ORDER BY click desc  [ RunTime:0.005867s ]
SQL: SELECT * FROM `pp_blog` WHERE ( `time` > 1409284646 ) ORDER BY time desc  [ RunTime:0.001174s ]
SQL: SHOW COLUMNS FROM `pp_blog` [ RunTime:0.011191s ]
SQL: SELECT COUNT(*) AS tp_count FROM `pp_blog` LIMIT 1   [ RunTime:0.003300s ]
SQL: SELECT * FROM `pp_blog` ORDER BY time desc LIMIT 0,6   [ RunTime:0.001596s ]
SQL: SHOW COLUMNS FROM `pp_attr` [ RunTime:0.009323s ]
NOTIC: [8] Undefined index:  mapping_order F:\www\1\ThinkPHP\Extend\Model\RelationModel.class.php 第 188 行.
NOTIC: [8] Undefined index:  mapping_limit F:\www\1\ThinkPHP\Extend\Model\RelationModel.class.php 第 189 行.
SQL: SELECT b.* FROM pp_blog_attr AS a, pp_attr AS b WHERE a.aid = b.id AND a. bid='86' [ RunTime:0.004243s ]
SQL: SHOW COLUMNS FROM `pp_cate` [ RunTime:0.009334s ]
SQL: SELECT `name` FROM `pp_cate` WHERE ( 1=1 AND id='9' ) LIMIT 1   [ RunTime:0.005719s ]
NOTIC: [8] Undefined index:  mapping_order F:\www\1\ThinkPHP\Extend\Model\RelationModel.class.php 第 188 行.
NOTIC: [8] Undefined index:  mapping_limit F:\www\1\ThinkPHP\Extend\Model\RelationModel.class.php 第 189 行.
SQL: SELECT b.* FROM pp_blog_attr AS a, pp_attr AS b WHERE a.aid = b.id AND a. bid='85' [ RunTime:0.001176s ]
SQL: SELECT `name` FROM `pp_cate` WHERE ( 1=1 AND id='9' ) LIMIT 1   [ RunTime:0.000730s ]
NOTIC: [8] Undefined index:  mapping_order F:\www\1\ThinkPHP\Extend\Model\RelationModel.class.php 第 188 行.
NOTIC: [8] Undefined index:  mapping_limit F:\www\1\ThinkPHP\Extend\Model\RelationModel.class.php 第 189 行.
SQL: SELECT b.* FROM pp_blog_attr AS a, pp_attr AS b WHERE a.aid = b.id AND a. bid='84' [ RunTime:0.000734s ]
SQL: SELECT `name` FROM `pp_cate` WHERE ( 1=1 AND id='7' ) LIMIT 1   [ RunTime:0.000618s ]
NOTIC: [8] Undefined index:  mapping_order F:\www\1\ThinkPHP\Extend\Model\RelationModel.class.php 第 188 行.
NOTIC: [8] Undefined index:  mapping_limit F:\www\1\ThinkPHP\Extend\Model\RelationModel.class.php 第 189 行.
SQL: SELECT b.* FROM pp_blog_attr AS a, pp_attr AS b WHERE a.aid = b.id AND a. bid='83' [ RunTime:0.000825s ]
SQL: SELECT `name` FROM `pp_cate` WHERE ( 1=1 AND id='0' ) LIMIT 1   [ RunTime:0.000690s ]
NOTIC: [8] Undefined index:  mapping_order F:\www\1\ThinkPHP\Extend\Model\RelationModel.class.php 第 188 行.
NOTIC: [8] Undefined index:  mapping_limit F:\www\1\ThinkPHP\Extend\Model\RelationModel.class.php 第 189 行.
SQL: SELECT b.* FROM pp_blog_attr AS a, pp_attr AS b WHERE a.aid = b.id AND a. bid='82' [ RunTime:0.000761s ]
SQL: SELECT `name` FROM `pp_cate` WHERE ( 1=1 AND id='9' ) LIMIT 1   [ RunTime:0.000672s ]
NOTIC: [8] Undefined index:  mapping_order F:\www\1\ThinkPHP\Extend\Model\RelationModel.class.php 第 188 行.
NOTIC: [8] Undefined index:  mapping_limit F:\www\1\ThinkPHP\Extend\Model\RelationModel.class.php 第 189 行.
SQL: SELECT b.* FROM pp_blog_attr AS a, pp_attr AS b WHERE a.aid = b.id AND a. bid='81' [ RunTime:0.000792s ]
SQL: SELECT `name` FROM `pp_cate` WHERE ( 1=1 AND id='9' ) LIMIT 1   [ RunTime:0.001316s ]
INFO: [ view_parse ] --START--
INFO: ParseTemplate Behavior ::run [ RunTime:0.048902s ]
INFO: [ view_parse ] --END-- [ RunTime:0.049129s ]
INFO: [ view_filter ] --START--
INFO: ContentReplace Behavior ::run [ RunTime:0.001326s ]
INFO: TokenBuild Behavior ::run [ RunTime:0.001312s ]
INFO: WriteHtmlCache Behavior ::run [ RunTime:0.000986s ]
INFO: ShowRuntime Behavior ::run [ RunTime:0.001619s ]
INFO: [ view_filter ] --END-- [ RunTime:0.005767s ]
INFO: [ view_end ] --START--
INFO: ShowPageTrace Behavior ::run [ RunTime:0.001935s ]
INFO: [ view_end ] --END-- [ RunTime:0.002108s ]

[ 2014-08-30T11:57:27+08:00 ] 127.0.0.1 /1/index.php/Index/List/js/silder.js
INFO: [ route_check ] --START--
INFO: CheckRoute Behavior ::run [ RunTime:0.002654s ]
INFO: [ route_check ] --END-- [ RunTime:0.002891s ]
INFO: [ app_begin ] --START--
INFO: ReadHtmlCache Behavior ::run [ RunTime:0.001720s ]
INFO: [ app_begin ] --END-- [ RunTime:0.001963s ]
NOTIC: [2048] Declaration of ListAction::show() should be compatible with that of Action::show() F:\www\1\Blog\Applications\Index\action\ListAction.class.php 第 3 行.
SQL: SHOW COLUMNS FROM `pp_cate` [ RunTime:0.013117s ]
SQL: SELECT * FROM `pp_cate`  [ RunTime:0.001336s ]
SQL: SHOW COLUMNS FROM `pp_blog` [ RunTime:0.013414s ]
SQL: SELECT * FROM `pp_blog` WHERE ( `click` > 100 ) ORDER BY click desc  [ RunTime:0.001892s ]
SQL: SELECT * FROM `pp_blog` WHERE ( `time` > 1409284647 ) ORDER BY time desc  [ RunTime:0.000763s ]
ERR: 非法操作:js

[ 2014-08-30T11:57:28+08:00 ] 127.0.0.1 /1/index.php
INFO: [ app_begin ] --START--
INFO: ReadHtmlCache Behavior ::run [ RunTime:0.002055s ]
INFO: [ app_begin ] --END-- [ RunTime:0.002294s ]
SQL: SHOW COLUMNS FROM `pp_cate` [ RunTime:0.012134s ]
SQL: SELECT * FROM `pp_cate`  [ RunTime:0.001067s ]
SQL: SHOW COLUMNS FROM `pp_blog` [ RunTime:0.013799s ]
SQL: SELECT * FROM `pp_blog` WHERE ( `click` > 100 ) ORDER BY click desc  [ RunTime:0.002350s ]
SQL: SELECT * FROM `pp_blog` WHERE ( `time` > 1409284648 ) ORDER BY time desc  [ RunTime:0.000950s ]
SQL: SHOW COLUMNS FROM `pp_blog` [ RunTime:0.013948s ]
SQL: SELECT * FROM `pp_blog` LIMIT 4   [ RunTime:0.026910s ]
SQL: SHOW COLUMNS FROM `pp_attr` [ RunTime:0.015244s ]
NOTIC: [8] Undefined index:  mapping_order F:\www\1\ThinkPHP\Extend\Model\RelationModel.class.php 第 188 行.
NOTIC: [8] Undefined index:  mapping_limit F:\www\1\ThinkPHP\Extend\Model\RelationModel.class.php 第 189 行.
SQL: SELECT b.* FROM pp_blog_attr AS a, pp_attr AS b WHERE a.aid = b.id AND a. bid='79' [ RunTime:0.000953s ]
SQL: SHOW COLUMNS FROM `pp_cate` [ RunTime:0.014703s ]
SQL: SELECT `name` FROM `pp_cate` WHERE ( 1=1 AND id='7' ) LIMIT 1   [ RunTime:0.001268s ]
NOTIC: [8] Undefined index:  mapping_order F:\www\1\ThinkPHP\Extend\Model\RelationModel.class.php 第 188 行.
NOTIC: [8] Undefined index:  mapping_limit F:\www\1\ThinkPHP\Extend\Model\RelationModel.class.php 第 189 行.
SQL: SELECT b.* FROM pp_blog_attr AS a, pp_attr AS b WHERE a.aid = b.id AND a. bid='80' [ RunTime:0.000840s ]
SQL: SELECT `name` FROM `pp_cate` WHERE ( 1=1 AND id='7' ) LIMIT 1   [ RunTime:0.000757s ]
NOTIC: [8] Undefined index:  mapping_order F:\www\1\ThinkPHP\Extend\Model\RelationModel.class.php 第 188 行.
NOTIC: [8] Undefined index:  mapping_limit F:\www\1\ThinkPHP\Extend\Model\RelationModel.class.php 第 189 行.
SQL: SELECT b.* FROM pp_blog_attr AS a, pp_attr AS b WHERE a.aid = b.id AND a. bid='81' [ RunTime:0.000690s ]
SQL: SELECT `name` FROM `pp_cate` WHERE ( 1=1 AND id='9' ) LIMIT 1   [ RunTime:0.000559s ]
NOTIC: [8] Undefined index:  mapping_order F:\www\1\ThinkPHP\Extend\Model\RelationModel.class.php 第 188 行.
NOTIC: [8] Undefined index:  mapping_limit F:\www\1\ThinkPHP\Extend\Model\RelationModel.class.php 第 189 行.
SQL: SELECT b.* FROM pp_blog_attr AS a, pp_attr AS b WHERE a.aid = b.id AND a. bid='82' [ RunTime:0.000684s ]
SQL: SELECT `name` FROM `pp_cate` WHERE ( 1=1 AND id='9' ) LIMIT 1   [ RunTime:0.000467s ]
INFO: [ view_parse ] --START--
INFO: ParseTemplate Behavior ::run [ RunTime:0.038354s ]
INFO: [ view_parse ] --END-- [ RunTime:0.038557s ]
INFO: [ view_filter ] --START--
INFO: ContentReplace Behavior ::run [ RunTime:0.001341s ]
INFO: TokenBuild Behavior ::run [ RunTime:0.001196s ]
INFO: WriteHtmlCache Behavior ::run [ RunTime:0.000729s ]
INFO: ShowRuntime Behavior ::run [ RunTime:0.001278s ]
INFO: [ view_filter ] --END-- [ RunTime:0.005008s ]
INFO: [ view_end ] --START--
INFO: ShowPageTrace Behavior ::run [ RunTime:0.001663s ]
INFO: [ view_end ] --END-- [ RunTime:0.002083s ]

[ 2014-08-30T22:31:58+08:00 ] 127.0.0.1 /1/index.php
INFO: [ app_begin ] --START--
INFO: ReadHtmlCache Behavior ::run [ RunTime:0.061830s ]
INFO: [ app_begin ] --END-- [ RunTime:0.163941s ]
SQL: SHOW COLUMNS FROM `pp_cate` [ RunTime:0.651670s ]
SQL: SELECT * FROM `pp_cate`  [ RunTime:0.115392s ]
SQL: SHOW COLUMNS FROM `pp_blog` [ RunTime:0.077219s ]
SQL: SELECT * FROM `pp_blog` WHERE ( `click` > 100 ) ORDER BY click desc  [ RunTime:0.220186s ]
SQL: SELECT * FROM `pp_blog` WHERE ( `time` > 1409322717 ) ORDER BY time desc  [ RunTime:0.001313s ]
SQL: SHOW COLUMNS FROM `pp_blog` [ RunTime:0.053729s ]
SQL: SELECT * FROM `pp_blog` LIMIT 4   [ RunTime:0.006845s ]
SQL: SHOW COLUMNS FROM `pp_attr` [ RunTime:0.084538s ]
NOTIC: [8] Undefined index:  mapping_order F:\www\1\ThinkPHP\Extend\Model\RelationModel.class.php 第 188 行.
NOTIC: [8] Undefined index:  mapping_limit F:\www\1\ThinkPHP\Extend\Model\RelationModel.class.php 第 189 行.
SQL: SELECT b.* FROM pp_blog_attr AS a, pp_attr AS b WHERE a.aid = b.id AND a. bid='79' [ RunTime:0.126360s ]
SQL: SHOW COLUMNS FROM `pp_cate` [ RunTime:0.047321s ]
SQL: SELECT `name` FROM `pp_cate` WHERE ( 1=1 AND id='7' ) LIMIT 1   [ RunTime:0.013004s ]
NOTIC: [8] Undefined index:  mapping_order F:\www\1\ThinkPHP\Extend\Model\RelationModel.class.php 第 188 行.
NOTIC: [8] Undefined index:  mapping_limit F:\www\1\ThinkPHP\Extend\Model\RelationModel.class.php 第 189 行.
SQL: SELECT b.* FROM pp_blog_attr AS a, pp_attr AS b WHERE a.aid = b.id AND a. bid='80' [ RunTime:0.001672s ]
SQL: SELECT `name` FROM `pp_cate` WHERE ( 1=1 AND id='7' ) LIMIT 1   [ RunTime:0.001401s ]
NOTIC: [8] Undefined index:  mapping_order F:\www\1\ThinkPHP\Extend\Model\RelationModel.class.php 第 188 行.
NOTIC: [8] Undefined index:  mapping_limit F:\www\1\ThinkPHP\Extend\Model\RelationModel.class.php 第 189 行.
SQL: SELECT b.* FROM pp_blog_attr AS a, pp_attr AS b WHERE a.aid = b.id AND a. bid='81' [ RunTime:0.001118s ]
SQL: SELECT `name` FROM `pp_cate` WHERE ( 1=1 AND id='9' ) LIMIT 1   [ RunTime:0.000644s ]
NOTIC: [8] Undefined index:  mapping_order F:\www\1\ThinkPHP\Extend\Model\RelationModel.class.php 第 188 行.
NOTIC: [8] Undefined index:  mapping_limit F:\www\1\ThinkPHP\Extend\Model\RelationModel.class.php 第 189 行.
SQL: SELECT b.* FROM pp_blog_attr AS a, pp_attr AS b WHERE a.aid = b.id AND a. bid='82' [ RunTime:0.000917s ]
SQL: SELECT `name` FROM `pp_cate` WHERE ( 1=1 AND id='9' ) LIMIT 1   [ RunTime:0.001425s ]
INFO: [ view_parse ] --START--
INFO: ParseTemplate Behavior ::run [ RunTime:1.197034s ]
INFO: [ view_parse ] --END-- [ RunTime:1.197533s ]
INFO: [ view_filter ] --START--
INFO: ContentReplace Behavior ::run [ RunTime:0.029593s ]
INFO: TokenBuild Behavior ::run [ RunTime:0.050198s ]
INFO: WriteHtmlCache Behavior ::run [ RunTime:0.030450s ]
INFO: ShowRuntime Behavior ::run [ RunTime:0.015140s ]
INFO: [ view_filter ] --END-- [ RunTime:0.125964s ]
INFO: [ view_end ] --START--
INFO: ShowPageTrace Behavior ::run [ RunTime:0.003304s ]
INFO: [ view_end ] --END-- [ RunTime:0.003473s ]

[ 2014-08-30T22:31:59+08:00 ] 127.0.0.1 /1/index.php
INFO: [ app_begin ] --START--
INFO: ReadHtmlCache Behavior ::run [ RunTime:0.002167s ]
INFO: [ app_begin ] --END-- [ RunTime:0.002416s ]
SQL: SHOW COLUMNS FROM `pp_cate` [ RunTime:0.023577s ]
SQL: SELECT * FROM `pp_cate`  [ RunTime:0.000795s ]
SQL: SHOW COLUMNS FROM `pp_blog` [ RunTime:0.011836s ]
SQL: SELECT * FROM `pp_blog` WHERE ( `click` > 100 ) ORDER BY click desc  [ RunTime:0.002057s ]
SQL: SELECT * FROM `pp_blog` WHERE ( `time` > 1409322719 ) ORDER BY time desc  [ RunTime:0.000827s ]
SQL: SHOW COLUMNS FROM `pp_blog` [ RunTime:0.006643s ]
SQL: SELECT * FROM `pp_blog` LIMIT 4   [ RunTime:0.006048s ]
SQL: SHOW COLUMNS FROM `pp_attr` [ RunTime:0.009031s ]
NOTIC: [8] Undefined index:  mapping_order F:\www\1\ThinkPHP\Extend\Model\RelationModel.class.php 第 188 行.
NOTIC: [8] Undefined index:  mapping_limit F:\www\1\ThinkPHP\Extend\Model\RelationModel.class.php 第 189 行.
SQL: SELECT b.* FROM pp_blog_attr AS a, pp_attr AS b WHERE a.aid = b.id AND a. bid='79' [ RunTime:0.001074s ]
SQL: SHOW COLUMNS FROM `pp_cate` [ RunTime:0.028916s ]
SQL: SELECT `name` FROM `pp_cate` WHERE ( 1=1 AND id='7' ) LIMIT 1   [ RunTime:0.005004s ]
NOTIC: [8] Undefined index:  mapping_order F:\www\1\ThinkPHP\Extend\Model\RelationModel.class.php 第 188 行.
NOTIC: [8] Undefined index:  mapping_limit F:\www\1\ThinkPHP\Extend\Model\RelationModel.class.php 第 189 行.
SQL: SELECT b.* FROM pp_blog_attr AS a, pp_attr AS b WHERE a.aid = b.id AND a. bid='80' [ RunTime:0.000966s ]
SQL: SELECT `name` FROM `pp_cate` WHERE ( 1=1 AND id='7' ) LIMIT 1   [ RunTime:0.001361s ]
NOTIC: [8] Undefined index:  mapping_order F:\www\1\ThinkPHP\Extend\Model\RelationModel.class.php 第 188 行.
NOTIC: [8] Undefined index:  mapping_limit F:\www\1\ThinkPHP\Extend\Model\RelationModel.class.php 第 189 行.
SQL: SELECT b.* FROM pp_blog_attr AS a, pp_attr AS b WHERE a.aid = b.id AND a. bid='81' [ RunTime:0.000736s ]
SQL: SELECT `name` FROM `pp_cate` WHERE ( 1=1 AND id='9' ) LIMIT 1   [ RunTime:0.000535s ]
NOTIC: [8] Undefined index:  mapping_order F:\www\1\ThinkPHP\Extend\Model\RelationModel.class.php 第 188 行.
NOTIC: [8] Undefined index:  mapping_limit F:\www\1\ThinkPHP\Extend\Model\RelationModel.class.php 第 189 行.
SQL: SELECT b.* FROM pp_blog_attr AS a, pp_attr AS b WHERE a.aid = b.id AND a. bid='82' [ RunTime:0.000623s ]
SQL: SELECT `name` FROM `pp_cate` WHERE ( 1=1 AND id='9' ) LIMIT 1   [ RunTime:0.000518s ]
INFO: [ view_parse ] --START--
INFO: ParseTemplate Behavior ::run [ RunTime:0.089309s ]
INFO: [ view_parse ] --END-- [ RunTime:0.089486s ]
INFO: [ view_filter ] --START--
INFO: ContentReplace Behavior ::run [ RunTime:0.002066s ]
INFO: TokenBuild Behavior ::run [ RunTime:0.002183s ]
INFO: WriteHtmlCache Behavior ::run [ RunTime:0.001580s ]
INFO: ShowRuntime Behavior ::run [ RunTime:0.028926s ]
INFO: [ view_filter ] --END-- [ RunTime:0.035241s ]
INFO: [ view_end ] --START--
INFO: ShowPageTrace Behavior ::run [ RunTime:0.002483s ]
INFO: [ view_end ] --END-- [ RunTime:0.002684s ]

[ 2014-08-30T22:32:42+08:00 ] 127.0.0.1 /1/index.php
INFO: [ app_begin ] --START--
INFO: ReadHtmlCache Behavior ::run [ RunTime:0.008821s ]
INFO: [ app_begin ] --END-- [ RunTime:0.013856s ]
SQL: SHOW COLUMNS FROM `pp_cate` [ RunTime:0.035243s ]
SQL: SELECT * FROM `pp_cate`  [ RunTime:0.003085s ]
SQL: SHOW COLUMNS FROM `pp_blog` [ RunTime:0.015008s ]
SQL: SELECT * FROM `pp_blog` WHERE ( `click` > 100 ) ORDER BY click desc  [ RunTime:0.004345s ]
SQL: SELECT * FROM `pp_blog` WHERE ( `time` > 1409322761 ) ORDER BY time desc  [ RunTime:0.001321s ]
SQL: SHOW COLUMNS FROM `pp_blog` [ RunTime:0.009644s ]
SQL: SELECT * FROM `pp_blog` LIMIT 4   [ RunTime:0.004984s ]
SQL: SHOW COLUMNS FROM `pp_attr` [ RunTime:0.013817s ]
NOTIC: [8] Undefined index:  mapping_order F:\www\1\ThinkPHP\Extend\Model\RelationModel.class.php 第 188 行.
NOTIC: [8] Undefined index:  mapping_limit F:\www\1\ThinkPHP\Extend\Model\RelationModel.class.php 第 189 行.
SQL: SELECT b.* FROM pp_blog_attr AS a, pp_attr AS b WHERE a.aid = b.id AND a. bid='79' [ RunTime:0.008253s ]
SQL: SHOW COLUMNS FROM `pp_cate` [ RunTime:0.010629s ]
SQL: SELECT `name` FROM `pp_cate` WHERE ( 1=1 AND id='7' ) LIMIT 1   [ RunTime:0.006758s ]
NOTIC: [8] Undefined index:  mapping_order F:\www\1\ThinkPHP\Extend\Model\RelationModel.class.php 第 188 行.
NOTIC: [8] Undefined index:  mapping_limit F:\www\1\ThinkPHP\Extend\Model\RelationModel.class.php 第 189 行.
SQL: SELECT b.* FROM pp_blog_attr AS a, pp_attr AS b WHERE a.aid = b.id AND a. bid='80' [ RunTime:0.001198s ]
SQL: SELECT `name` FROM `pp_cate` WHERE ( 1=1 AND id='7' ) LIMIT 1   [ RunTime:0.000861s ]
NOTIC: [8] Undefined index:  mapping_order F:\www\1\ThinkPHP\Extend\Model\RelationModel.class.php 第 188 行.
NOTIC: [8] Undefined index:  mapping_limit F:\www\1\ThinkPHP\Extend\Model\RelationModel.class.php 第 189 行.
SQL: SELECT b.* FROM pp_blog_attr AS a, pp_attr AS b WHERE a.aid = b.id AND a. bid='81' [ RunTime:0.000914s ]
SQL: SELECT `name` FROM `pp_cate` WHERE ( 1=1 AND id='9' ) LIMIT 1   [ RunTime:0.000562s ]
NOTIC: [8] Undefined index:  mapping_order F:\www\1\ThinkPHP\Extend\Model\RelationModel.class.php 第 188 行.
NOTIC: [8] Undefined index:  mapping_limit F:\www\1\ThinkPHP\Extend\Model\RelationModel.class.php 第 189 行.
SQL: SELECT b.* FROM pp_blog_attr AS a, pp_attr AS b WHERE a.aid = b.id AND a. bid='82' [ RunTime:0.000843s ]
SQL: SELECT `name` FROM `pp_cate` WHERE ( 1=1 AND id='9' ) LIMIT 1   [ RunTime:0.000542s ]
INFO: [ view_parse ] --START--
INFO: ParseTemplate Behavior ::run [ RunTime:0.072709s ]
INFO: [ view_parse ] --END-- [ RunTime:0.072967s ]
INFO: [ view_filter ] --START--
INFO: ContentReplace Behavior ::run [ RunTime:0.004367s ]
INFO: TokenBuild Behavior ::run [ RunTime:0.002485s ]
INFO: WriteHtmlCache Behavior ::run [ RunTime:0.002242s ]
INFO: ShowRuntime Behavior ::run [ RunTime:0.002361s ]
INFO: [ view_filter ] --END-- [ RunTime:0.012063s ]
INFO: [ view_end ] --START--
INFO: ShowPageTrace Behavior ::run [ RunTime:0.004389s ]
INFO: [ view_end ] --END-- [ RunTime:0.004654s ]

