[ 2014-09-04T01:20:32+08:00 ] 127.0.0.1 /1/index.php
INFO: [ app_begin ] --START--
INFO: ReadHtmlCache Behavior ::run [ RunTime:0.002442s ]
INFO: [ app_begin ] --END-- [ RunTime:0.002581s ]
SQL: SHOW COLUMNS FROM `pp_cate` [ RunTime:0.162650s ]
SQL: SELECT * FROM `pp_cate`  [ RunTime:0.123729s ]
SQL: SHOW COLUMNS FROM `pp_blog` [ RunTime:0.031144s ]
SQL: SELECT * FROM `pp_blog` WHERE ( `click` > 100 ) ORDER BY click desc  [ RunTime:0.085833s ]
SQL: SELECT * FROM `pp_blog` WHERE ( `time` > 1409678432 ) ORDER BY time desc  [ RunTime:0.015745s ]
SQL: SHOW COLUMNS FROM `pp_blog` [ RunTime:0.006217s ]
SQL: SELECT * FROM `pp_blog` LIMIT 4   [ RunTime:0.003737s ]
SQL: SHOW COLUMNS FROM `pp_attr` [ RunTime:0.060250s ]
NOTIC: [8] Undefined index:  mapping_order F:\www\1\ThinkPHP\Extend\Model\RelationModel.class.php 第 188 行.
NOTIC: [8] Undefined index:  mapping_limit F:\www\1\ThinkPHP\Extend\Model\RelationModel.class.php 第 189 行.
SQL: SELECT b.* FROM pp_blog_attr AS a, pp_attr AS b WHERE a.aid = b.id AND a. bid='79' [ RunTime:0.042367s ]
SQL: SHOW COLUMNS FROM `pp_cate` [ RunTime:0.004180s ]
SQL: SELECT `name` FROM `pp_cate` WHERE ( 1=1 AND id='7' ) LIMIT 1   [ RunTime:0.001749s ]
NOTIC: [8] Undefined index:  mapping_order F:\www\1\ThinkPHP\Extend\Model\RelationModel.class.php 第 188 行.
NOTIC: [8] Undefined index:  mapping_limit F:\www\1\ThinkPHP\Extend\Model\RelationModel.class.php 第 189 行.
SQL: SELECT b.* FROM pp_blog_attr AS a, pp_attr AS b WHERE a.aid = b.id AND a. bid='80' [ RunTime:0.000628s ]
SQL: SELECT `name` FROM `pp_cate` WHERE ( 1=1 AND id='7' ) LIMIT 1   [ RunTime:0.001931s ]
NOTIC: [8] Undefined index:  mapping_order F:\www\1\ThinkPHP\Extend\Model\RelationModel.class.php 第 188 行.
NOTIC: [8] Undefined index:  mapping_limit F:\www\1\ThinkPHP\Extend\Model\RelationModel.class.php 第 189 行.
SQL: SELECT b.* FROM pp_blog_attr AS a, pp_attr AS b WHERE a.aid = b.id AND a. bid='81' [ RunTime:0.001586s ]
SQL: SELECT `name` FROM `pp_cate` WHERE ( 1=1 AND id='9' ) LIMIT 1   [ RunTime:0.000427s ]
NOTIC: [8] Undefined index:  mapping_order F:\www\1\ThinkPHP\Extend\Model\RelationModel.class.php 第 188 行.
NOTIC: [8] Undefined index:  mapping_limit F:\www\1\ThinkPHP\Extend\Model\RelationModel.class.php 第 189 行.
SQL: SELECT b.* FROM pp_blog_attr AS a, pp_attr AS b WHERE a.aid = b.id AND a. bid='82' [ RunTime:0.000534s ]
SQL: SELECT `name` FROM `pp_cate` WHERE ( 1=1 AND id='9' ) LIMIT 1   [ RunTime:0.000536s ]
INFO: [ view_parse ] --START--
INFO: ParseTemplate Behavior ::run [ RunTime:0.114047s ]
INFO: [ view_parse ] --END-- [ RunTime:0.114183s ]
INFO: [ view_filter ] --START--
INFO: ContentReplace Behavior ::run [ RunTime:0.002662s ]
INFO: TokenBuild Behavior ::run [ RunTime:0.022762s ]
INFO: WriteHtmlCache Behavior ::run [ RunTime:0.001987s ]
INFO: ShowRuntime Behavior ::run [ RunTime:0.002304s ]
INFO: [ view_filter ] --END-- [ RunTime:0.030003s ]
INFO: [ view_end ] --START--
INFO: ShowPageTrace Behavior ::run [ RunTime:0.003086s ]
INFO: [ view_end ] --END-- [ RunTime:0.003376s ]

[ 2014-09-04T01:20:40+08:00 ] 127.0.0.1 /1/index.php/Admin/
INFO: [ route_check ] --START--
INFO: CheckRoute Behavior ::run [ RunTime:0.028286s ]
INFO: [ route_check ] --END-- [ RunTime:0.028433s ]
INFO: [ app_begin ] --START--
INFO: ReadHtmlCache Behavior ::run [ RunTime:0.000867s ]
INFO: [ app_begin ] --END-- [ RunTime:0.001003s ]

[ 2014-09-04T01:20:40+08:00 ] 127.0.0.1 /1/index.php/Admin/Login/Index
INFO: [ route_check ] --START--
INFO: CheckRoute Behavior ::run [ RunTime:0.001147s ]
INFO: [ route_check ] --END-- [ RunTime:0.001268s ]
INFO: [ app_begin ] --START--
INFO: ReadHtmlCache Behavior ::run [ RunTime:0.000714s ]
INFO: [ app_begin ] --END-- [ RunTime:0.000802s ]
INFO: [ view_parse ] --START--
INFO: ParseTemplate Behavior ::run [ RunTime:0.018768s ]
INFO: [ view_parse ] --END-- [ RunTime:0.018907s ]
INFO: [ view_filter ] --START--
INFO: ContentReplace Behavior ::run [ RunTime:0.001593s ]
INFO: TokenBuild Behavior ::run [ RunTime:0.001633s ]
INFO: WriteHtmlCache Behavior ::run [ RunTime:0.001476s ]
INFO: ShowRuntime Behavior ::run [ RunTime:0.001748s ]
INFO: [ view_filter ] --END-- [ RunTime:0.006697s ]
INFO: [ view_end ] --START--
INFO: ShowPageTrace Behavior ::run [ RunTime:0.001939s ]
INFO: [ view_end ] --END-- [ RunTime:0.002026s ]

[ 2014-09-04T01:20:40+08:00 ] 127.0.0.1 /1/index.php/Admin/Login/verify
INFO: [ route_check ] --START--
INFO: CheckRoute Behavior ::run [ RunTime:0.001234s ]
INFO: [ route_check ] --END-- [ RunTime:0.001441s ]
INFO: [ app_begin ] --START--
INFO: ReadHtmlCache Behavior ::run [ RunTime:0.000895s ]
INFO: [ app_begin ] --END-- [ RunTime:0.001005s ]
NOTIC: [8] ob_end_clean() [<a href='ref.outcontrol'>ref.outcontrol</a>]: failed to delete buffer. No buffer to delete. F:\www\1\Blog\Applications\Admin\action\LoginAction.class.php 第 18 行.
NOTIC: [8] Undefined index:  admin F:\www\1\ThinkPHP\Common\functions.php 第 617 行.

[ 2014-09-04T01:20:45+08:00 ] 127.0.0.1 /1/index.php/Admin/Login/checkAccount
INFO: [ route_check ] --START--
INFO: CheckRoute Behavior ::run [ RunTime:0.001113s ]
INFO: [ route_check ] --END-- [ RunTime:0.001228s ]
INFO: [ app_begin ] --START--
INFO: ReadHtmlCache Behavior ::run [ RunTime:0.000726s ]
INFO: [ app_begin ] --END-- [ RunTime:0.000808s ]
SQL: SHOW COLUMNS FROM `pp_user` [ RunTime:0.057269s ]
SQL: SELECT * FROM `pp_user`  [ RunTime:0.002986s ]

[ 2014-09-04T01:20:47+08:00 ] 127.0.0.1 /1/index.php/Admin/Login/checkcode
INFO: [ route_check ] --START--
INFO: CheckRoute Behavior ::run [ RunTime:0.001640s ]
INFO: [ route_check ] --END-- [ RunTime:0.001788s ]
INFO: [ app_begin ] --START--
INFO: ReadHtmlCache Behavior ::run [ RunTime:0.000801s ]
INFO: [ app_begin ] --END-- [ RunTime:0.000935s ]

[ 2014-09-04T01:20:47+08:00 ] 127.0.0.1 /1/index.php/Admin/Login/checkAccount
INFO: [ route_check ] --START--
INFO: CheckRoute Behavior ::run [ RunTime:0.001591s ]
INFO: [ route_check ] --END-- [ RunTime:0.001756s ]
INFO: [ app_begin ] --START--
INFO: ReadHtmlCache Behavior ::run [ RunTime:0.001058s ]
INFO: [ app_begin ] --END-- [ RunTime:0.001201s ]
SQL: SHOW COLUMNS FROM `pp_user` [ RunTime:0.005483s ]
SQL: SELECT * FROM `pp_user`  [ RunTime:0.001973s ]

[ 2014-09-04T01:20:47+08:00 ] 127.0.0.1 /1/index.php/Admin/Login/checkcode
INFO: [ route_check ] --START--
INFO: CheckRoute Behavior ::run [ RunTime:0.002879s ]
INFO: [ route_check ] --END-- [ RunTime:0.003071s ]
INFO: [ app_begin ] --START--
INFO: ReadHtmlCache Behavior ::run [ RunTime:0.001985s ]
INFO: [ app_begin ] --END-- [ RunTime:0.002158s ]

[ 2014-09-04T01:20:47+08:00 ] 127.0.0.1 /1/index.php/Admin/Login/checkpassword
INFO: [ route_check ] --START--
INFO: CheckRoute Behavior ::run [ RunTime:0.003003s ]
INFO: [ route_check ] --END-- [ RunTime:0.003190s ]
INFO: [ app_begin ] --START--
INFO: ReadHtmlCache Behavior ::run [ RunTime:0.001608s ]
INFO: [ app_begin ] --END-- [ RunTime:0.001778s ]
SQL: SHOW COLUMNS FROM `pp_user` [ RunTime:0.003524s ]
SQL: SELECT `password` FROM `pp_user` LIMIT 1   [ RunTime:0.001484s ]

[ 2014-09-04T01:20:49+08:00 ] 127.0.0.1 /1/index.php/Admin/Login/login
INFO: [ route_check ] --START--
INFO: CheckRoute Behavior ::run [ RunTime:0.001245s ]
INFO: [ route_check ] --END-- [ RunTime:0.001365s ]
INFO: [ app_begin ] --START--
INFO: ReadHtmlCache Behavior ::run [ RunTime:0.000736s ]
INFO: [ app_begin ] --END-- [ RunTime:0.000829s ]
SQL: SHOW COLUMNS FROM `pp_user` [ RunTime:0.005138s ]
SQL: SELECT * FROM `pp_user` WHERE ( `username` = 'admin' ) LIMIT 1   [ RunTime:0.001669s ]
SQL: UPDATE `pp_user` SET `logintime`=1409764849,`loginip`='127.0.0.1' WHERE ( `id` = 1 ) [ RunTime:0.073300s ]
INFO: [ view_parse ] --START--
INFO: ParseTemplate Behavior ::run [ RunTime:0.058411s ]
INFO: [ view_parse ] --END-- [ RunTime:0.058610s ]
INFO: [ view_filter ] --START--
INFO: ContentReplace Behavior ::run [ RunTime:0.001660s ]
INFO: TokenBuild Behavior ::run [ RunTime:0.001666s ]
INFO: WriteHtmlCache Behavior ::run [ RunTime:0.001556s ]
INFO: ShowRuntime Behavior ::run [ RunTime:0.001746s ]
INFO: [ view_filter ] --END-- [ RunTime:0.006911s ]
INFO: [ view_end ] --START--
INFO: ShowPageTrace Behavior ::run [ RunTime:0.002121s ]
INFO: [ view_end ] --END-- [ RunTime:0.002234s ]

[ 2014-09-04T01:20:51+08:00 ] 127.0.0.1 /1/index.php/Admin/Index/index
INFO: [ route_check ] --START--
INFO: CheckRoute Behavior ::run [ RunTime:0.002762s ]
INFO: [ route_check ] --END-- [ RunTime:0.002911s ]
INFO: [ app_begin ] --START--
INFO: ReadHtmlCache Behavior ::run [ RunTime:0.000978s ]
INFO: [ app_begin ] --END-- [ RunTime:0.001088s ]
INFO: [ view_parse ] --START--
INFO: ParseTemplate Behavior ::run [ RunTime:0.051685s ]
INFO: [ view_parse ] --END-- [ RunTime:0.051826s ]
INFO: [ view_filter ] --START--
INFO: ContentReplace Behavior ::run [ RunTime:0.003142s ]
INFO: TokenBuild Behavior ::run [ RunTime:0.002878s ]
INFO: WriteHtmlCache Behavior ::run [ RunTime:0.002328s ]
INFO: ShowRuntime Behavior ::run [ RunTime:0.003712s ]
INFO: [ view_filter ] --END-- [ RunTime:0.012721s ]
NOTIC: [2] Cannot modify header information - headers already sent by (output started at F:\www\1\Blog\Applications\Admin\action\IndexAction.class.php:37) F:\www\1\ThinkPHP\Lib\Core\View.class.php 第 95 行.
NOTIC: [2] Cannot modify header information - headers already sent by (output started at F:\www\1\Blog\Applications\Admin\action\IndexAction.class.php:37) F:\www\1\ThinkPHP\Lib\Core\View.class.php 第 96 行.
NOTIC: [2] Cannot modify header information - headers already sent by (output started at F:\www\1\Blog\Applications\Admin\action\IndexAction.class.php:37) F:\www\1\ThinkPHP\Lib\Core\View.class.php 第 97 行.
INFO: [ view_end ] --START--
INFO: ShowPageTrace Behavior ::run [ RunTime:0.002959s ]
INFO: [ view_end ] --END-- [ RunTime:0.003096s ]

[ 2014-09-04T01:20:51+08:00 ] 127.0.0.1 /1/index.php/Admin/Index/copy
INFO: [ route_check ] --START--
INFO: CheckRoute Behavior ::run [ RunTime:0.001107s ]
INFO: [ route_check ] --END-- [ RunTime:0.001222s ]
INFO: [ app_begin ] --START--
INFO: ReadHtmlCache Behavior ::run [ RunTime:0.000708s ]
INFO: [ app_begin ] --END-- [ RunTime:0.000799s ]
NOTIC: [8] Undefined index:  Admin F:\www\1\Blog\Applications\Admin\action\IndexAction.class.php 第 15 行.

[ 2014-09-04T01:20:53+08:00 ] 127.0.0.1 /1/index.php/Admin/Attr/index
INFO: [ route_check ] --START--
INFO: CheckRoute Behavior ::run [ RunTime:0.001222s ]
INFO: [ route_check ] --END-- [ RunTime:0.001361s ]
INFO: [ app_begin ] --START--
INFO: ReadHtmlCache Behavior ::run [ RunTime:0.000724s ]
INFO: [ app_begin ] --END-- [ RunTime:0.000814s ]
SQL: SHOW COLUMNS FROM `pp_attr` [ RunTime:0.003866s ]
SQL: SELECT * FROM `pp_attr`  [ RunTime:0.001796s ]
INFO: [ view_parse ] --START--
INFO: ParseTemplate Behavior ::run [ RunTime:0.019009s ]
INFO: [ view_parse ] --END-- [ RunTime:0.019133s ]
INFO: [ view_filter ] --START--
INFO: ContentReplace Behavior ::run [ RunTime:0.001575s ]
INFO: TokenBuild Behavior ::run [ RunTime:0.001771s ]
INFO: WriteHtmlCache Behavior ::run [ RunTime:0.001458s ]
INFO: ShowRuntime Behavior ::run [ RunTime:0.001931s ]
INFO: [ view_filter ] --END-- [ RunTime:0.006988s ]
INFO: [ view_end ] --START--
INFO: ShowPageTrace Behavior ::run [ RunTime:0.001855s ]
INFO: [ view_end ] --END-- [ RunTime:0.001934s ]

[ 2014-09-04T01:20:55+08:00 ] 127.0.0.1 /1/index.php/Admin/Category/index
INFO: [ route_check ] --START--
INFO: CheckRoute Behavior ::run [ RunTime:0.001212s ]
INFO: [ route_check ] --END-- [ RunTime:0.001338s ]
INFO: [ app_begin ] --START--
INFO: ReadHtmlCache Behavior ::run [ RunTime:0.000869s ]
INFO: [ app_begin ] --END-- [ RunTime:0.000986s ]
SQL: SHOW COLUMNS FROM `pp_cate` [ RunTime:0.003593s ]
SQL: SELECT * FROM `pp_cate` ORDER BY sort ASC  [ RunTime:0.001244s ]
INFO: [ view_parse ] --START--
INFO: ParseTemplate Behavior ::run [ RunTime:0.043136s ]
INFO: [ view_parse ] --END-- [ RunTime:0.043259s ]
INFO: [ view_filter ] --START--
INFO: ContentReplace Behavior ::run [ RunTime:0.001640s ]
INFO: TokenBuild Behavior ::run [ RunTime:0.001990s ]
INFO: WriteHtmlCache Behavior ::run [ RunTime:0.001452s ]
INFO: ShowRuntime Behavior ::run [ RunTime:0.001677s ]
INFO: [ view_filter ] --END-- [ RunTime:0.006991s ]
INFO: [ view_end ] --START--
INFO: ShowPageTrace Behavior ::run [ RunTime:0.001882s ]
INFO: [ view_end ] --END-- [ RunTime:0.001962s ]

[ 2014-09-04T01:22:41+08:00 ] 127.0.0.1 /1/index.php/Admin/Category/index
INFO: [ route_check ] --START--
INFO: CheckRoute Behavior ::run [ RunTime:0.001723s ]
INFO: [ route_check ] --END-- [ RunTime:0.001850s ]
INFO: [ app_begin ] --START--
INFO: ReadHtmlCache Behavior ::run [ RunTime:0.001994s ]
INFO: [ app_begin ] --END-- [ RunTime:0.002141s ]
SQL: SHOW COLUMNS FROM `pp_cate` [ RunTime:0.005953s ]
SQL: SELECT * FROM `pp_cate` ORDER BY sort ASC  [ RunTime:0.000948s ]
INFO: [ view_parse ] --START--
INFO: ParseTemplate Behavior ::run [ RunTime:0.026292s ]
INFO: [ view_parse ] --END-- [ RunTime:0.026447s ]
INFO: [ view_filter ] --START--
INFO: ContentReplace Behavior ::run [ RunTime:0.002002s ]
INFO: TokenBuild Behavior ::run [ RunTime:0.001635s ]
INFO: WriteHtmlCache Behavior ::run [ RunTime:0.001720s ]
INFO: ShowRuntime Behavior ::run [ RunTime:0.002306s ]
INFO: [ view_filter ] --END-- [ RunTime:0.007953s ]
NOTIC: [2] Cannot modify header information - headers already sent by (output started at F:\www\1\Blog\Common\common.php:11) F:\www\1\ThinkPHP\Lib\Core\View.class.php 第 95 行.
NOTIC: [2] Cannot modify header information - headers already sent by (output started at F:\www\1\Blog\Common\common.php:11) F:\www\1\ThinkPHP\Lib\Core\View.class.php 第 96 行.
NOTIC: [2] Cannot modify header information - headers already sent by (output started at F:\www\1\Blog\Common\common.php:11) F:\www\1\ThinkPHP\Lib\Core\View.class.php 第 97 行.
INFO: [ view_end ] --START--
INFO: ShowPageTrace Behavior ::run [ RunTime:0.002248s ]
INFO: [ view_end ] --END-- [ RunTime:0.002354s ]

[ 2014-09-04T01:22:48+08:00 ] 127.0.0.1 /1/index.php/Admin/Category/index
INFO: [ route_check ] --START--
INFO: CheckRoute Behavior ::run [ RunTime:0.001181s ]
INFO: [ route_check ] --END-- [ RunTime:0.001294s ]
INFO: [ app_begin ] --START--
INFO: ReadHtmlCache Behavior ::run [ RunTime:0.000722s ]
INFO: [ app_begin ] --END-- [ RunTime:0.000808s ]
SQL: SHOW COLUMNS FROM `pp_cate` [ RunTime:0.006057s ]
SQL: SELECT * FROM `pp_cate` ORDER BY sort ASC  [ RunTime:0.000607s ]
INFO: [ view_parse ] --START--
INFO: ParseTemplate Behavior ::run [ RunTime:0.020110s ]
INFO: [ view_parse ] --END-- [ RunTime:0.020233s ]
INFO: [ view_filter ] --START--
INFO: ContentReplace Behavior ::run [ RunTime:0.001677s ]
INFO: TokenBuild Behavior ::run [ RunTime:0.001562s ]
INFO: WriteHtmlCache Behavior ::run [ RunTime:0.001437s ]
INFO: ShowRuntime Behavior ::run [ RunTime:0.001730s ]
INFO: [ view_filter ] --END-- [ RunTime:0.006631s ]
NOTIC: [2] Cannot modify header information - headers already sent by (output started at F:\www\1\Blog\Common\common.php:11) F:\www\1\ThinkPHP\Lib\Core\View.class.php 第 95 行.
NOTIC: [2] Cannot modify header information - headers already sent by (output started at F:\www\1\Blog\Common\common.php:11) F:\www\1\ThinkPHP\Lib\Core\View.class.php 第 96 行.
NOTIC: [2] Cannot modify header information - headers already sent by (output started at F:\www\1\Blog\Common\common.php:11) F:\www\1\ThinkPHP\Lib\Core\View.class.php 第 97 行.
INFO: [ view_end ] --START--
INFO: ShowPageTrace Behavior ::run [ RunTime:0.001870s ]
INFO: [ view_end ] --END-- [ RunTime:0.001950s ]

[ 2014-09-04T01:23:06+08:00 ] 127.0.0.1 /1/index.php/Admin/Category/addCate
INFO: [ route_check ] --START--
INFO: CheckRoute Behavior ::run [ RunTime:0.001717s ]
INFO: [ route_check ] --END-- [ RunTime:0.001835s ]
INFO: [ app_begin ] --START--
INFO: ReadHtmlCache Behavior ::run [ RunTime:0.001340s ]
INFO: [ app_begin ] --END-- [ RunTime:0.001440s ]
INFO: [ view_parse ] --START--
INFO: ParseTemplate Behavior ::run [ RunTime:0.038608s ]
INFO: [ view_parse ] --END-- [ RunTime:0.038806s ]
INFO: [ view_filter ] --START--
INFO: ContentReplace Behavior ::run [ RunTime:0.001090s ]
INFO: TokenBuild Behavior ::run [ RunTime:0.001102s ]
INFO: WriteHtmlCache Behavior ::run [ RunTime:0.000952s ]
INFO: ShowRuntime Behavior ::run [ RunTime:0.001195s ]
INFO: [ view_filter ] --END-- [ RunTime:0.004554s ]
INFO: [ view_end ] --START--
INFO: ShowPageTrace Behavior ::run [ RunTime:0.001675s ]
INFO: [ view_end ] --END-- [ RunTime:0.001755s ]

[ 2014-09-04T01:23:10+08:00 ] 127.0.0.1 /1/index.php/Admin/Category/runAddCate
INFO: [ route_check ] --START--
INFO: CheckRoute Behavior ::run [ RunTime:0.001365s ]
INFO: [ route_check ] --END-- [ RunTime:0.001496s ]
INFO: [ app_begin ] --START--
INFO: ReadHtmlCache Behavior ::run [ RunTime:0.000867s ]
INFO: [ app_begin ] --END-- [ RunTime:0.001008s ]
SQL: SHOW COLUMNS FROM `pp_cate` [ RunTime:0.003760s ]
SQL: INSERT INTO `pp_cate` (`name`,`sort`,`pid`) VALUES ('改分号',100,0) [ RunTime:0.036879s ]
INFO: [ view_parse ] --START--
INFO: ParseTemplate Behavior ::run [ RunTime:0.013420s ]
INFO: [ view_parse ] --END-- [ RunTime:0.013610s ]
INFO: [ view_filter ] --START--
INFO: ContentReplace Behavior ::run [ RunTime:0.000527s ]
INFO: TokenBuild Behavior ::run [ RunTime:0.000572s ]
INFO: WriteHtmlCache Behavior ::run [ RunTime:0.000368s ]
INFO: ShowRuntime Behavior ::run [ RunTime:0.000684s ]
INFO: [ view_filter ] --END-- [ RunTime:0.002382s ]
INFO: [ view_end ] --START--
INFO: ShowPageTrace Behavior ::run [ RunTime:0.000838s ]
INFO: [ view_end ] --END-- [ RunTime:0.000922s ]

[ 2014-09-04T01:23:11+08:00 ] 127.0.0.1 /1/index.php/Admin/Category/index
INFO: [ route_check ] --START--
INFO: CheckRoute Behavior ::run [ RunTime:0.001140s ]
INFO: [ route_check ] --END-- [ RunTime:0.001266s ]
INFO: [ app_begin ] --START--
INFO: ReadHtmlCache Behavior ::run [ RunTime:0.000740s ]
INFO: [ app_begin ] --END-- [ RunTime:0.000840s ]
SQL: SHOW COLUMNS FROM `pp_cate` [ RunTime:0.003462s ]
SQL: SELECT * FROM `pp_cate` ORDER BY sort ASC  [ RunTime:0.001375s ]
INFO: [ view_parse ] --START--
INFO: ParseTemplate Behavior ::run [ RunTime:0.015629s ]
INFO: [ view_parse ] --END-- [ RunTime:0.015777s ]
INFO: [ view_filter ] --START--
INFO: ContentReplace Behavior ::run [ RunTime:0.000606s ]
INFO: TokenBuild Behavior ::run [ RunTime:0.000519s ]
INFO: WriteHtmlCache Behavior ::run [ RunTime:0.000358s ]
INFO: ShowRuntime Behavior ::run [ RunTime:0.000619s ]
INFO: [ view_filter ] --END-- [ RunTime:0.002329s ]
NOTIC: [2] Cannot modify header information - headers already sent by (output started at F:\www\1\Blog\Common\common.php:11) F:\www\1\ThinkPHP\Lib\Core\View.class.php 第 95 行.
NOTIC: [2] Cannot modify header information - headers already sent by (output started at F:\www\1\Blog\Common\common.php:11) F:\www\1\ThinkPHP\Lib\Core\View.class.php 第 96 行.
NOTIC: [2] Cannot modify header information - headers already sent by (output started at F:\www\1\Blog\Common\common.php:11) F:\www\1\ThinkPHP\Lib\Core\View.class.php 第 97 行.
INFO: [ view_end ] --START--
INFO: ShowPageTrace Behavior ::run [ RunTime:0.000796s ]
INFO: [ view_end ] --END-- [ RunTime:0.000875s ]

[ 2014-09-04T01:23:19+08:00 ] 127.0.0.1 /1/index.php/Admin/Category/addCate/pid/10
INFO: [ route_check ] --START--
INFO: CheckRoute Behavior ::run [ RunTime:0.001126s ]
INFO: [ route_check ] --END-- [ RunTime:0.001244s ]
INFO: [ app_begin ] --START--
INFO: ReadHtmlCache Behavior ::run [ RunTime:0.000876s ]
INFO: [ app_begin ] --END-- [ RunTime:0.000963s ]
INFO: [ view_parse ] --START--
INFO: ParseTemplate Behavior ::run [ RunTime:0.011785s ]
INFO: [ view_parse ] --END-- [ RunTime:0.011898s ]
INFO: [ view_filter ] --START--
INFO: ContentReplace Behavior ::run [ RunTime:0.000485s ]
INFO: TokenBuild Behavior ::run [ RunTime:0.000500s ]
INFO: WriteHtmlCache Behavior ::run [ RunTime:0.000362s ]
INFO: ShowRuntime Behavior ::run [ RunTime:0.000609s ]
INFO: [ view_filter ] --END-- [ RunTime:0.002169s ]
INFO: [ view_end ] --START--
INFO: ShowPageTrace Behavior ::run [ RunTime:0.000783s ]
INFO: [ view_end ] --END-- [ RunTime:0.000860s ]

[ 2014-09-04T01:23:22+08:00 ] 127.0.0.1 /1/index.php/Admin/Category/runAddCate
INFO: [ route_check ] --START--
INFO: CheckRoute Behavior ::run [ RunTime:0.001199s ]
INFO: [ route_check ] --END-- [ RunTime:0.001321s ]
INFO: [ app_begin ] --START--
INFO: ReadHtmlCache Behavior ::run [ RunTime:0.001184s ]
INFO: [ app_begin ] --END-- [ RunTime:0.001293s ]
SQL: SHOW COLUMNS FROM `pp_cate` [ RunTime:0.004873s ]
SQL: INSERT INTO `pp_cate` (`name`,`sort`,`pid`) VALUES ('随风倒',100,10) [ RunTime:0.002919s ]
INFO: [ view_parse ] --START--
INFO: ParseTemplate Behavior ::run [ RunTime:0.014586s ]
INFO: [ view_parse ] --END-- [ RunTime:0.014729s ]
INFO: [ view_filter ] --START--
INFO: ContentReplace Behavior ::run [ RunTime:0.000599s ]
INFO: TokenBuild Behavior ::run [ RunTime:0.000534s ]
INFO: WriteHtmlCache Behavior ::run [ RunTime:0.000361s ]
INFO: ShowRuntime Behavior ::run [ RunTime:0.000609s ]
INFO: [ view_filter ] --END-- [ RunTime:0.002332s ]
INFO: [ view_end ] --START--
INFO: ShowPageTrace Behavior ::run [ RunTime:0.000839s ]
INFO: [ view_end ] --END-- [ RunTime:0.000923s ]

[ 2014-09-04T01:23:23+08:00 ] 127.0.0.1 /1/index.php/Admin/Category/index
INFO: [ route_check ] --START--
INFO: CheckRoute Behavior ::run [ RunTime:0.002462s ]
INFO: [ route_check ] --END-- [ RunTime:0.002665s ]
INFO: [ app_begin ] --START--
INFO: ReadHtmlCache Behavior ::run [ RunTime:0.000765s ]
INFO: [ app_begin ] --END-- [ RunTime:0.000873s ]
SQL: SHOW COLUMNS FROM `pp_cate` [ RunTime:0.004031s ]
SQL: SELECT * FROM `pp_cate` ORDER BY sort ASC  [ RunTime:0.001663s ]
INFO: [ view_parse ] --START--
INFO: ParseTemplate Behavior ::run [ RunTime:0.015994s ]
INFO: [ view_parse ] --END-- [ RunTime:0.016122s ]
INFO: [ view_filter ] --START--
INFO: ContentReplace Behavior ::run [ RunTime:0.000604s ]
INFO: TokenBuild Behavior ::run [ RunTime:0.000507s ]
INFO: WriteHtmlCache Behavior ::run [ RunTime:0.000352s ]
INFO: ShowRuntime Behavior ::run [ RunTime:0.000625s ]
INFO: [ view_filter ] --END-- [ RunTime:0.002312s ]
NOTIC: [2] Cannot modify header information - headers already sent by (output started at F:\www\1\Blog\Common\common.php:11) F:\www\1\ThinkPHP\Lib\Core\View.class.php 第 95 行.
NOTIC: [2] Cannot modify header information - headers already sent by (output started at F:\www\1\Blog\Common\common.php:11) F:\www\1\ThinkPHP\Lib\Core\View.class.php 第 96 行.
NOTIC: [2] Cannot modify header information - headers already sent by (output started at F:\www\1\Blog\Common\common.php:11) F:\www\1\ThinkPHP\Lib\Core\View.class.php 第 97 行.
INFO: [ view_end ] --START--
INFO: ShowPageTrace Behavior ::run [ RunTime:0.000838s ]
INFO: [ view_end ] --END-- [ RunTime:0.000921s ]

[ 2014-09-04T01:23:31+08:00 ] 127.0.0.1 /1/index.php/Admin/Category/addCate/pid/1
INFO: [ route_check ] --START--
INFO: CheckRoute Behavior ::run [ RunTime:0.001214s ]
INFO: [ route_check ] --END-- [ RunTime:0.001331s ]
INFO: [ app_begin ] --START--
INFO: ReadHtmlCache Behavior ::run [ RunTime:0.000811s ]
INFO: [ app_begin ] --END-- [ RunTime:0.000902s ]
INFO: [ view_parse ] --START--
INFO: ParseTemplate Behavior ::run [ RunTime:0.012484s ]
INFO: [ view_parse ] --END-- [ RunTime:0.012663s ]
INFO: [ view_filter ] --START--
INFO: ContentReplace Behavior ::run [ RunTime:0.000529s ]
INFO: TokenBuild Behavior ::run [ RunTime:0.000501s ]
INFO: WriteHtmlCache Behavior ::run [ RunTime:0.000392s ]
INFO: ShowRuntime Behavior ::run [ RunTime:0.000609s ]
INFO: [ view_filter ] --END-- [ RunTime:0.002244s ]
INFO: [ view_end ] --START--
INFO: ShowPageTrace Behavior ::run [ RunTime:0.000822s ]
INFO: [ view_end ] --END-- [ RunTime:0.000932s ]

[ 2014-09-04T01:23:34+08:00 ] 127.0.0.1 /1/index.php/Admin/Category/runAddCate
INFO: [ route_check ] --START--
INFO: CheckRoute Behavior ::run [ RunTime:0.002529s ]
INFO: [ route_check ] --END-- [ RunTime:0.002756s ]
INFO: [ app_begin ] --START--
INFO: ReadHtmlCache Behavior ::run [ RunTime:0.000740s ]
INFO: [ app_begin ] --END-- [ RunTime:0.000833s ]
SQL: SHOW COLUMNS FROM `pp_cate` [ RunTime:0.005685s ]
SQL: INSERT INTO `pp_cate` (`name`,`sort`,`pid`) VALUES ('而',100,1) [ RunTime:0.006569s ]
INFO: [ view_parse ] --START--
INFO: ParseTemplate Behavior ::run [ RunTime:0.012483s ]
INFO: [ view_parse ] --END-- [ RunTime:0.012700s ]
INFO: [ view_filter ] --START--
INFO: ContentReplace Behavior ::run [ RunTime:0.001307s ]
INFO: TokenBuild Behavior ::run [ RunTime:0.000547s ]
INFO: WriteHtmlCache Behavior ::run [ RunTime:0.000358s ]
INFO: ShowRuntime Behavior ::run [ RunTime:0.000604s ]
INFO: [ view_filter ] --END-- [ RunTime:0.003091s ]
INFO: [ view_end ] --START--
INFO: ShowPageTrace Behavior ::run [ RunTime:0.000792s ]
INFO: [ view_end ] --END-- [ RunTime:0.000870s ]

[ 2014-09-04T01:23:35+08:00 ] 127.0.0.1 /1/index.php/Admin/Category/index
INFO: [ route_check ] --START--
INFO: CheckRoute Behavior ::run [ RunTime:0.001437s ]
INFO: [ route_check ] --END-- [ RunTime:0.001567s ]
INFO: [ app_begin ] --START--
INFO: ReadHtmlCache Behavior ::run [ RunTime:0.000744s ]
INFO: [ app_begin ] --END-- [ RunTime:0.000846s ]
SQL: SHOW COLUMNS FROM `pp_cate` [ RunTime:0.003710s ]
SQL: SELECT * FROM `pp_cate` ORDER BY sort ASC  [ RunTime:0.001496s ]
INFO: [ view_parse ] --START--
INFO: ParseTemplate Behavior ::run [ RunTime:0.016918s ]
INFO: [ view_parse ] --END-- [ RunTime:0.017048s ]
INFO: [ view_filter ] --START--
INFO: ContentReplace Behavior ::run [ RunTime:0.000648s ]
INFO: TokenBuild Behavior ::run [ RunTime:0.000519s ]
INFO: WriteHtmlCache Behavior ::run [ RunTime:0.000359s ]
INFO: ShowRuntime Behavior ::run [ RunTime:0.000631s ]
INFO: [ view_filter ] --END-- [ RunTime:0.002392s ]
NOTIC: [2] Cannot modify header information - headers already sent by (output started at F:\www\1\Blog\Common\common.php:11) F:\www\1\ThinkPHP\Lib\Core\View.class.php 第 95 行.
NOTIC: [2] Cannot modify header information - headers already sent by (output started at F:\www\1\Blog\Common\common.php:11) F:\www\1\ThinkPHP\Lib\Core\View.class.php 第 96 行.
NOTIC: [2] Cannot modify header information - headers already sent by (output started at F:\www\1\Blog\Common\common.php:11) F:\www\1\ThinkPHP\Lib\Core\View.class.php 第 97 行.
INFO: [ view_end ] --START--
INFO: ShowPageTrace Behavior ::run [ RunTime:0.000866s ]
INFO: [ view_end ] --END-- [ RunTime:0.000950s ]

[ 2014-09-04T01:24:39+08:00 ] 127.0.0.1 /1/index.php/Admin/Category/index
INFO: [ route_check ] --START--
INFO: CheckRoute Behavior ::run [ RunTime:0.001932s ]
INFO: [ route_check ] --END-- [ RunTime:0.002066s ]
INFO: [ app_begin ] --START--
INFO: ReadHtmlCache Behavior ::run [ RunTime:0.000820s ]
INFO: [ app_begin ] --END-- [ RunTime:0.000983s ]
SQL: SHOW COLUMNS FROM `pp_cate` [ RunTime:0.003845s ]
SQL: SELECT * FROM `pp_cate` ORDER BY sort ASC  [ RunTime:0.002397s ]
INFO: [ view_parse ] --START--
INFO: ParseTemplate Behavior ::run [ RunTime:0.017970s ]
INFO: [ view_parse ] --END-- [ RunTime:0.018097s ]
INFO: [ view_filter ] --START--
INFO: ContentReplace Behavior ::run [ RunTime:0.000582s ]
INFO: TokenBuild Behavior ::run [ RunTime:0.000516s ]
INFO: WriteHtmlCache Behavior ::run [ RunTime:0.000360s ]
INFO: ShowRuntime Behavior ::run [ RunTime:0.000759s ]
INFO: [ view_filter ] --END-- [ RunTime:0.002449s ]
NOTIC: [2] Cannot modify header information - headers already sent by (output started at F:\www\1\Blog\Common\common.php:11) F:\www\1\ThinkPHP\Lib\Core\View.class.php 第 95 行.
NOTIC: [2] Cannot modify header information - headers already sent by (output started at F:\www\1\Blog\Common\common.php:11) F:\www\1\ThinkPHP\Lib\Core\View.class.php 第 96 行.
NOTIC: [2] Cannot modify header information - headers already sent by (output started at F:\www\1\Blog\Common\common.php:11) F:\www\1\ThinkPHP\Lib\Core\View.class.php 第 97 行.
INFO: [ view_end ] --START--
INFO: ShowPageTrace Behavior ::run [ RunTime:0.001738s ]
INFO: [ view_end ] --END-- [ RunTime:0.001892s ]

[ 2014-09-04T01:24:55+08:00 ] 127.0.0.1 /1/index.php/Admin/Index/index
INFO: [ route_check ] --START--
INFO: CheckRoute Behavior ::run [ RunTime:0.001165s ]
INFO: [ route_check ] --END-- [ RunTime:0.001280s ]
INFO: [ app_begin ] --START--
INFO: ReadHtmlCache Behavior ::run [ RunTime:0.000876s ]
INFO: [ app_begin ] --END-- [ RunTime:0.000995s ]
INFO: [ view_parse ] --START--
INFO: ParseTemplate Behavior ::run [ RunTime:0.013699s ]
INFO: [ view_parse ] --END-- [ RunTime:0.013830s ]
INFO: [ view_filter ] --START--
INFO: ContentReplace Behavior ::run [ RunTime:0.000512s ]
INFO: TokenBuild Behavior ::run [ RunTime:0.000506s ]
INFO: WriteHtmlCache Behavior ::run [ RunTime:0.000358s ]
INFO: ShowRuntime Behavior ::run [ RunTime:0.000609s ]
INFO: [ view_filter ] --END-- [ RunTime:0.002204s ]
NOTIC: [2] Cannot modify header information - headers already sent by (output started at F:\www\1\Blog\Applications\Admin\action\IndexAction.class.php:37) F:\www\1\ThinkPHP\Lib\Core\View.class.php 第 95 行.
NOTIC: [2] Cannot modify header information - headers already sent by (output started at F:\www\1\Blog\Applications\Admin\action\IndexAction.class.php:37) F:\www\1\ThinkPHP\Lib\Core\View.class.php 第 96 行.
NOTIC: [2] Cannot modify header information - headers already sent by (output started at F:\www\1\Blog\Applications\Admin\action\IndexAction.class.php:37) F:\www\1\ThinkPHP\Lib\Core\View.class.php 第 97 行.
INFO: [ view_end ] --START--
INFO: ShowPageTrace Behavior ::run [ RunTime:0.000811s ]
INFO: [ view_end ] --END-- [ RunTime:0.000887s ]

[ 2014-09-04T01:24:55+08:00 ] 127.0.0.1 /1/index.php/Admin/Index/copy
INFO: [ route_check ] --START--
INFO: CheckRoute Behavior ::run [ RunTime:0.001108s ]
INFO: [ route_check ] --END-- [ RunTime:0.001221s ]
INFO: [ app_begin ] --START--
INFO: ReadHtmlCache Behavior ::run [ RunTime:0.000773s ]
INFO: [ app_begin ] --END-- [ RunTime:0.000880s ]
NOTIC: [8] Undefined index:  Admin F:\www\1\Blog\Applications\Admin\action\IndexAction.class.php 第 15 行.

[ 2014-09-04T01:24:58+08:00 ] 127.0.0.1 /1/index.php/Admin/Category/index
INFO: [ route_check ] --START--
INFO: CheckRoute Behavior ::run [ RunTime:0.001167s ]
INFO: [ route_check ] --END-- [ RunTime:0.001290s ]
INFO: [ app_begin ] --START--
INFO: ReadHtmlCache Behavior ::run [ RunTime:0.000808s ]
INFO: [ app_begin ] --END-- [ RunTime:0.000925s ]
SQL: SHOW COLUMNS FROM `pp_cate` [ RunTime:0.003541s ]
SQL: SELECT * FROM `pp_cate` ORDER BY sort ASC  [ RunTime:0.001314s ]
INFO: [ view_parse ] --START--
INFO: ParseTemplate Behavior ::run [ RunTime:0.016222s ]
INFO: [ view_parse ] --END-- [ RunTime:0.016365s ]
INFO: [ view_filter ] --START--
INFO: ContentReplace Behavior ::run [ RunTime:0.000544s ]
INFO: TokenBuild Behavior ::run [ RunTime:0.000517s ]
INFO: WriteHtmlCache Behavior ::run [ RunTime:0.000477s ]
INFO: ShowRuntime Behavior ::run [ RunTime:0.000644s ]
INFO: [ view_filter ] --END-- [ RunTime:0.002415s ]
INFO: [ view_end ] --START--
INFO: ShowPageTrace Behavior ::run [ RunTime:0.000810s ]
INFO: [ view_end ] --END-- [ RunTime:0.000889s ]

[ 2014-09-04T01:27:30+08:00 ] 127.0.0.1 /1/index.php/Admin/Category/addCate/pid/11
INFO: [ route_check ] --START--
INFO: CheckRoute Behavior ::run [ RunTime:0.001709s ]
INFO: [ route_check ] --END-- [ RunTime:0.001830s ]
INFO: [ app_begin ] --START--
INFO: ReadHtmlCache Behavior ::run [ RunTime:0.001294s ]
INFO: [ app_begin ] --END-- [ RunTime:0.001402s ]
INFO: [ view_parse ] --START--
INFO: ParseTemplate Behavior ::run [ RunTime:0.017397s ]
INFO: [ view_parse ] --END-- [ RunTime:0.017542s ]
INFO: [ view_filter ] --START--
INFO: ContentReplace Behavior ::run [ RunTime:0.002019s ]
INFO: TokenBuild Behavior ::run [ RunTime:0.003294s ]
INFO: WriteHtmlCache Behavior ::run [ RunTime:0.001519s ]
INFO: ShowRuntime Behavior ::run [ RunTime:0.001660s ]
INFO: [ view_filter ] --END-- [ RunTime:0.008739s ]
INFO: [ view_end ] --START--
INFO: ShowPageTrace Behavior ::run [ RunTime:0.001848s ]
INFO: [ view_end ] --END-- [ RunTime:0.001929s ]

[ 2014-09-04T01:27:33+08:00 ] 127.0.0.1 /1/index.php/Admin/Category/runAddCate
INFO: [ route_check ] --START--
INFO: CheckRoute Behavior ::run [ RunTime:0.001115s ]
INFO: [ route_check ] --END-- [ RunTime:0.001232s ]
INFO: [ app_begin ] --START--
INFO: ReadHtmlCache Behavior ::run [ RunTime:0.000715s ]
INFO: [ app_begin ] --END-- [ RunTime:0.000800s ]
SQL: SHOW COLUMNS FROM `pp_cate` [ RunTime:0.003464s ]
SQL: INSERT INTO `pp_cate` (`name`,`sort`,`pid`) VALUES ('是否',100,11) [ RunTime:0.017825s ]
INFO: [ view_parse ] --START--
INFO: ParseTemplate Behavior ::run [ RunTime:0.017621s ]
INFO: [ view_parse ] --END-- [ RunTime:0.017761s ]
INFO: [ view_filter ] --START--
INFO: ContentReplace Behavior ::run [ RunTime:0.001962s ]
INFO: TokenBuild Behavior ::run [ RunTime:0.001615s ]
INFO: WriteHtmlCache Behavior ::run [ RunTime:0.001412s ]
INFO: ShowRuntime Behavior ::run [ RunTime:0.001666s ]
INFO: [ view_filter ] --END-- [ RunTime:0.006903s ]
INFO: [ view_end ] --START--
INFO: ShowPageTrace Behavior ::run [ RunTime:0.001866s ]
INFO: [ view_end ] --END-- [ RunTime:0.001947s ]

[ 2014-09-04T01:27:35+08:00 ] 127.0.0.1 /1/index.php/Admin/Category/index
INFO: [ route_check ] --START--
INFO: CheckRoute Behavior ::run [ RunTime:0.001193s ]
INFO: [ route_check ] --END-- [ RunTime:0.001314s ]
INFO: [ app_begin ] --START--
INFO: ReadHtmlCache Behavior ::run [ RunTime:0.000743s ]
INFO: [ app_begin ] --END-- [ RunTime:0.000838s ]
SQL: SHOW COLUMNS FROM `pp_cate` [ RunTime:0.006052s ]
SQL: SELECT * FROM `pp_cate` ORDER BY sort ASC  [ RunTime:0.000520s ]
INFO: [ view_parse ] --START--
INFO: ParseTemplate Behavior ::run [ RunTime:0.021426s ]
INFO: [ view_parse ] --END-- [ RunTime:0.021557s ]
INFO: [ view_filter ] --START--
INFO: ContentReplace Behavior ::run [ RunTime:0.002470s ]
INFO: TokenBuild Behavior ::run [ RunTime:0.002354s ]
INFO: WriteHtmlCache Behavior ::run [ RunTime:0.001478s ]
INFO: ShowRuntime Behavior ::run [ RunTime:0.001746s ]
INFO: [ view_filter ] --END-- [ RunTime:0.008363s ]
NOTIC: [2] Cannot modify header information - headers already sent by (output started at F:\www\1\Blog\Common\common.php:11) F:\www\1\ThinkPHP\Lib\Core\View.class.php 第 95 行.
NOTIC: [2] Cannot modify header information - headers already sent by (output started at F:\www\1\Blog\Common\common.php:11) F:\www\1\ThinkPHP\Lib\Core\View.class.php 第 96 行.
NOTIC: [2] Cannot modify header information - headers already sent by (output started at F:\www\1\Blog\Common\common.php:11) F:\www\1\ThinkPHP\Lib\Core\View.class.php 第 97 行.
INFO: [ view_end ] --START--
INFO: ShowPageTrace Behavior ::run [ RunTime:0.001881s ]
INFO: [ view_end ] --END-- [ RunTime:0.001964s ]

[ 2014-09-04T01:28:08+08:00 ] 127.0.0.1 /1/index.php
INFO: [ app_begin ] --START--
INFO: ReadHtmlCache Behavior ::run [ RunTime:0.000875s ]
INFO: [ app_begin ] --END-- [ RunTime:0.000997s ]
SQL: SHOW COLUMNS FROM `pp_cate` [ RunTime:0.003695s ]
SQL: SELECT * FROM `pp_cate`  [ RunTime:0.002817s ]
SQL: SHOW COLUMNS FROM `pp_blog` [ RunTime:0.003849s ]
SQL: SELECT * FROM `pp_blog` WHERE ( `click` > 100 ) ORDER BY click desc  [ RunTime:0.002568s ]
SQL: SELECT * FROM `pp_blog` WHERE ( `time` > 1409678888 ) ORDER BY time desc  [ RunTime:0.000552s ]
SQL: SHOW COLUMNS FROM `pp_blog` [ RunTime:0.004862s ]
SQL: SELECT * FROM `pp_blog` LIMIT 4   [ RunTime:0.003335s ]
SQL: SHOW COLUMNS FROM `pp_attr` [ RunTime:0.003731s ]
NOTIC: [8] Undefined index:  mapping_order F:\www\1\ThinkPHP\Extend\Model\RelationModel.class.php 第 188 行.
NOTIC: [8] Undefined index:  mapping_limit F:\www\1\ThinkPHP\Extend\Model\RelationModel.class.php 第 189 行.
SQL: SELECT b.* FROM pp_blog_attr AS a, pp_attr AS b WHERE a.aid = b.id AND a. bid='79' [ RunTime:0.002066s ]
SQL: SHOW COLUMNS FROM `pp_cate` [ RunTime:0.003737s ]
SQL: SELECT `name` FROM `pp_cate` WHERE ( 1=1 AND id='7' ) LIMIT 1   [ RunTime:0.001567s ]
NOTIC: [8] Undefined index:  mapping_order F:\www\1\ThinkPHP\Extend\Model\RelationModel.class.php 第 188 行.
NOTIC: [8] Undefined index:  mapping_limit F:\www\1\ThinkPHP\Extend\Model\RelationModel.class.php 第 189 行.
SQL: SELECT b.* FROM pp_blog_attr AS a, pp_attr AS b WHERE a.aid = b.id AND a. bid='80' [ RunTime:0.000313s ]
SQL: SELECT `name` FROM `pp_cate` WHERE ( 1=1 AND id='7' ) LIMIT 1   [ RunTime:0.000214s ]
NOTIC: [8] Undefined index:  mapping_order F:\www\1\ThinkPHP\Extend\Model\RelationModel.class.php 第 188 行.
NOTIC: [8] Undefined index:  mapping_limit F:\www\1\ThinkPHP\Extend\Model\RelationModel.class.php 第 189 行.
SQL: SELECT b.* FROM pp_blog_attr AS a, pp_attr AS b WHERE a.aid = b.id AND a. bid='81' [ RunTime:0.000241s ]
SQL: SELECT `name` FROM `pp_cate` WHERE ( 1=1 AND id='9' ) LIMIT 1   [ RunTime:0.000213s ]
NOTIC: [8] Undefined index:  mapping_order F:\www\1\ThinkPHP\Extend\Model\RelationModel.class.php 第 188 行.
NOTIC: [8] Undefined index:  mapping_limit F:\www\1\ThinkPHP\Extend\Model\RelationModel.class.php 第 189 行.
SQL: SELECT b.* FROM pp_blog_attr AS a, pp_attr AS b WHERE a.aid = b.id AND a. bid='82' [ RunTime:0.000284s ]
SQL: SELECT `name` FROM `pp_cate` WHERE ( 1=1 AND id='9' ) LIMIT 1   [ RunTime:0.000217s ]
INFO: [ view_parse ] --START--
INFO: ParseTemplate Behavior ::run [ RunTime:0.024393s ]
INFO: [ view_parse ] --END-- [ RunTime:0.024514s ]
INFO: [ view_filter ] --START--
INFO: ContentReplace Behavior ::run [ RunTime:0.001725s ]
INFO: TokenBuild Behavior ::run [ RunTime:0.001732s ]
INFO: WriteHtmlCache Behavior ::run [ RunTime:0.001504s ]
INFO: ShowRuntime Behavior ::run [ RunTime:0.001666s ]
INFO: [ view_filter ] --END-- [ RunTime:0.006863s ]
INFO: [ view_end ] --START--
INFO: ShowPageTrace Behavior ::run [ RunTime:0.001877s ]
INFO: [ view_end ] --END-- [ RunTime:0.001954s ]

[ 2014-09-04T01:28:20+08:00 ] 127.0.0.1 /1/index.php/Admin/
INFO: [ route_check ] --START--
INFO: CheckRoute Behavior ::run [ RunTime:0.001153s ]
INFO: [ route_check ] --END-- [ RunTime:0.001267s ]
INFO: [ app_begin ] --START--
INFO: ReadHtmlCache Behavior ::run [ RunTime:0.000781s ]
INFO: [ app_begin ] --END-- [ RunTime:0.000874s ]
INFO: [ view_parse ] --START--
INFO: ParseTemplate Behavior ::run [ RunTime:0.017728s ]
INFO: [ view_parse ] --END-- [ RunTime:0.017841s ]
INFO: [ view_filter ] --START--
INFO: ContentReplace Behavior ::run [ RunTime:0.002960s ]
INFO: TokenBuild Behavior ::run [ RunTime:0.003063s ]
INFO: WriteHtmlCache Behavior ::run [ RunTime:0.001795s ]
INFO: ShowRuntime Behavior ::run [ RunTime:0.001722s ]
INFO: [ view_filter ] --END-- [ RunTime:0.009826s ]
NOTIC: [2] Cannot modify header information - headers already sent by (output started at F:\www\1\Blog\Applications\Admin\action\IndexAction.class.php:37) F:\www\1\ThinkPHP\Lib\Core\View.class.php 第 95 行.
NOTIC: [2] Cannot modify header information - headers already sent by (output started at F:\www\1\Blog\Applications\Admin\action\IndexAction.class.php:37) F:\www\1\ThinkPHP\Lib\Core\View.class.php 第 96 行.
NOTIC: [2] Cannot modify header information - headers already sent by (output started at F:\www\1\Blog\Applications\Admin\action\IndexAction.class.php:37) F:\www\1\ThinkPHP\Lib\Core\View.class.php 第 97 行.
INFO: [ view_end ] --START--
INFO: ShowPageTrace Behavior ::run [ RunTime:0.001981s ]
INFO: [ view_end ] --END-- [ RunTime:0.002069s ]

[ 2014-09-04T01:28:21+08:00 ] 127.0.0.1 /1/index.php/Admin/Index/copy
INFO: [ route_check ] --START--
INFO: CheckRoute Behavior ::run [ RunTime:0.001273s ]
INFO: [ route_check ] --END-- [ RunTime:0.001386s ]
INFO: [ app_begin ] --START--
INFO: ReadHtmlCache Behavior ::run [ RunTime:0.000734s ]
INFO: [ app_begin ] --END-- [ RunTime:0.000835s ]
NOTIC: [8] Undefined index:  Admin F:\www\1\Blog\Applications\Admin\action\IndexAction.class.php 第 15 行.

[ 2014-09-04T01:28:28+08:00 ] 127.0.0.1 /1/index.php/Admin/Attr/index
INFO: [ route_check ] --START--
INFO: CheckRoute Behavior ::run [ RunTime:0.001114s ]
INFO: [ route_check ] --END-- [ RunTime:0.001227s ]
INFO: [ app_begin ] --START--
INFO: ReadHtmlCache Behavior ::run [ RunTime:0.000709s ]
INFO: [ app_begin ] --END-- [ RunTime:0.000798s ]
SQL: SHOW COLUMNS FROM `pp_attr` [ RunTime:0.003659s ]
SQL: SELECT * FROM `pp_attr`  [ RunTime:0.001717s ]
INFO: [ view_parse ] --START--
INFO: ParseTemplate Behavior ::run [ RunTime:0.017579s ]
INFO: [ view_parse ] --END-- [ RunTime:0.017704s ]
INFO: [ view_filter ] --START--
INFO: ContentReplace Behavior ::run [ RunTime:0.001577s ]
INFO: TokenBuild Behavior ::run [ RunTime:0.001760s ]
INFO: WriteHtmlCache Behavior ::run [ RunTime:0.001431s ]
INFO: ShowRuntime Behavior ::run [ RunTime:0.001687s ]
INFO: [ view_filter ] --END-- [ RunTime:0.006683s ]
INFO: [ view_end ] --START--
INFO: ShowPageTrace Behavior ::run [ RunTime:0.001849s ]
INFO: [ view_end ] --END-- [ RunTime:0.001929s ]

[ 2014-09-04T01:28:29+08:00 ] 127.0.0.1 /1/index.php/Admin/Category/index
INFO: [ route_check ] --START--
INFO: CheckRoute Behavior ::run [ RunTime:0.001339s ]
INFO: [ route_check ] --END-- [ RunTime:0.001467s ]
INFO: [ app_begin ] --START--
INFO: ReadHtmlCache Behavior ::run [ RunTime:0.000860s ]
INFO: [ app_begin ] --END-- [ RunTime:0.000962s ]
SQL: SHOW COLUMNS FROM `pp_cate` [ RunTime:0.005208s ]
SQL: SELECT * FROM `pp_cate` ORDER BY sort ASC  [ RunTime:0.000603s ]
INFO: [ view_parse ] --START--
INFO: ParseTemplate Behavior ::run [ RunTime:0.020373s ]
INFO: [ view_parse ] --END-- [ RunTime:0.020494s ]
INFO: [ view_filter ] --START--
INFO: ContentReplace Behavior ::run [ RunTime:0.001757s ]
INFO: TokenBuild Behavior ::run [ RunTime:0.001565s ]
INFO: WriteHtmlCache Behavior ::run [ RunTime:0.001424s ]
INFO: ShowRuntime Behavior ::run [ RunTime:0.001660s ]
INFO: [ view_filter ] --END-- [ RunTime:0.006630s ]
NOTIC: [2] Cannot modify header information - headers already sent by (output started at F:\www\1\Blog\Common\common.php:11) F:\www\1\ThinkPHP\Lib\Core\View.class.php 第 95 行.
NOTIC: [2] Cannot modify header information - headers already sent by (output started at F:\www\1\Blog\Common\common.php:11) F:\www\1\ThinkPHP\Lib\Core\View.class.php 第 96 行.
NOTIC: [2] Cannot modify header information - headers already sent by (output started at F:\www\1\Blog\Common\common.php:11) F:\www\1\ThinkPHP\Lib\Core\View.class.php 第 97 行.
INFO: [ view_end ] --START--
INFO: ShowPageTrace Behavior ::run [ RunTime:0.001851s ]
INFO: [ view_end ] --END-- [ RunTime:0.001927s ]

[ 2014-09-04T01:29:56+08:00 ] 127.0.0.1 /1/index.php/Admin/Category/index
INFO: [ route_check ] --START--
INFO: CheckRoute Behavior ::run [ RunTime:0.001678s ]
INFO: [ route_check ] --END-- [ RunTime:0.001800s ]
INFO: [ app_begin ] --START--
INFO: ReadHtmlCache Behavior ::run [ RunTime:0.001262s ]
INFO: [ app_begin ] --END-- [ RunTime:0.001348s ]
SQL: SHOW COLUMNS FROM `pp_cate` [ RunTime:0.003673s ]
SQL: SELECT * FROM `pp_cate` ORDER BY sort ASC  [ RunTime:0.001124s ]
INFO: [ view_parse ] --START--
INFO: ParseTemplate Behavior ::run [ RunTime:0.020536s ]
INFO: [ view_parse ] --END-- [ RunTime:0.020672s ]
INFO: [ view_filter ] --START--
INFO: ContentReplace Behavior ::run [ RunTime:0.001095s ]
INFO: TokenBuild Behavior ::run [ RunTime:0.001054s ]
INFO: WriteHtmlCache Behavior ::run [ RunTime:0.000903s ]
INFO: ShowRuntime Behavior ::run [ RunTime:0.001156s ]
INFO: [ view_filter ] --END-- [ RunTime:0.004424s ]
NOTIC: [2] Cannot modify header information - headers already sent by (output started at F:\www\1\Blog\Common\common.php:11) F:\www\1\ThinkPHP\Lib\Core\View.class.php 第 95 行.
NOTIC: [2] Cannot modify header information - headers already sent by (output started at F:\www\1\Blog\Common\common.php:11) F:\www\1\ThinkPHP\Lib\Core\View.class.php 第 96 行.
NOTIC: [2] Cannot modify header information - headers already sent by (output started at F:\www\1\Blog\Common\common.php:11) F:\www\1\ThinkPHP\Lib\Core\View.class.php 第 97 行.
INFO: [ view_end ] --START--
INFO: ShowPageTrace Behavior ::run [ RunTime:0.001365s ]
INFO: [ view_end ] --END-- [ RunTime:0.001442s ]

[ 2014-09-04T01:29:57+08:00 ] 127.0.0.1 /1/index.php/Admin/Category/index
INFO: [ route_check ] --START--
INFO: CheckRoute Behavior ::run [ RunTime:0.001130s ]
INFO: [ route_check ] --END-- [ RunTime:0.001247s ]
INFO: [ app_begin ] --START--
INFO: ReadHtmlCache Behavior ::run [ RunTime:0.000710s ]
INFO: [ app_begin ] --END-- [ RunTime:0.000796s ]
SQL: SHOW COLUMNS FROM `pp_cate` [ RunTime:0.003973s ]
SQL: SELECT * FROM `pp_cate` ORDER BY sort ASC  [ RunTime:0.001703s ]
INFO: [ view_parse ] --START--
INFO: ParseTemplate Behavior ::run [ RunTime:0.016087s ]
INFO: [ view_parse ] --END-- [ RunTime:0.016202s ]
INFO: [ view_filter ] --START--
INFO: ContentReplace Behavior ::run [ RunTime:0.000517s ]
INFO: TokenBuild Behavior ::run [ RunTime:0.000502s ]
INFO: WriteHtmlCache Behavior ::run [ RunTime:0.000371s ]
INFO: ShowRuntime Behavior ::run [ RunTime:0.000603s ]
INFO: [ view_filter ] --END-- [ RunTime:0.002204s ]
NOTIC: [2] Cannot modify header information - headers already sent by (output started at F:\www\1\Blog\Common\common.php:11) F:\www\1\ThinkPHP\Lib\Core\View.class.php 第 95 行.
NOTIC: [2] Cannot modify header information - headers already sent by (output started at F:\www\1\Blog\Common\common.php:11) F:\www\1\ThinkPHP\Lib\Core\View.class.php 第 96 行.
NOTIC: [2] Cannot modify header information - headers already sent by (output started at F:\www\1\Blog\Common\common.php:11) F:\www\1\ThinkPHP\Lib\Core\View.class.php 第 97 行.
INFO: [ view_end ] --START--
INFO: ShowPageTrace Behavior ::run [ RunTime:0.000774s ]
INFO: [ view_end ] --END-- [ RunTime:0.000850s ]

[ 2014-09-04T01:31:44+08:00 ] 127.0.0.1 /1/index.php/Admin/Category/index
INFO: [ route_check ] --START--
INFO: CheckRoute Behavior ::run [ RunTime:0.001112s ]
INFO: [ route_check ] --END-- [ RunTime:0.001226s ]
INFO: [ app_begin ] --START--
INFO: ReadHtmlCache Behavior ::run [ RunTime:0.000926s ]
INFO: [ app_begin ] --END-- [ RunTime:0.001011s ]
SQL: SHOW COLUMNS FROM `pp_cate` [ RunTime:0.004717s ]
SQL: SELECT * FROM `pp_cate` ORDER BY sort ASC  [ RunTime:0.000546s ]
INFO: [ view_parse ] --START--
INFO: ParseTemplate Behavior ::run [ RunTime:0.016814s ]
INFO: [ view_parse ] --END-- [ RunTime:0.016934s ]
INFO: [ view_filter ] --START--
INFO: ContentReplace Behavior ::run [ RunTime:0.000526s ]
INFO: TokenBuild Behavior ::run [ RunTime:0.000510s ]
INFO: WriteHtmlCache Behavior ::run [ RunTime:0.000356s ]
INFO: ShowRuntime Behavior ::run [ RunTime:0.000611s ]
INFO: [ view_filter ] --END-- [ RunTime:0.002215s ]
NOTIC: [2] Cannot modify header information - headers already sent by (output started at F:\www\1\Blog\Common\common.php:11) F:\www\1\ThinkPHP\Lib\Core\View.class.php 第 95 行.
NOTIC: [2] Cannot modify header information - headers already sent by (output started at F:\www\1\Blog\Common\common.php:11) F:\www\1\ThinkPHP\Lib\Core\View.class.php 第 96 行.
NOTIC: [2] Cannot modify header information - headers already sent by (output started at F:\www\1\Blog\Common\common.php:11) F:\www\1\ThinkPHP\Lib\Core\View.class.php 第 97 行.
INFO: [ view_end ] --START--
INFO: ShowPageTrace Behavior ::run [ RunTime:0.000783s ]
INFO: [ view_end ] --END-- [ RunTime:0.000860s ]

[ 2014-09-04T01:32:10+08:00 ] 127.0.0.1 /1/index.php/Admin/Category/index
INFO: [ route_check ] --START--
INFO: CheckRoute Behavior ::run [ RunTime:0.001742s ]
INFO: [ route_check ] --END-- [ RunTime:0.001856s ]
INFO: [ app_begin ] --START--
INFO: ReadHtmlCache Behavior ::run [ RunTime:0.001404s ]
INFO: [ app_begin ] --END-- [ RunTime:0.001499s ]
SQL: SHOW COLUMNS FROM `pp_cate` [ RunTime:0.004493s ]
SQL: SELECT * FROM `pp_cate` ORDER BY sort ASC  [ RunTime:0.001546s ]
INFO: [ view_parse ] --START--
INFO: ParseTemplate Behavior ::run [ RunTime:0.018627s ]
INFO: [ view_parse ] --END-- [ RunTime:0.018746s ]
INFO: [ view_filter ] --START--
INFO: ContentReplace Behavior ::run [ RunTime:0.001071s ]
INFO: TokenBuild Behavior ::run [ RunTime:0.001109s ]
INFO: WriteHtmlCache Behavior ::run [ RunTime:0.001081s ]
INFO: ShowRuntime Behavior ::run [ RunTime:0.001160s ]
INFO: [ view_filter ] --END-- [ RunTime:0.004659s ]
INFO: [ view_end ] --START--
INFO: ShowPageTrace Behavior ::run [ RunTime:0.001482s ]
INFO: [ view_end ] --END-- [ RunTime:0.001562s ]

