[ 2014-12-20T03:14:43+08:00 ] 127.0.0.1 /1/index.php
INFO: [ app_begin ] --START--
INFO: ReadHtmlCache Behavior ::run [ RunTime:0.016579s ]
INFO: [ app_begin ] --END-- [ RunTime:0.016803s ]
NOTIC: [2] mysql_connect() [<a href='function.mysql-connect'>function.mysql-connect</a>]: Lost connection to MySQL server at 'reading initial communication packet', system error: 0 F:\www\1\ThinkPHP\Lib\Driver\Db\DbMysql.class.php 第 55 行.
ERR: Lost connection to MySQL server at 'reading initial communication packet', system error: 0

[ 2014-12-20T03:24:31+08:00 ] 127.0.0.1 /1/index.php
INFO: [ app_begin ] --START--
INFO: ReadHtmlCache Behavior ::run [ RunTime:0.004606s ]
INFO: [ app_begin ] --END-- [ RunTime:0.004838s ]
SQL: SHOW COLUMNS FROM `pp_cate` [ RunTime:0.397323s ]
SQL: SELECT * FROM `pp_cate`  [ RunTime:0.047911s ]
SQL: SHOW COLUMNS FROM `pp_blog` [ RunTime:0.067287s ]
SQL: SELECT * FROM `pp_blog` WHERE ( `click` > 100 ) ORDER BY click desc  [ RunTime:0.062324s ]
SQL: SELECT * FROM `pp_blog` WHERE ( `time` > 1418930670 ) ORDER BY time desc  [ RunTime:0.000786s ]
SQL: SHOW COLUMNS FROM `pp_blog` [ RunTime:0.033555s ]
SQL: SELECT * FROM `pp_blog` LIMIT 4   [ RunTime:0.002700s ]
SQL: SHOW COLUMNS FROM `pp_attr` [ RunTime:0.149218s ]
NOTIC: [8] Undefined index:  mapping_order F:\www\1\ThinkPHP\Extend\Model\RelationModel.class.php 第 188 行.
NOTIC: [8] Undefined index:  mapping_limit F:\www\1\ThinkPHP\Extend\Model\RelationModel.class.php 第 189 行.
SQL: SELECT b.* FROM pp_blog_attr AS a, pp_attr AS b WHERE a.aid = b.id AND a. bid='79' [ RunTime:0.030400s ]
SQL: SHOW COLUMNS FROM `pp_cate` [ RunTime:0.012243s ]
SQL: SELECT `name` FROM `pp_cate` WHERE ( 1=1 AND id='7' ) LIMIT 1   [ RunTime:0.000864s ]
NOTIC: [8] Undefined index:  mapping_order F:\www\1\ThinkPHP\Extend\Model\RelationModel.class.php 第 188 行.
NOTIC: [8] Undefined index:  mapping_limit F:\www\1\ThinkPHP\Extend\Model\RelationModel.class.php 第 189 行.
SQL: SELECT b.* FROM pp_blog_attr AS a, pp_attr AS b WHERE a.aid = b.id AND a. bid='80' [ RunTime:0.000788s ]
SQL: SELECT `name` FROM `pp_cate` WHERE ( 1=1 AND id='7' ) LIMIT 1   [ RunTime:0.000616s ]
NOTIC: [8] Undefined index:  mapping_order F:\www\1\ThinkPHP\Extend\Model\RelationModel.class.php 第 188 行.
NOTIC: [8] Undefined index:  mapping_limit F:\www\1\ThinkPHP\Extend\Model\RelationModel.class.php 第 189 行.
SQL: SELECT b.* FROM pp_blog_attr AS a, pp_attr AS b WHERE a.aid = b.id AND a. bid='81' [ RunTime:0.000666s ]
SQL: SELECT `name` FROM `pp_cate` WHERE ( 1=1 AND id='9' ) LIMIT 1   [ RunTime:0.000640s ]
NOTIC: [8] Undefined index:  mapping_order F:\www\1\ThinkPHP\Extend\Model\RelationModel.class.php 第 188 行.
NOTIC: [8] Undefined index:  mapping_limit F:\www\1\ThinkPHP\Extend\Model\RelationModel.class.php 第 189 行.
SQL: SELECT b.* FROM pp_blog_attr AS a, pp_attr AS b WHERE a.aid = b.id AND a. bid='82' [ RunTime:0.000709s ]
SQL: SELECT `name` FROM `pp_cate` WHERE ( 1=1 AND id='9' ) LIMIT 1   [ RunTime:0.000597s ]
INFO: [ view_parse ] --START--
INFO: ParseTemplate Behavior ::run [ RunTime:0.226826s ]
INFO: [ view_parse ] --END-- [ RunTime:0.227070s ]
INFO: [ view_filter ] --START--
INFO: ContentReplace Behavior ::run [ RunTime:0.003185s ]
INFO: TokenBuild Behavior ::run [ RunTime:0.003128s ]
INFO: WriteHtmlCache Behavior ::run [ RunTime:0.002747s ]
INFO: ShowRuntime Behavior ::run [ RunTime:0.003554s ]
INFO: [ view_filter ] --END-- [ RunTime:0.013133s ]
INFO: [ view_end ] --START--
INFO: ShowPageTrace Behavior ::run [ RunTime:0.004315s ]
INFO: [ view_end ] --END-- [ RunTime:0.004507s ]

[ 2014-12-20T03:46:33+08:00 ] 127.0.0.1 /1/index.php
INFO: [ app_begin ] --START--
INFO: ReadHtmlCache Behavior ::run [ RunTime:0.016642s ]
INFO: [ app_begin ] --END-- [ RunTime:0.064054s ]
SQL: SHOW COLUMNS FROM `pp_cate` [ RunTime:0.461927s ]
SQL: SELECT * FROM `pp_cate`  [ RunTime:0.125664s ]
SQL: SHOW COLUMNS FROM `pp_blog` [ RunTime:0.009488s ]
SQL: SELECT * FROM `pp_blog` WHERE ( `click` > 100 ) ORDER BY click desc  [ RunTime:0.136968s ]
SQL: SELECT * FROM `pp_blog` WHERE ( `time` > 1418931992 ) ORDER BY time desc  [ RunTime:0.000969s ]
SQL: SHOW COLUMNS FROM `pp_blog` [ RunTime:0.009560s ]
SQL: SELECT * FROM `pp_blog` LIMIT 4   [ RunTime:0.004075s ]
SQL: SHOW COLUMNS FROM `pp_attr` [ RunTime:0.009165s ]
NOTIC: [8] Undefined index:  mapping_order F:\www\1\ThinkPHP\Extend\Model\RelationModel.class.php 第 188 行.
NOTIC: [8] Undefined index:  mapping_limit F:\www\1\ThinkPHP\Extend\Model\RelationModel.class.php 第 189 行.
SQL: SELECT b.* FROM pp_blog_attr AS a, pp_attr AS b WHERE a.aid = b.id AND a. bid='79' [ RunTime:0.033755s ]
SQL: SHOW COLUMNS FROM `pp_cate` [ RunTime:0.011564s ]
SQL: SELECT `name` FROM `pp_cate` WHERE ( 1=1 AND id='7' ) LIMIT 1   [ RunTime:0.000773s ]
NOTIC: [8] Undefined index:  mapping_order F:\www\1\ThinkPHP\Extend\Model\RelationModel.class.php 第 188 行.
NOTIC: [8] Undefined index:  mapping_limit F:\www\1\ThinkPHP\Extend\Model\RelationModel.class.php 第 189 行.
SQL: SELECT b.* FROM pp_blog_attr AS a, pp_attr AS b WHERE a.aid = b.id AND a. bid='80' [ RunTime:0.000762s ]
SQL: SELECT `name` FROM `pp_cate` WHERE ( 1=1 AND id='7' ) LIMIT 1   [ RunTime:0.000688s ]
NOTIC: [8] Undefined index:  mapping_order F:\www\1\ThinkPHP\Extend\Model\RelationModel.class.php 第 188 行.
NOTIC: [8] Undefined index:  mapping_limit F:\www\1\ThinkPHP\Extend\Model\RelationModel.class.php 第 189 行.
SQL: SELECT b.* FROM pp_blog_attr AS a, pp_attr AS b WHERE a.aid = b.id AND a. bid='81' [ RunTime:0.000658s ]
SQL: SELECT `name` FROM `pp_cate` WHERE ( 1=1 AND id='9' ) LIMIT 1   [ RunTime:0.000608s ]
NOTIC: [8] Undefined index:  mapping_order F:\www\1\ThinkPHP\Extend\Model\RelationModel.class.php 第 188 行.
NOTIC: [8] Undefined index:  mapping_limit F:\www\1\ThinkPHP\Extend\Model\RelationModel.class.php 第 189 行.
SQL: SELECT b.* FROM pp_blog_attr AS a, pp_attr AS b WHERE a.aid = b.id AND a. bid='82' [ RunTime:0.000664s ]
SQL: SELECT `name` FROM `pp_cate` WHERE ( 1=1 AND id='9' ) LIMIT 1   [ RunTime:0.000626s ]
INFO: [ view_parse ] --START--
INFO: ParseTemplate Behavior ::run [ RunTime:0.438065s ]
INFO: [ view_parse ] --END-- [ RunTime:0.438291s ]
INFO: [ view_filter ] --START--
INFO: ContentReplace Behavior ::run [ RunTime:0.009712s ]
INFO: TokenBuild Behavior ::run [ RunTime:0.005583s ]
INFO: WriteHtmlCache Behavior ::run [ RunTime:0.001967s ]
INFO: ShowRuntime Behavior ::run [ RunTime:0.003182s ]
INFO: [ view_filter ] --END-- [ RunTime:0.020940s ]
INFO: [ view_end ] --START--
INFO: ShowPageTrace Behavior ::run [ RunTime:0.003593s ]
INFO: [ view_end ] --END-- [ RunTime:0.003779s ]

