[ 2014-12-14T22:31:09+08:00 ] 127.0.0.1 /1/index.php
INFO: [ app_begin ] --START--
INFO: ReadHtmlCache Behavior ::run [ RunTime:0.004212s ]
INFO: [ app_begin ] --END-- [ RunTime:0.004427s ]
SQL: SHOW COLUMNS FROM `pp_cate` [ RunTime:0.693504s ]
SQL: SELECT * FROM `pp_cate`  [ RunTime:0.111959s ]
SQL: SHOW COLUMNS FROM `pp_blog` [ RunTime:0.115448s ]
SQL: SELECT * FROM `pp_blog` WHERE ( `click` > 100 ) ORDER BY click desc  [ RunTime:0.082120s ]
SQL: SELECT * FROM `pp_blog` WHERE ( `time` > 1418481068 ) ORDER BY time desc  [ RunTime:0.000905s ]
SQL: SHOW COLUMNS FROM `pp_blog` [ RunTime:0.011767s ]
SQL: SELECT * FROM `pp_blog` LIMIT 4   [ RunTime:0.005034s ]
SQL: SHOW COLUMNS FROM `pp_attr` [ RunTime:0.240356s ]
NOTIC: [8] Undefined index:  mapping_order F:\www\1\ThinkPHP\Extend\Model\RelationModel.class.php 第 188 行.
NOTIC: [8] Undefined index:  mapping_limit F:\www\1\ThinkPHP\Extend\Model\RelationModel.class.php 第 189 行.
SQL: SELECT b.* FROM pp_blog_attr AS a, pp_attr AS b WHERE a.aid = b.id AND a. bid='79' [ RunTime:0.029514s ]
SQL: SHOW COLUMNS FROM `pp_cate` [ RunTime:0.025038s ]
SQL: SELECT `name` FROM `pp_cate` WHERE ( 1=1 AND id='7' ) LIMIT 1   [ RunTime:0.004268s ]
NOTIC: [8] Undefined index:  mapping_order F:\www\1\ThinkPHP\Extend\Model\RelationModel.class.php 第 188 行.
NOTIC: [8] Undefined index:  mapping_limit F:\www\1\ThinkPHP\Extend\Model\RelationModel.class.php 第 189 行.
SQL: SELECT b.* FROM pp_blog_attr AS a, pp_attr AS b WHERE a.aid = b.id AND a. bid='80' [ RunTime:0.000844s ]
SQL: SELECT `name` FROM `pp_cate` WHERE ( 1=1 AND id='7' ) LIMIT 1   [ RunTime:0.000662s ]
NOTIC: [8] Undefined index:  mapping_order F:\www\1\ThinkPHP\Extend\Model\RelationModel.class.php 第 188 行.
NOTIC: [8] Undefined index:  mapping_limit F:\www\1\ThinkPHP\Extend\Model\RelationModel.class.php 第 189 行.
SQL: SELECT b.* FROM pp_blog_attr AS a, pp_attr AS b WHERE a.aid = b.id AND a. bid='81' [ RunTime:0.000725s ]
SQL: SELECT `name` FROM `pp_cate` WHERE ( 1=1 AND id='9' ) LIMIT 1   [ RunTime:0.000695s ]
NOTIC: [8] Undefined index:  mapping_order F:\www\1\ThinkPHP\Extend\Model\RelationModel.class.php 第 188 行.
NOTIC: [8] Undefined index:  mapping_limit F:\www\1\ThinkPHP\Extend\Model\RelationModel.class.php 第 189 行.
SQL: SELECT b.* FROM pp_blog_attr AS a, pp_attr AS b WHERE a.aid = b.id AND a. bid='82' [ RunTime:0.000757s ]
SQL: SELECT `name` FROM `pp_cate` WHERE ( 1=1 AND id='9' ) LIMIT 1   [ RunTime:0.000653s ]
INFO: [ view_parse ] --START--
INFO: ParseTemplate Behavior ::run [ RunTime:0.197847s ]
INFO: [ view_parse ] --END-- [ RunTime:0.198074s ]
INFO: [ view_filter ] --START--
INFO: ContentReplace Behavior ::run [ RunTime:0.003164s ]
INFO: TokenBuild Behavior ::run [ RunTime:0.052441s ]
INFO: WriteHtmlCache Behavior ::run [ RunTime:0.002246s ]
INFO: ShowRuntime Behavior ::run [ RunTime:0.003716s ]
INFO: [ view_filter ] --END-- [ RunTime:0.062097s ]
INFO: [ view_end ] --START--
INFO: ShowPageTrace Behavior ::run [ RunTime:0.004260s ]
INFO: [ view_end ] --END-- [ RunTime:0.004456s ]

[ 2014-12-14T22:31:40+08:00 ] 127.0.0.1 /1/index.php/Index/List/index.html
INFO: [ route_check ] --START--
INFO: CheckRoute Behavior ::run [ RunTime:0.038018s ]
INFO: [ route_check ] --END-- [ RunTime:0.038291s ]
INFO: [ app_begin ] --START--
INFO: ReadHtmlCache Behavior ::run [ RunTime:0.003418s ]
INFO: [ app_begin ] --END-- [ RunTime:0.003711s ]
NOTIC: [2048] Declaration of ListAction::show() should be compatible with that of Action::show() F:\www\1\Blog\Applications\Index\action\ListAction.class.php 第 3 行.
SQL: SHOW COLUMNS FROM `pp_cate` [ RunTime:0.039848s ]
SQL: SELECT * FROM `pp_cate`  [ RunTime:0.003964s ]
SQL: SHOW COLUMNS FROM `pp_blog` [ RunTime:0.011073s ]
SQL: SELECT * FROM `pp_blog` WHERE ( `click` > 100 ) ORDER BY click desc  [ RunTime:0.003450s ]
SQL: SELECT * FROM `pp_blog` WHERE ( `time` > 1418481100 ) ORDER BY time desc  [ RunTime:0.000806s ]
SQL: SHOW COLUMNS FROM `pp_blog` [ RunTime:0.010365s ]
SQL: SELECT COUNT(*) AS tp_count FROM `pp_blog` LIMIT 1   [ RunTime:0.039662s ]
SQL: SELECT * FROM `pp_blog` ORDER BY time desc LIMIT 0,6   [ RunTime:0.001190s ]
SQL: SHOW COLUMNS FROM `pp_attr` [ RunTime:0.009412s ]
NOTIC: [8] Undefined index:  mapping_order F:\www\1\ThinkPHP\Extend\Model\RelationModel.class.php 第 188 行.
NOTIC: [8] Undefined index:  mapping_limit F:\www\1\ThinkPHP\Extend\Model\RelationModel.class.php 第 189 行.
SQL: SELECT b.* FROM pp_blog_attr AS a, pp_attr AS b WHERE a.aid = b.id AND a. bid='86' [ RunTime:0.005182s ]
SQL: SHOW COLUMNS FROM `pp_cate` [ RunTime:0.009635s ]
SQL: SELECT `name` FROM `pp_cate` WHERE ( 1=1 AND id='9' ) LIMIT 1   [ RunTime:0.005523s ]
NOTIC: [8] Undefined index:  mapping_order F:\www\1\ThinkPHP\Extend\Model\RelationModel.class.php 第 188 行.
NOTIC: [8] Undefined index:  mapping_limit F:\www\1\ThinkPHP\Extend\Model\RelationModel.class.php 第 189 行.
SQL: SELECT b.* FROM pp_blog_attr AS a, pp_attr AS b WHERE a.aid = b.id AND a. bid='85' [ RunTime:0.000891s ]
SQL: SELECT `name` FROM `pp_cate` WHERE ( 1=1 AND id='9' ) LIMIT 1   [ RunTime:0.000622s ]
NOTIC: [8] Undefined index:  mapping_order F:\www\1\ThinkPHP\Extend\Model\RelationModel.class.php 第 188 行.
NOTIC: [8] Undefined index:  mapping_limit F:\www\1\ThinkPHP\Extend\Model\RelationModel.class.php 第 189 行.
SQL: SELECT b.* FROM pp_blog_attr AS a, pp_attr AS b WHERE a.aid = b.id AND a. bid='84' [ RunTime:0.000749s ]
SQL: SELECT `name` FROM `pp_cate` WHERE ( 1=1 AND id='7' ) LIMIT 1   [ RunTime:0.000719s ]
NOTIC: [8] Undefined index:  mapping_order F:\www\1\ThinkPHP\Extend\Model\RelationModel.class.php 第 188 行.
NOTIC: [8] Undefined index:  mapping_limit F:\www\1\ThinkPHP\Extend\Model\RelationModel.class.php 第 189 行.
SQL: SELECT b.* FROM pp_blog_attr AS a, pp_attr AS b WHERE a.aid = b.id AND a. bid='83' [ RunTime:0.000765s ]
SQL: SELECT `name` FROM `pp_cate` WHERE ( 1=1 AND id='0' ) LIMIT 1   [ RunTime:0.000596s ]
NOTIC: [8] Undefined index:  mapping_order F:\www\1\ThinkPHP\Extend\Model\RelationModel.class.php 第 188 行.
NOTIC: [8] Undefined index:  mapping_limit F:\www\1\ThinkPHP\Extend\Model\RelationModel.class.php 第 189 行.
SQL: SELECT b.* FROM pp_blog_attr AS a, pp_attr AS b WHERE a.aid = b.id AND a. bid='82' [ RunTime:0.000789s ]
SQL: SELECT `name` FROM `pp_cate` WHERE ( 1=1 AND id='9' ) LIMIT 1   [ RunTime:0.000571s ]
NOTIC: [8] Undefined index:  mapping_order F:\www\1\ThinkPHP\Extend\Model\RelationModel.class.php 第 188 行.
NOTIC: [8] Undefined index:  mapping_limit F:\www\1\ThinkPHP\Extend\Model\RelationModel.class.php 第 189 行.
SQL: SELECT b.* FROM pp_blog_attr AS a, pp_attr AS b WHERE a.aid = b.id AND a. bid='81' [ RunTime:0.000601s ]
SQL: SELECT `name` FROM `pp_cate` WHERE ( 1=1 AND id='9' ) LIMIT 1   [ RunTime:0.000582s ]
INFO: [ view_parse ] --START--
INFO: ParseTemplate Behavior ::run [ RunTime:0.085027s ]
INFO: [ view_parse ] --END-- [ RunTime:0.085241s ]
INFO: [ view_filter ] --START--
INFO: ContentReplace Behavior ::run [ RunTime:0.002763s ]
INFO: TokenBuild Behavior ::run [ RunTime:0.002793s ]
INFO: WriteHtmlCache Behavior ::run [ RunTime:0.002859s ]
INFO: ShowRuntime Behavior ::run [ RunTime:0.002680s ]
INFO: [ view_filter ] --END-- [ RunTime:0.011577s ]
INFO: [ view_end ] --START--
INFO: ShowPageTrace Behavior ::run [ RunTime:0.002752s ]
INFO: [ view_end ] --END-- [ RunTime:0.002907s ]

[ 2014-12-14T22:31:40+08:00 ] 127.0.0.1 /1/index.php/Index/List/js/silder.js
INFO: [ route_check ] --START--
INFO: CheckRoute Behavior ::run [ RunTime:0.003541s ]
INFO: [ route_check ] --END-- [ RunTime:0.003754s ]
INFO: [ app_begin ] --START--
INFO: ReadHtmlCache Behavior ::run [ RunTime:0.002730s ]
INFO: [ app_begin ] --END-- [ RunTime:0.002909s ]
NOTIC: [2048] Declaration of ListAction::show() should be compatible with that of Action::show() F:\www\1\Blog\Applications\Index\action\ListAction.class.php 第 3 行.
SQL: SHOW COLUMNS FROM `pp_cate` [ RunTime:0.009137s ]
SQL: SELECT * FROM `pp_cate`  [ RunTime:0.004069s ]
SQL: SHOW COLUMNS FROM `pp_blog` [ RunTime:0.009659s ]
SQL: SELECT * FROM `pp_blog` WHERE ( `click` > 100 ) ORDER BY click desc  [ RunTime:0.003190s ]
SQL: SELECT * FROM `pp_blog` WHERE ( `time` > 1418481100 ) ORDER BY time desc  [ RunTime:0.000721s ]
ERR: 非法操作:js

